[    0.000000] Initializing cgroup subsys cpuset
[    0.000000] Initializing cgroup subsys cpu
[    0.000000] Initializing cgroup subsys cpuacct
[    0.000000] Linux version 4.4.0-209-generic (buildd@lcy01-amd64-019) (gcc version 5.4.0 20160609 (Ubuntu 5.4.0-6ubuntu1~16.04.12) ) #241-Ubuntu SMP Tue Apr 13 01:06:06 UTC 2021 (Ubuntu 4.4.0-209.241-generic 4.4.262)
[    0.000000] Command line: BOOT_IMAGE=/boot/vmlinuz-4.4.0-209-generic root=LABEL=cloudimg-rootfs ro console=tty1 console=ttyS0
[    0.000000] KERNEL supported cpus:
[    0.000000]   Intel GenuineIntel
[    0.000000]   AMD AuthenticAMD
[    0.000000]   Centaur CentaurHauls
[    0.000000] x86/fpu: xstate_offset[2]:  576, xstate_sizes[2]:  256
[    0.000000] x86/fpu: Supporting XSAVE feature 0x01: 'x87 floating point registers'
[    0.000000] x86/fpu: Supporting XSAVE feature 0x02: 'SSE registers'
[    0.000000] x86/fpu: Supporting XSAVE feature 0x04: 'AVX registers'
[    0.000000] x86/fpu: Enabled xstate features 0x7, context size is 832 bytes, using 'standard' format.
[    0.000000] e820: BIOS-provided physical RAM map:
[    0.000000] BIOS-e820: [mem 0x0000000000000000-0x000000000009fbff] usable
[    0.000000] BIOS-e820: [mem 0x000000000009fc00-0x000000000009ffff] reserved
[    0.000000] BIOS-e820: [mem 0x00000000000f0000-0x00000000000fffff] reserved
[    0.000000] BIOS-e820: [mem 0x0000000000100000-0x000000001ffeffff] usable
[    0.000000] BIOS-e820: [mem 0x000000001fff0000-0x000000001fffffff] ACPI data
[    0.000000] BIOS-e820: [mem 0x00000000fec00000-0x00000000fec00fff] reserved
[    0.000000] BIOS-e820: [mem 0x00000000fee00000-0x00000000fee00fff] reserved
[    0.000000] BIOS-e820: [mem 0x00000000fffc0000-0x00000000ffffffff] reserved
[    0.000000] NX (Execute Disable) protection: active
[    0.000000] SMBIOS 2.5 present.
[    0.000000] Hypervisor detected: KVM
[    0.000000] e820: last_pfn = 0x1fff0 max_arch_pfn = 0x400000000
[    0.000000] MTRR: Disabled
[    0.000000] x86/PAT: MTRRs disabled, skipping PAT initialization too.
[    0.000000] CPU MTRRs all blank - virtualized system.
[    0.000000] x86/PAT: Configuration [0-7]: WB  WT  UC- UC  WB  WT  UC- UC  
[    0.000000] found SMP MP-table at [mem 0x0009fff0-0x0009ffff] mapped at [ffff88000009fff0]
[    0.000000] Scanning 1 areas for low memory corruption
[    0.000000] RAMDISK: [mem 0x1e988000-0x1f811fff]
[    0.000000] ACPI: Early table checksum verification disabled
[    0.000000] ACPI: RSDP 0x00000000000E0000 000024 (v02 VBOX  )
[    0.000000] ACPI: XSDT 0x000000001FFF0030 00003C (v01 VBOX   VBOXXSDT 00000001 ASL  00000061)
[    0.000000] ACPI: FACP 0x000000001FFF00F0 0000F4 (v04 VBOX   VBOXFACP 00000001 ASL  00000061)
[    0.000000] ACPI: DSDT 0x000000001FFF0470 002325 (v02 VBOX   VBOXBIOS 00000002 INTL 20190509)
[    0.000000] ACPI: FACS 0x000000001FFF0200 000040
[    0.000000] ACPI: FACS 0x000000001FFF0200 000040
[    0.000000] ACPI: APIC 0x000000001FFF0240 00005C (v02 VBOX   VBOXAPIC 00000001 ASL  00000061)
[    0.000000] ACPI: SSDT 0x000000001FFF02A0 0001CC (v01 VBOX   VBOXCPUT 00000002 INTL 20190509)
[    0.000000] No NUMA configuration found
[    0.000000] Faking a node at [mem 0x0000000000000000-0x000000001ffeffff]
[    0.000000] NODE_DATA(0) allocated [mem 0x1ffeb000-0x1ffeffff]
[    0.000000] kvm-clock: Using msrs 4b564d01 and 4b564d00
[    0.000000] kvm-clock: cpu 0, msr 0:1ffe3001, primary cpu clock
[    0.000000] kvm-clock: using sched offset of 6163958281 cycles
[    0.000000] clocksource: kvm-clock: mask: 0xffffffffffffffff max_cycles: 0x1cd42e4dffb, max_idle_ns: 881590591483 ns
[    0.000000] Zone ranges:
[    0.000000]   DMA      [mem 0x0000000000001000-0x0000000000ffffff]
[    0.000000]   DMA32    [mem 0x0000000001000000-0x000000001ffeffff]
[    0.000000]   Normal   empty
[    0.000000]   Device   empty
[    0.000000] Movable zone start for each node
[    0.000000] Early memory node ranges
[    0.000000]   node   0: [mem 0x0000000000001000-0x000000000009efff]
[    0.000000]   node   0: [mem 0x0000000000100000-0x000000001ffeffff]
[    0.000000] Initmem setup node 0 [mem 0x0000000000001000-0x000000001ffeffff]
[    0.000000] ACPI: PM-Timer IO Port: 0x4008
[    0.000000] IOAPIC[0]: apic_id 2, version 32, address 0xfec00000, GSI 0-23
[    0.000000] ACPI: INT_SRC_OVR (bus 0 bus_irq 0 global_irq 2 dfl dfl)
[    0.000000] ACPI: INT_SRC_OVR (bus 0 bus_irq 9 global_irq 9 low level)
[    0.000000] Using ACPI (MADT) for SMP configuration information
[    0.000000] smpboot: Allowing 2 CPUs, 0 hotplug CPUs
[    0.000000] PM: Registered nosave memory: [mem 0x00000000-0x00000fff]
[    0.000000] PM: Registered nosave memory: [mem 0x0009f000-0x0009ffff]
[    0.000000] PM: Registered nosave memory: [mem 0x000a0000-0x000effff]
[    0.000000] PM: Registered nosave memory: [mem 0x000f0000-0x000fffff]
[    0.000000] e820: [mem 0x20000000-0xfebfffff] available for PCI devices
[    0.000000] Booting paravirtualized kernel on KVM
[    0.000000] clocksource: refined-jiffies: mask: 0xffffffff max_cycles: 0xffffffff, max_idle_ns: 7645519600211568 ns
[    0.000000] setup_percpu: NR_CPUS:512 nr_cpumask_bits:512 nr_cpu_ids:2 nr_node_ids:1
[    0.000000] PERCPU: Embedded 33 pages/cpu @ffff88001fc00000 s95192 r8192 d31784 u1048576
[    0.000000] Built 1 zonelists in Node order, mobility grouping on.  Total pages: 128888
[    0.000000] Policy zone: DMA32
[    0.000000] Kernel command line: BOOT_IMAGE=/boot/vmlinuz-4.4.0-209-generic root=LABEL=cloudimg-rootfs ro console=tty1 console=ttyS0
[    0.000000] PID hash table entries: 2048 (order: 2, 16384 bytes)
[    0.000000] Memory: 481712K/523832K available (8644K kernel code, 1332K rwdata, 4044K rodata, 1492K init, 1164K bss, 42120K reserved, 0K cma-reserved)
[    0.000000] SLUB: HWalign=64, Order=0-3, MinObjects=0, CPUs=2, Nodes=1
[    0.000000] Kernel/User page tables isolation: enabled
[    0.000000] Hierarchical RCU implementation.
[    0.000000] 	Build-time adjustment of leaf fanout to 64.
[    0.000000] 	RCU restricting CPUs from NR_CPUS=512 to nr_cpu_ids=2.
[    0.000000] RCU: Adjusting geometry for rcu_fanout_leaf=64, nr_cpu_ids=2
[    0.000000] NR_IRQS:33024 nr_irqs:440 16
[    0.000000] Console: colour VGA+ 80x25
[    0.000000] console [tty1] enabled
[    0.000000] console [ttyS0] enabled
[    0.000000] tsc: Detected 2992.880 MHz processor
[    1.024529] Calibrating delay loop (skipped) preset value.. 5985.76 BogoMIPS (lpj=11971520)
[    1.038603] pid_max: default: 32768 minimum: 301
[    1.045837] ACPI: Core revision 20150930
[    1.053218] ACPI: 2 ACPI AML tables successfully acquired and loaded
[    1.064445] Security Framework initialized
[    1.072262] Yama: becoming mindful.
[    1.079208] AppArmor: AppArmor initialized
[    1.086749] Dentry cache hash table entries: 65536 (order: 7, 524288 bytes)
[    1.097611] Inode-cache hash table entries: 32768 (order: 6, 262144 bytes)
[    1.108942] Mount-cache hash table entries: 1024 (order: 1, 8192 bytes)
[    1.120082] Mountpoint-cache hash table entries: 1024 (order: 1, 8192 bytes)
[    1.133129] Initializing cgroup subsys io
[    1.141003] Initializing cgroup subsys memory
[    1.149935] Initializing cgroup subsys devices
[    1.159312] Initializing cgroup subsys freezer
[    1.167908] Initializing cgroup subsys net_cls
[    1.176315] Initializing cgroup subsys perf_event
[    1.185563] Initializing cgroup subsys net_prio
[    1.194678] Initializing cgroup subsys hugetlb
[    1.203761] Initializing cgroup subsys pids
[    1.214097] mce: CPU supports 0 MCE banks
[    1.221215] Last level iTLB entries: 4KB 64, 2MB 8, 4MB 8
[    1.229836] Last level dTLB entries: 4KB 64, 2MB 0, 4MB 0, 1GB 4
[    1.238995] Spectre V1 : Mitigation: usercopy/swapgs barriers and __user pointer sanitization
[    1.253455] Spectre V2 : Mitigation: Full generic retpoline
[    1.262399] Spectre V2 : Spectre v2 / SpectreRSB mitigation: Filling RSB on context switch
[    1.277691] Speculative Store Bypass: Vulnerable
[    1.286668] MDS: Mitigation: Clear CPU buffers
[    1.337566] Freeing SMP alternatives memory: 36K
[    1.430621] ftrace: allocating 32380 entries in 127 pages
[    2.019533] smpboot: APIC(0) Converting physical 0 to logical package 0
[    2.030645] smpboot: Max logical packages: 1
[    2.040064] x2apic enabled
[    2.047487] Switched APIC routing to physical x2apic.
[    2.065211] ..TIMER: vector=0x30 apic1=0 pin1=2 apic2=-1 pin2=-1
[    2.184364] smpboot: CPU0: Intel(R) Xeon(R) Gold 6248R CPU @ 3.00GHz (family: 0x6, model: 0x4f, stepping: 0x0)
[    2.202347] Performance Events: unsupported p6 CPU model 79 no PMU driver, software events only.
[    2.306923] KVM setup paravirtual spinlock
[    2.316615] x86: Booting SMP configuration:
[    2.325319] .... node  #0, CPUs:      #1
[    2.335170] kvm-clock: cpu 1, msr 0:1ffe3041, secondary cpu clock
[    2.343481] mce: CPU supports 0 MCE banks
[    2.349966] x86: Booted up 1 node, 2 CPUs
[    2.359392] smpboot: Total of 2 processors activated (11971.52 BogoMIPS)
[    2.375456] devtmpfs: initialized
[    2.383662] evm: security.selinux
[    2.390227] evm: security.SMACK64
[    2.396951] evm: security.SMACK64EXEC
[    2.404343] evm: security.SMACK64TRANSMUTE
[    2.411980] evm: security.SMACK64MMAP
[    2.418637] evm: security.ima
[    2.424784] evm: security.capability
[    2.431893] clocksource: jiffies: mask: 0xffffffff max_cycles: 0xffffffff, max_idle_ns: 7645041785100000 ns
[    2.447577] futex hash table entries: 512 (order: 3, 32768 bytes)
[    2.457678] pinctrl core: initialized pinctrl subsystem
[    2.466532] RTC time: 14:03:53, date: 05/23/21
[    2.474723] NET: Registered protocol family 16
[    2.492039] cpuidle: using governor ladder
[    2.508390] cpuidle: using governor menu
[    2.515457] PCCT header not found.
[    2.522009] ACPI: bus type PCI registered
[    2.529327] acpiphp: ACPI Hot Plug PCI Controller Driver version: 0.5
[    2.539740] PCI: Using configuration type 1 for base access
[    2.562588] ACPI: Added _OSI(Module Device)
[    2.570040] ACPI: Added _OSI(Processor Device)
[    2.577939] ACPI: Added _OSI(3.0 _SCP Extensions)
[    2.586067] ACPI: Added _OSI(Processor Aggregator Device)
[    2.596751] ACPI: Executed 1 blocks of module-level executable AML code
[    2.612126] ACPI: Interpreter enabled
[    2.619055] ACPI: (supports S0 S5)
[    2.625705] ACPI: Using IOAPIC for interrupt routing
[    2.634511] PCI: Using host bridge windows from ACPI; if necessary, use "pci=nocrs" and report a bug
[    2.659568] ACPI: PCI Root Bridge [PCI0] (domain 0000 [bus 00-ff])
[    2.669273] acpi PNP0A03:00: _OSC: OS supports [ASPM ClockPM Segments MSI]
[    2.681157] acpi PNP0A03:00: _OSC: not requesting OS control; OS requires [ExtendedConfig ASPM ClockPM MSI]
[    2.697193] acpi PNP0A03:00: fail to add MMCONFIG information, can't access extended PCI configuration space under this bridge.
[    2.716699] PCI host bridge to bus 0000:00
[    2.723975] pci_bus 0000:00: root bus resource [io  0x0000-0x0cf7 window]
[    2.734462] pci_bus 0000:00: root bus resource [io  0x0d00-0xffff window]
[    2.744566] pci_bus 0000:00: root bus resource [mem 0x000a0000-0x000bffff window]
[    2.757824] pci_bus 0000:00: root bus resource [mem 0x20000000-0xfdffffff window]
[    2.770561] pci_bus 0000:00: root bus resource [bus 00-ff]
[    2.792033] pci 0000:00:01.1: legacy IDE quirk: reg 0x10: [io  0x01f0-0x01f7]
[    2.802817] pci 0000:00:01.1: legacy IDE quirk: reg 0x14: [io  0x03f6]
[    2.813384] pci 0000:00:01.1: legacy IDE quirk: reg 0x18: [io  0x0170-0x0177]
[    2.824699] pci 0000:00:01.1: legacy IDE quirk: reg 0x1c: [io  0x0376]
[    3.029432] pci 0000:00:07.0: quirk: [io  0x4000-0x403f] claimed by PIIX4 ACPI
[    3.044169] pci 0000:00:07.0: quirk: [io  0x4100-0x410f] claimed by PIIX4 SMB
[    3.130167] ACPI: PCI Interrupt Link [LNKA] (IRQs 5 9 10 *11)
[    3.146067] ACPI: PCI Interrupt Link [LNKB] (IRQs 5 9 *10 11)
[    3.160508] ACPI: PCI Interrupt Link [LNKC] (IRQs 5 *9 10 11)
[    3.175544] ACPI: PCI Interrupt Link [LNKD] (IRQs 5 9 10 *11)
[    3.190455] ACPI: Enabled 2 GPEs in block 00 to 07
[    3.204323] vgaarb: setting as boot device: PCI:0000:00:02.0
[    3.213319] vgaarb: device added: PCI:0000:00:02.0,decodes=io+mem,owns=io+mem,locks=none
[    3.227123] vgaarb: loaded
[    3.232984] vgaarb: bridge control possible 0000:00:02.0
[    3.242664] SCSI subsystem initialized
[    3.250524] ACPI: bus type USB registered
[    3.258535] usbcore: registered new interface driver usbfs
[    3.267312] usbcore: registered new interface driver hub
[    3.275949] usbcore: registered new device driver usb
[    3.285392] PCI: Using ACPI for IRQ routing
[    3.295189] NetLabel: Initializing
[    3.301700] NetLabel:  domain hash size = 128
[    3.309509] NetLabel:  protocols = UNLABELED CIPSOv4
[    3.317897] NetLabel:  unlabeled traffic allowed by default
[    3.327724] amd_nb: Cannot enumerate AMD northbridges
[    3.336713] clocksource: Switched to clocksource kvm-clock
[    3.363381] AppArmor: AppArmor Filesystem Enabled
[    3.371655] pnp: PnP ACPI init
[    3.380581] pnp: PnP ACPI: found 3 devices
[    3.417417] clocksource: acpi_pm: mask: 0xffffff max_cycles: 0xffffff, max_idle_ns: 2085701024 ns
[    3.434264] NET: Registered protocol family 2
[    3.444553] TCP established hash table entries: 4096 (order: 3, 32768 bytes)
[    3.456825] TCP bind hash table entries: 4096 (order: 4, 65536 bytes)
[    3.467469] TCP: Hash tables configured (established 4096 bind 4096)
[    3.477788] UDP hash table entries: 256 (order: 1, 8192 bytes)
[    3.487630] UDP-Lite hash table entries: 256 (order: 1, 8192 bytes)
[    3.498163] NET: Registered protocol family 1
[    3.506689] pci 0000:00:00.0: Limiting direct PCI/PCI transfers
[    3.517568] pci 0000:00:01.0: Activating ISA DMA hang workarounds
[    3.531582] Unpacking initramfs...
[    3.887496] Freeing initrd memory: 14888K
[    3.897806] clocksource: tsc: mask: 0xffffffffffffffff max_cycles: 0x2b23ff01ca6, max_idle_ns: 440795218045 ns
[    3.916390] platform rtc_cmos: registered platform RTC device (no PNP device found)
[    3.929485] Scanning for low memory corruption every 60 seconds
[    3.940526] audit: initializing netlink subsys (disabled)
[    3.949718] audit: type=2000 audit(1621778641.037:1): initialized
[    3.959871] Initialise system trusted keyring
[    3.968480] HugeTLB registered 2 MB page size, pre-allocated 0 pages
[    3.980658] zbud: loaded
[    3.987077] VFS: Disk quotas dquot_6.6.0
[    3.994309] VFS: Dquot-cache hash table entries: 512 (order 0, 4096 bytes)
[    4.005353] squashfs: version 4.0 (2009/01/31) Phillip Lougher
[    4.016250] fuse init (API version 7.23)
[    4.023813] Key type big_key registered
[    4.030849] Allocating IMA MOK and blacklist keyrings.
[    4.047391] Key type asymmetric registered
[    4.054982] Asymmetric key parser 'x509' registered
[    4.063573] Block layer SCSI generic (bsg) driver version 0.4 loaded (major 249)
[    4.077817] io scheduler noop registered
[    4.085458] io scheduler deadline registered (default)
[    4.094373] io scheduler cfq registered
[    4.102485] pci_hotplug: PCI Hot Plug PCI Core version: 0.5
[    4.111752] pciehp: PCI Express Hot Plug Controller Driver version: 0.4
[    4.122682] ACPI: AC Adapter [AC] (on-line)
[    4.130122] input: Power Button as /devices/LNXSYSTM:00/LNXPWRBN:00/input/input0
[    4.143766] ACPI: Power Button [PWRF]
[    4.150929] input: Sleep Button as /devices/LNXSYSTM:00/LNXSLPBN:00/input/input1
[    4.164446] ACPI: Sleep Button [SLPF]
[    4.173023] GHES: HEST is not enabled!
[    4.180602] Serial: 8250/16550 driver, 32 ports, IRQ sharing enabled
[    4.219702] 00:02: ttyS0 at I/O 0x3f8 (irq = 4, base_baud = 115200) is a 16550A
[    4.245970] Linux agpgart interface v0.103
[    4.259855] loop: module loaded
[    4.270275] scsi host0: ata_piix
[    4.278999] scsi host1: ata_piix
[    4.285839] ata1: PATA max UDMA/33 cmd 0x1f0 ctl 0x3f6 bmdma 0xd000 irq 14
[    4.296793] ata2: PATA max UDMA/33 cmd 0x170 ctl 0x376 bmdma 0xd008 irq 15
[    4.307740] libphy: Fixed MDIO Bus: probed
[    4.317528] tun: Universal TUN/TAP device driver, 1.6
[    4.326838] tun: (C) 1999-2004 Max Krasnyansky <maxk@qualcomm.com>
[    4.337159] PPP generic driver version 2.4.2
[    4.345469] ehci_hcd: USB 2.0 'Enhanced' Host Controller (EHCI) Driver
[    4.358212] ehci-pci: EHCI PCI platform driver
[    4.367715] ehci-platform: EHCI generic platform driver
[    4.378701] ohci_hcd: USB 1.1 'Open' Host Controller (OHCI) Driver
[    4.391974] ohci-pci: OHCI PCI platform driver
[    4.401725] ohci-platform: OHCI generic platform driver
[    4.412481] uhci_hcd: USB Universal Host Controller Interface driver
[    4.425416] i8042: PNP: PS/2 Controller [PNP0303:PS2K,PNP0f03:PS2M] at 0x60,0x64 irq 1,12
[    4.447428] serio: i8042 KBD port at 0x60,0x64 irq 1
[    4.458988] serio: i8042 AUX port at 0x60,0x64 irq 12
[    4.470107] mousedev: PS/2 mouse device common for all mice
[    4.525249] input: AT Translated Set 2 keyboard as /devices/platform/i8042/serio0/input/input2
[    4.546940] rtc_cmos rtc_cmos: rtc core: registered rtc_cmos as rtc0
[    4.559819] rtc_cmos rtc_cmos: alarms up to one day, 114 bytes nvram
[    4.572699] i2c /dev entries driver
[    4.581173] device-mapper: uevent: version 1.0.3
[    4.591486] device-mapper: ioctl: 4.34.0-ioctl (2015-10-28) initialised: dm-devel@redhat.com
[    4.608623] ledtrig-cpu: registered to indicate activity on CPUs
[    4.622366] NET: Registered protocol family 10
[    4.633056] NET: Registered protocol family 17
[    4.643264] Key type dns_resolver registered
[    4.654003] registered taskstats version 1
[    4.663805] Loading compiled-in X.509 certificates
[    4.679697] Loaded X.509 cert 'Build time autogenerated kernel key: 22d3a5535218f8054ed36ef6cb783aea6be3ac13'
[    4.705602] zswap: loaded using pool lzo/zbud
[    4.726245] Key type trusted registered
[    4.751283] Key type encrypted registered
[    4.761402] AppArmor: AppArmor sha1 policy hashing enabled
[    4.772938] ima: No TPM chip found, activating TPM-bypass!
[    4.783889] ima: Allocated hash algorithm: sha1
[    4.794654] evm: HMAC attrs: 0x1
[    4.806335]   Magic number: 5:719:81
[    4.815199] rtc_cmos rtc_cmos: setting system clock to 2021-05-23 14:03:55 UTC (1621778635)
[    4.833805] BIOS EDD facility v0.16 2004-Jun-25, 0 devices found
[    4.846482] EDD information not available.
[    4.861189] Freeing unused kernel memory: 1492K
[    4.881094] Write protecting the kernel read-only data: 14336k
[    4.897507] Freeing unused kernel memory: 1584K
[    4.908851] Freeing unused kernel memory: 52K
Loading, please wait...
starting version 229
[    4.970391] random: systemd-udevd: uninitialized urandom read (16 bytes read, 5 bits of entropy available)
[    4.973092] random: udevadm: uninitialized urandom read (16 bytes read, 5 bits of entropy available)
[    4.973149] random: udevadm: uninitialized urandom read (16 bytes read, 5 bits of entropy available)
[    4.997363] random: udevadm: uninitialized urandom read (16 bytes read, 5 bits of entropy available)
[    4.997472] random: udevadm: uninitialized urandom read (16 bytes read, 5 bits of entropy available)
[    4.997749] random: udevadm: uninitialized urandom read (16 bytes read, 5 bits of entropy available)
[    4.997860] random: udevadm: uninitialized urandom read (16 bytes read, 5 bits of entropy available)
[    4.998028] random: udevadm: uninitialized urandom read (16 bytes read, 5 bits of entropy available)
[    4.998140] random: udevadm: uninitialized urandom read (16 bytes read, 5 bits of entropy available)
[    4.998225] random: udevadm: uninitialized urandom read (16 bytes read, 5 bits of entropy available)
[    5.232304] e1000: Intel(R) PRO/1000 Network Driver - version 7.3.21-k8-NAPI
[    5.245654] e1000: Copyright (c) 1999-2006 Intel Corporation.
[    5.272627] Fusion MPT base driver 3.04.20
[    5.281438] Copyright (c) 1999-2008 LSI Corporation
[    5.338098] AVX2 version of gcm_enc/dec engaged.
[    5.347346] AES CTR mode by8 optimization enabled
[    5.356893] Fusion MPT SPI Host driver 3.04.20
[    5.514479] input: ImExPS/2 Generic Explorer Mouse as /devices/platform/i8042/serio1/input/input4
[    6.166264] e1000 0000:00:03.0 eth0: (PCI:33MHz:32-bit) 02:b2:7d:35:d4:c1
[    6.177434] e1000 0000:00:03.0 eth0: Intel(R) PRO/1000 Network Connection
[    6.999410] e1000 0000:00:08.0 eth1: (PCI:33MHz:32-bit) 08:00:27:45:18:49
[    7.011521] e1000 0000:00:08.0 eth1: Intel(R) PRO/1000 Network Connection
[    7.027720] mptbase: ioc0: Initiating bringup
[    7.038124] e1000 0000:00:08.0 enp0s8: renamed from eth1
[    7.053416] e1000 0000:00:03.0 enp0s3: renamed from eth0
[    7.190805] ioc0: LSI53C1030 A0: Capabilities={Initiator}
[    9.000455] scsi host2: ioc0: LSI53C1030 A0, FwRev=00000000h, Ports=1, MaxQ=256, IRQ=20
[   10.387287] scsi 2:0:0:0: Direct-Access     VBOX     HARDDISK         1.0  PQ: 0 ANSI: 5
[   10.401272] scsi target2:0:0: Beginning Domain Validation
[   10.418857] scsi target2:0:0: Domain Validation skipping write tests
[   10.431756] scsi target2:0:0: Ending Domain Validation
[   10.441859] scsi target2:0:0: asynchronous
[   10.452891] scsi 2:0:1:0: Direct-Access     VBOX     HARDDISK         1.0  PQ: 0 ANSI: 5
[   10.469232] scsi target2:0:1: Beginning Domain Validation
[   10.488639] scsi target2:0:1: Domain Validation skipping write tests
[   10.591691] scsi target2:0:1: Ending Domain Validation
[   10.600982] scsi target2:0:1: asynchronous
[   10.634847] sd 2:0:0:0: [sda] 83886080 512-byte logical blocks: (42.9 GB/40.0 GiB)
[   10.649856] sd 2:0:0:0: Attached scsi generic sg0 type 0
[   10.661735] sd 2:0:0:0: [sda] Write Protect is off
[   10.670989] sd 2:0:1:0: Attached scsi generic sg1 type 0
[   10.671177] sd 2:0:1:0: [sdb] 20480 512-byte logical blocks: (10.5 MB/10.0 MiB)
[   10.671918] sd 2:0:1:0: [sdb] Write Protect is off
[   10.672450] sd 2:0:1:0: [sdb] Incomplete mode parameter data
[   10.672452] sd 2:0:1:0: [sdb] Assuming drive cache: write through
[   10.675646] sd 2:0:0:0: [sda] Incomplete mode parameter data
[   10.675648] sd 2:0:0:0: [sda] Assuming drive cache: write through
[   10.683064]  sda: sda1
[   10.687027] sd 2:0:1:0: [sdb] Attached SCSI disk
[   10.688892] sd 2:0:0:0: [sda] Attached SCSI disk
Begin: Loading essential drivers ... [   14.969279] md: linear personality registered for level -1
[   14.990125] md: multipath personality registered for level -4
[   15.010908] md: raid0 personality registered for level 0
[   15.050262] md: raid1 personality registered for level 1
[   15.140722] raid6: sse2x1   gen()  3042 MB/s
[   15.216889] raid6: sse2x1   xor()  3942 MB/s
[   15.292899] raid6: sse2x2   gen()  6328 MB/s
[   15.368865] raid6: sse2x2   xor()  4429 MB/s
[   15.448800] raid6: sse2x4   gen() 10291 MB/s
[   15.520840] raid6: sse2x4   xor()  8347 MB/s
[   15.592861] raid6: avx2x1   gen() 15926 MB/s
[   15.664843] raid6: avx2x2   gen() 18959 MB/s
[   15.736839] raid6: avx2x4   gen() 20717 MB/s
[   15.744264] raid6: using algorithm avx2x4 gen() 20717 MB/s
[   15.753310] raid6: using avx2x2 recovery algorithm
[   15.763641] xor: automatically using best checksumming function:
[   16.293116]    avx       : 472865.000 MB/sec
[   16.311622] async_tx: api initialized (async)
[   16.376412] md: raid6 personality registered for level 6
[   16.387628] md: raid5 personality registered for level 5
[   16.398752] md: raid4 personality registered for level 4
[   16.437711] md: raid10 personality registered for level 10
done.
Begin: Running /scripts/init-premount ... done.
Begin: Mounting root file system ... Begin: Running /scripts/local-top ... done.
Begin: Running /scripts/local-premount ... [   16.574578] Btrfs loaded
Scanning for Btrfs filesystems
done.
Warning: fsck not present, so skipping root file system
[   16.697808] EXT4-fs (sda1): mounted filesystem with ordered data mode. Opts: (null)
done.
Begin: Running /scripts/local-bottom ... done.
Begin: Running /scripts/init-bottom ... done.
[   17.512862] systemd[1]: systemd 229 running in system mode. (+PAM +AUDIT +SELINUX +IMA +APPARMOR +SMACK +SYSVINIT +UTMP +LIBCRYPTSETUP +GCRYPT +GNUTLS +ACL +XZ -LZ4 +SECCOMP +BLKID +ELFUTILS +KMOD -IDN)
[   17.541137] systemd[1]: Detected virtualization oracle.
[   17.549910] systemd[1]: Detected architecture x86-64.

Welcome to [1mUbuntu 16.04.7 LTS[0m!

[   17.600140] systemd[1]: Set hostname to <ubuntu>.
[   17.637967] systemd[1]: Initializing machine ID from random generator.
[   17.649740] systemd[1]: Installed transient /etc/machine-id file.
[   17.800422] random: nonblocking pool is initialized
[   18.452407] systemd[1]: Listening on Journal Socket (/dev/log).
[[0;32m  OK  [0m] Listening on Journal Socket (/dev/log).
[   18.469731] systemd[1]: Listening on Syslog Socket.
[[0;32m  OK  [0m] Listening on Syslog Socket.
[   18.485247] systemd[1]: Created slice System Slice.
[[0;32m  OK  [0m] Created slice System Slice.
[   18.500122] systemd[1]: Listening on Device-mapper event daemon FIFOs.
[[0;32m  OK  [0m] Listening on Device-mapper event daemon FIFOs.
[   18.518416] systemd[1]: Created slice User and Session Slice.
[[0;32m  OK  [0m] Created slice User and Session Slice.
[   18.535224] systemd[1]: Reached target Slices.
[[0;32m  OK  [0m] Reached target Slices.
[   18.549601] systemd[1]: Listening on udev Kernel Socket.
[[0;32m  OK  [0m] Listening on udev Kernel Socket.
[   18.565543] systemd[1]: Set up automount Arbitrary Executable File Formats File System Automount Point.
[[0;32m  OK  [0m] Set up automount Arbitrary Executab...ats File System Automount Point.
[   18.589755] systemd[1]: Reached target Encrypted Volumes.
[[0;32m  OK  [0m] Reached target Encrypted Volumes.
[   18.605278] systemd[1]: Started Forward Password Requests to Wall Directory Watch.
[[0;32m  OK  [0m] Started Forward Password Requests to Wall Directory Watch.
[   18.626876] systemd[1]: Listening on LVM2 metadata daemon socket.
[[0;32m  OK  [0m] Listening on LVM2 metadata daemon socket.
[   18.643695] systemd[1]: Listening on fsck to fsckd communication Socket.
[[0;32m  OK  [0m] Listening on fsck to fsckd communication Socket.
[   18.662105] systemd[1]: Reached target Swap.
[[0;32m  OK  [0m] Reached target Swap.
[   18.675806] systemd[1]: Listening on LVM2 poll daemon socket.
[[0;32m  OK  [0m] Listening on LVM2 poll daemon socket.
[   18.692413] systemd[1]: Listening on Journal Socket.
[[0;32m  OK  [0m] Listening on Journal Socket.
[   18.717115] systemd[1]: Starting Create list of required static device nodes for the current kernel...
         Starting Create list of required st... nodes for the current kernel...
[   18.746320] systemd[1]: Starting Uncomplicated firewall...
         Starting Uncomplicated firewall...
[   18.764337] systemd[1]: Mounting POSIX Message Queue File System...
         Mounting POSIX Message Queue File System...
[   18.782714] systemd[1]: Starting Monitoring of LVM2 mirrors, snapshots etc. using dmeventd or progress polling...
         Starting Monitoring of LVM2 mirrors... dmeventd or progress polling...
[   18.810084] systemd[1]: Mounting Huge Pages File System...
         Mounting Huge Pages File System...
[   18.827260] systemd[1]: Starting Nameserver information manager...
         Starting Nameserver information manager...
[   18.848796] systemd[1]: Mounting Debug File System...
         Mounting Debug File System...
[   18.880010] systemd[1]: Starting Load Kernel Modules...
         Starting Load Kernel Modules...
[   18.903760] systemd[1]: Started Trigger resolvconf update for networkd DNS.
[[0;32m  OK  [0m] Started Trigger resolvconf update for networkd DNS.
[   18.928042] systemd[1]: Listening on Journal Audit Socket.
[[0;32m  OK  [0m] Listening on Journal Audit Socket.
[   18.950220] Loading iSCSI transport class v2.0-870.
[   18.973464] systemd[1]: Starting Journal Service...
         Starting Journal Service...
[   18.996036] systemd[1]: Starting File System Check on Root Device...
         Starting File System Check on Root Device...
[   19.023627] systemd[1]: Created slice system-serial\x2dgetty.slice.
[[0;32m  OK  [0m] [   19.046753] iscsi: registered transport (tcp)
Created slice system-serial\x2dgetty.slice.
[   19.059578] systemd[1]: Listening on udev Control Socket.
[[0;32m  OK  [0m] Listening on udev Control Socket.
[   19.083268] systemd[1]: Listening on /dev/initctl Compatibility Named Pipe.
[[0;32m  OK  [0m] Listening on /dev/initctl Compatibility Named Pipe.
[   19.126759] systemd[1]: Starting Set console keymap...
         Starting Set console keymap...
[   19.144268] systemd[1]: Reached target User and Group Name Lookups.
[[0;32m  OK  [0m] Reached target User and Group Name Lookups.
[   19.167235] systemd[1]: Reached target System Time Synchronized.
[[0;32m  OK  [0m] Reached target System Time Synchronized.
[   19.216316] systemd[1]: Mounted POSIX Message Queue File System.
[[0;32m  OK  [0m] Mounted POSIX Message Queue File System.
[   19.237311] systemd[1]: Mounted Debug File System.
[[0;32m  OK  [0m] Mounted Debug File System.
[   19.253341] systemd[1]: Mounted Huge Pages File System.
[[0;32m  OK  [0m] Mounted Huge Pages File System.
[   19.272107] systemd[1]: Started Journal Service.
[[0;32m  OK  [0m] Started Journal Service.
[[0;32m  OK  [0m] Started Create list of required sta...ce nodes for the current kernel.
[[0;32m  OK  [0m] Started Uncomplicated firewall.
[   19.320838] iscsi: registered transport (iser)
[[0;32m  OK  [0m] Started Load Kernel Modules.
[[0;32m  OK  [0m] Started File System Check on Root Device.
[[0;32m  OK  [0m] Started Set console keymap.
[[0;32m  OK  [0m] Started Nameserver information manager.
[[0;32m  OK  [0m] Started LVM2 metadata daemon.
[[0;32m  OK  [0m] Started File System Check Daemon to report status.
         Starting Remount Root and Kernel File Systems...
         Mounting FUSE Control File System...
[   19.432004] EXT4-fs (sda1): re-mounted. Opts: (null)
         Starting Apply Kernel Variables...
         Starting Create Static Device Nodes in /dev...
[[0;32m  OK  [0m] Mounted FUSE Control File System.
[[0;32m  OK  [0m] Started Remount Root and Kernel File Systems.
         Starting Load/Save Random Seed...
         Starting udev Coldplug all Devices...
         Starting Flush Journal to Persistent Storage...
[[0;32m  OK  [0m] Started Apply Kernel Variables.
[[0;32m  OK  [0m] Started Load/Save Random Seed.
[[0;32m  OK  [0m] Started Flush Journal to Persistent Storage.
[[0;32m  OK  [0m] Started Create Static Device Nodes in /dev.
         Starting udev Kernel Device Manager...
[[0;32m  OK  [0m] Started udev Coldplug all Devices.
[[0;32m  OK  [0m] Started udev Kernel Device Manager.
[[0;32m  OK  [0m] Started Dispatch Password Requests to Console Directory Watch.
[[0;32m  OK  [0m] Started Monitoring of LVM2 mirrors,...ng dmeventd or progress polling.
[[0;32m  OK  [0m] Reached target Local File Systems (Pre).
[[0;32m  OK  [0m] Reached target Local File Systems.
         Starting LSB: AppArmor initialization...
         Starting Commit a transient machine-id on disk...
         Starting Create Volatile Files and Directories...
         Starting Tell Plymouth To Write Out Runtime Data...
         Starting Set console font and keymap...
         Starting Initial cloud-init job (pre-networking)...
[[0;32m  OK  [0m] Started Commit a transient machine-id on disk.
[[0;32m  OK  [0m] Started Create Volatile Files and Directories.
[[0;32m  OK  [0m] Started Tell Plymouth To Write Out Runtime Data.
[[0;32m  OK  [0m] Found device /dev/ttyS0.
         Starting Update UTMP about System Boot/Shutdown...
[[0;32m  OK  [0m] Started Update UTMP about System Boot/Shutdown.
[[0;32m  OK  [0m] Listening on Load/Save RF Kill Switch Status /dev/rfkill Watch.
[[0;32m  OK  [0m] Started LSB: AppArmor initialization.
[   21.355926] cloud-init[506]: Cloud-init v. 21.1-19-gbad84ad4-0ubuntu1~16.04.1 running 'init-local' at Sun, 23 May 2021 14:04:13 +0000. Up 20.74 seconds.
         Starting Load AppArmor profiles managed internally by snapd...
[[0;32m  OK  [0m] Started Load AppArmor profiles managed internally by snapd.
[[0;32m  OK  [0m] Started Initial cloud-init job (pre-networking).
[[0;32m  OK  [0m] Reached target Network (Pre).
         Starting Raise network interfaces...
[[0;32m  OK  [0m] Started Raise network interfaces.
[[0;32m  OK  [0m] Reached target Network.
         Starting Initial cloud-init job (metadata service crawler)...
[[0;32m  OK  [0m] Started Set console font and keymap.
[[0;32m  OK  [0m] Created slice system-getty.slice.
[   30.153588] cloud-init[952]: Cloud-init v. 21.1-19-gbad84ad4-0ubuntu1~16.04.1 running 'init' at Sun, 23 May 2021 14:04:21 +0000. Up 28.13 seconds.
[   30.174322] cloud-init[952]: ci-info: ++++++++++++++++++++++++++++++++++++++Net device info+++++++++++++++++++++++++++++++++++++++
[   30.195877] cloud-init[952]: ci-info: +--------+-------+----------------------------+---------------+--------+-------------------+
[   30.218602] cloud-init[[0;32m  OK  [0m] Started Initial cloud-init job (metadata service crawler).
[[0;32m  OK  [0m] Reached target Network is Online.
[952]: ci-info: | Device |   Up  |          Address           |      Mask     | Scope  |     Hw-Address    |
[   30.257422]          Starting iSCSI initiator daemon (iscsid)...
[[0;32m  OK  [0m] Reached target System Initialization.
cloud-init         Starting LXD - unix socket.
[952]: ci-info: +--------+-------+----------------------------+---------------+--------+-------------------+
[   30.285522] cloud-init[[0;32m  OK  [0m] Started ACPI Events Check.
[[0;32m  OK  [0m] Reached target Paths.
         Starting Socket activation for snappy daemon.
[[0;32m  OK  [0m] Started Daily Cleanup of Temporary Directories.
[[0;32m  OK  [0m] Started Daily apt download activities.
[[0;32m  OK  [0m] Started Daily apt upgrade and clean activities.
[[0;32m  OK  [0m] Started Message of the Day.
[[0;32m  OK  [0m] Listening on ACPID Listen Socket.
[[0;32m  OK  [0m] Reached target Timers.
[[0;32m  OK  [0m] Listening on UUID daemon activation socket.
[[0;32m  OK  [0m] Listening on D-Bus System Message Bus Socket.
[[0;32m  OK  [0m] Reached target Cloud-config availability.
[[0;32m  OK  [0m] Listening on LXD - unix socket.
[[0;32m  OK  [0m] Listening on Socket activation for snappy daemon.
[[0;32m  OK  [0m] Reached target Sockets.
[[0;32m  OK  [0m] Reached target Basic System.
         Starting /etc/rc.local Compatibility...
[[0;32m  OK  [0m] Started Deferred execution scheduler.
         Starting Virtualbox guest utils...
         Starting System Logging Service...
         [952]: Starting LXD - container startup/shutdown...
         ci-info: | enp0s3 |  True |         10.0.2.15          | 255.255.255.0 | global | 02:b2:7d:35:d4:c1 |
[   30.394655] cloud-init[952]: ci-info: | enp0s3 |  True | fe80::b2:7dff:fe35:d4c1/64 |       .       |  link  | 02:b2:7d:35:d4:c1 |
[   30.394719] cloud-init[952]: ci-info: | enp0s8 | False |             .              |       .       |   .    | 08:00:27:45:18:49 |
[   30.394890] cloud-init[952]: ci-info: |   lo   |  True |         127.0.0.1          |   255.0.0.0   |  host  |         .         |
Starting LSB: Record successful boot for GRUB...
[   30.394956] cloud-init[952]: ci-info: |   lo   |  True |          ::1/128           |       .       |  host  |         .         |
[[0;32m  OK  [0m] Started Regular background program processing daemon.
[   30.451316]          Starting Login Service...
cloud-init         Starting Accounts Service...
[952]:          Starting LSB: MD monitoring daemon...
ci-info: +--------+-------+----------------------------+---------------+--------+-------------------+
         Starting Pollinate to seed the pseudo random number generator...
[   30.491265] cloud-init[952]: ci-info: +++++++++++++++++++++++++++Route IPv4 info++++++++++++++++++++++++++++
[   30.502993] cloud-init[952]: ci-info: +-------+-------------+----------+---------------+-----------+-------+
[   30.503052] cloud-init[952]: ci-info: | Route | Destination | Gateway  |    Genmask    | Interface | Flags |
[   30.503137] [[0;32m  OK  [0m] Started D-Bus System Message Bus.
cloud-init[952]: ci-info: +-------+-------------+----------+---------------+-----------+-------+
[   30.548905] cloud-init[952]: ci-info: |   0   |   0.0.0.0   | 10.0.2.2 |    0.0.0.0    |   enp0s3  |   UG  |
[   30.562620] cloud-init[952]: ci-info: |   1   |   10.0.2.0  | 0.0.0.0  | 255.255.255.0 |   enp0s3  |   U   |
[   30.575411] cloud-init[952]: ci-info: +-------+-------------+----------+---------------+-----------+-------+
[   30.588570] cloud-init[952]: ci-info: +++++++++++++++++++Route IPv6 info+++++++++++++++++++
[   30.597683] cloud-init[952]: ci-info: +-------+-------------+---------+-----------+-------+
[   30.606335] cloud-init[952]: ci-info: | Route | Destination | Gateway | Interface | Flags |
[   30.618255] cloud-init[952]: ci-info: +-------+-------------+---------+-----------+-------+
[   30.628554] cloud-init[952]: ci-info: |   0   |  fe80::/64  |    ::   |   enp0s3  |   U   |
[   30.639742] cloud-init[952]: ci-info: |   3   |   ff00::/8  |    ::   |   enp0s3  |   U   |
[   30.651738] cloud-init[952]: ci-info: +-------+-------------+---------+-----------+-------+
[   30.664638] cloud-init[952]: Generating public/private rsa key pair.
[   30.674193] cloud-init[952]: Your identification has been saved in /etc/ssh/ssh_host_rsa_key.
[   30.686543] cloud-init[952]: Your public key has been saved in /etc/ssh/ssh_host_rsa_key.pub.
[   30.701635] cloud-init[952]: The key fingerprint is:
[   30.713172] cloud-init[952]: SHA256:jskryWJs1XB2t0CS1DmIqTYLxqJ/iGMGy5o0pMacsrY root@ubuntu-xenial
[   30.729302] cloud-init[952]: The key's randomart image is:
[   30.739916] cloud-init[952]: +---[RSA 2048]----+
[   30.750044] cloud-init[952]: |     +.+ .       |
[   30.759569] cloud-init[952]: |    o + =        |
[   30.769825] cloud-init[952]: |.  .   o .       |
[   30.779474] cloud-init[952]: |oo+ . o o .      |
[   30.791597] cloud-init[952]: |++ o = .So .     |
[   30.801399] cloud-init[952]: |B o ...+  .      |
[   30.811875] cloud-init[952]: |=% + .+ .        |
[   30.822914] cloud-init[952]: |BBO =  .         |
[   30.832936] cloud-init[952]: |OE.o ..          |
[   30.839095] cloud-init[952]: +----[SHA256]-----+
[   30.849597] cloud-init[952]: Generating public/private dsa key pair.
[   30.860889] cloud-init[952]: Your identification has been saved in /etc/ssh/ssh_host_dsa_key.[[0;32m  OK  [0m] Started ACPI event daemon.

         Starting Snap Daemon...
[[0;32m  OK  [0m] Started FUSE filesystem for LXC.
[[0;32m  OK  [0m] Started System Logging Service.
[   30.904117] [[0;32m  OK  [0m] Started /etc/rc.local Compatibility.
cloud-init[952]: Your public key has been saved in /etc/ssh/ssh_host_dsa_key.pub.
[   30.930229] cloud-init[952]: The key fingerprint is:
[   30.956597] [[0;32m  OK  [0m] Started Login Service.
cloud-init[952]: SHA256:qVX6nYcgGxy5YXFsakFzuLRK+F7420i/mxF0SVmtFNI root@ubuntu-xenial
[   30.986280] cloud-init[952]: The key's randomart image is:
[[0;32m  OK  [0m] Started Unattended Upgrades Shutdown.
[[0;32m  OK  [0m] Started iSCSI initiator daemon (iscsid).
[   31.000497] cloud-init[952]:          Starting Authenticate and Authorize Users to Run Privileged Tasks...
         Starting Login to default iSCSI targets...
+---[DSA 1024]----+
[[0;32m  OK  [0m] Started LSB: Record successful boot for GRUB.
[[0;32m  OK  [0m] Started LSB: MD monitoring daemon.
[   31.082316] cloud-init[952]: |       .+oo o+oo |
[   31.124619] cloud-init[952]: |        +*o..oE .|
[   31.140925] cloud-init[952]: |     . .=*o o. . |
[   31.151122] cloud-init[952]: |    . .o=O .  .  |
[   31.164230] cloud-init[952]: |     o +S o      |
[   31.177792] cloud-init[952]: [[0;32m  OK  [0m] Started Authenticate and Authorize Users to Run Privileged Tasks.
|      +o.= + o   |
[   31.190207] cloud-init[952]: |     ..oo o + .  |[[0;32m  OK  [0m] Started Accounts Service.

[   31.213535] cloud-init[952]: |      ...+ o .   |
[   31.223930] cloud-init[952]: |        o.*o     |
[   31.239337] cloud-init[952]: +----[SHA256]-----+
[   31.252210] cloud-init[952]: Generating public/private ecdsa key pair.
[   31.274015] cloud-init[952]: Your identification has been saved in /etc/ssh/ssh_host_ecdsa_key.
[   31.307380] cloud-init[952]: Your public key has been saved in /etc/ssh/ssh_host_ecdsa_key.pub.
[[0;32m  OK  [0m] Started Login to default iSCSI targets.
[[0;32m  OK  [0m] Reached target Remote File Systems (Pre).
[[0;32m  OK  [0m] Reached target Remote File Systems.
[   31.323341] cloud-init[952]: The key fingerprint is:
[   31.359044] cloud-init[952]: SHA256:f5Y1UXMXAIL4Vy/NZmuWBw0Sxa2iPJWM4B3nPrrIZ6Q root@ubuntu-xenial
[   31.371475] cloud-init[952]: The key's randomart image is:
[   31.381087] cloud-init[952]: +---[ECDSA 256]---+
         Starting LSB: daemon to balance interrupts for SMP systems...
         Starting LSB: Set the CPU Frequency Scaling governor to "ondemand"...[   31.393255] cloud-init[952]: |      . .. o=ooo=|
[   31.411283] cloud-init[952]: |     . o ..+ o o+|
[   31.423346] cloud-init[952]: |      o o B * =  |
[   31.424262] cloud-init[952]: |       o + B O o |
[   31.425321] cloud-init[952]: |        S + = *  |
[   31.432206] cloud-init[952]: |         * o B o |
[   31.436193] cloud-init[952]: |        o + B .  |
[   31.436980] cloud-init[952]: |      .E.+ o     |
[   31.446192] cloud-init[952]: |       oo..      |
[   31.446724] cloud-init[952]: +----[SHA256]-----+
[   31.447721] cloud-init[952]: Generating public/private ed25519 key pair.
[   31.452227] cloud-init[952]: Your identification has been saved in /etc/ssh/ssh_host_ed25519_key.
[   31.456188] cloud-init[952]: Your public key has been saved in /etc/ssh/ssh_host_ed25519_key.pub.
[   31.464120] cloud-init[952]: The key fingerprint is:
[   31.470542] cloud-init[952]: SHA256:vIdJpOdVXZV+T1+rbtMA4z7eKIkZp7QErRYdQyD/GgI root@ubuntu-xenial
[   31.471745] cloud-init[952]: The key's randomart image is:
[   31.474309] cloud-init[952]: +--[ED25519 256]--+
[   31.477940] cloud-init[952]: |   . .o.        =|
[   31.478906] cloud-init[952]: |    o  o     . o |
[   31.481353] cloud-init[952]: | E   .o +   . o  |
[   31.483111] cloud-init[952]: |  .  o.*   +   .+|
[   31.484441] cloud-init[952]: |   . .=.S o o  .*|
[   31.485370] cloud-init[952]: |    .ooB * . . .o|
[   31.486473] cloud-init[952]: |    ..o % +   +  |
[   31.487498] cloud-init[952]: |       = + oo+ . |
[   31.489904] cloud-init[952]: |          oo+o.  |
[   31.492637] cloud-init[952]: +----[SHA256]-----+

         Starting LSB: automatic crash report generation...
         Starting Permit User Sessions...
[[0;32m  OK  [0m] Started Virtualbox guest utils.
[[0;32m  OK  [0m] Started Permit User Sessions.
         Starting Hold until boot process finishes up...
         Starting Terminate Plymouth Boot Screen...
[[0;32m  OK  [0m] Started Hold until boot process finishes up.
[[0;32m  OK  [0m] Started Terminate Plymouth Boot Screen.
         Starting Set console scheme...
[[0;32m  OK  [0m] Started Serial Getty on ttyS0.
[[0;32m  OK  [0m] Started Getty on tty1.
[[0;32m  OK  [0m] Reached target Login Prompts.
[[0;32m  OK  [0m] Started LXD - container startup/shutdown.
[[0;32m  OK  [0m] Started LSB: Set the CPU Frequency Scaling governor to "ondemand".
[[0;32m  OK  [0m] Started LSB: automatic crash report generation.
[[0;32m  OK  [0m] Started LSB: daemon to balance interrupts for SMP systems.
[[0;32m  OK  [0m] Started Set console scheme.
[[0;32m  OK  [0m] Started Pollinate to seed the pseudo random number generator.
         Starting OpenBSD Secure Shell server...
[[0;32m  OK  [0m] Started OpenBSD Secure Shell server.
[[0;32m  OK  [0m] Started Snap Daemon.
         Starting Wait until snapd is fully seeded...
[[0;32m  OK  [0m] Created slice User Slice of vagrant.
         Starting User Manager for UID 1000...
[[0;32m  OK  [0m] Started Session 1 of user vagrant.
[[0;32m  OK  [0m] Started User Manager for UID 1000.
[[0;32m  OK  [0m] Started Wait until snapd is fully seeded.
         Starting Apply the settings specified in cloud-config...
[[0;32m  OK  [0m] Reached target Multi-User System.
[[0;32m  OK  [0m] Reached target Graphical Interface.
         Starting Update UTMP about System Runlevel Changes...
[[0;32m  OK  [0m] Started Update UTMP about System Runlevel Changes.
[   35.041064] cloud-init[1403]: Generating locales (this might take a while)...
         Starting Hostname Service...
[[0;32m  OK  [0m] Started Hostname Service.
[[0;32m  OK  [0m] Stopped ifup for enp0s3.
[[0;32m  OK  [0m] Started ifup for enp0s3.
[[0;32m  OK  [0m] Stopped ifup for enp0s8.
[[0;32m  OK  [0m] Started ifup for enp0s8.
[   36.777248] cloud-init[1403]:   en_US.UTF-8... done
[   36.790478] cloud-init[1403]: Generation complete.
[   37.582679] cloud-init[1403]: Cloud-init v. 21.1-19-gbad84ad4-0ubuntu1~16.04.1 running 'modules:config' at Sun, 23 May 2021 14:04:27 +0000. Up 34.83 seconds.

Ubuntu 16.04.7 LTS klantnaam-db1 ttyS0

klantnaam-db1 login: ci-info: no authorized SSH keys fingerprints found for user ubuntu.
<14>May 23 14:04:31 ec2: 
<14>May 23 14:04:31 ec2: #############################################################
<14>May 23 14:04:31 ec2: -----BEGIN SSH HOST KEY FINGERPRINTS-----
<14>May 23 14:04:31 ec2: 1024 SHA256:qVX6nYcgGxy5YXFsakFzuLRK+F7420i/mxF0SVmtFNI root@ubuntu-xenial (DSA)
<14>May 23 14:04:31 ec2: 256 SHA256:f5Y1UXMXAIL4Vy/NZmuWBw0Sxa2iPJWM4B3nPrrIZ6Q root@ubuntu-xenial (ECDSA)
<14>May 23 14:04:31 ec2: 256 SHA256:vIdJpOdVXZV+T1+rbtMA4z7eKIkZp7QErRYdQyD/GgI root@ubuntu-xenial (ED25519)
<14>May 23 14:04:31 ec2: 2048 SHA256:jskryWJs1XB2t0CS1DmIqTYLxqJ/iGMGy5o0pMacsrY root@ubuntu-xenial (RSA)
<14>May 23 14:04:31 ec2: -----END SSH HOST KEY FINGERPRINTS-----
<14>May 23 14:04:31 ec2: #############################################################
-----BEGIN SSH HOST KEY KEYS-----
ecdsa-sha2-nistp256 AAAAE2VjZHNhLXNoYTItbmlzdHAyNTYAAAAIbmlzdHAyNTYAAABBBG73WJyPTqnwxSi/6o3lmkIYDD1FNlmfk0tcXM6WCEQKt+8jQ8BWp53OXFJ2GIiNsKJum999DvfKVLaj3nIajys= root@ubuntu-xenial
ssh-ed25519 AAAAC3NzaC1lZDI1NTE5AAAAIGEsi5T86Ll0m7nFvi1crwod8SYCdTLe1Xs/W+Kqc4HW root@ubuntu-xenial
ssh-rsa AAAAB3NzaC1yc2EAAAADAQABAAABAQCTqLFwKXDaO9OXTKmGoNbbpZiLPys7mgNbBroZWmhZjPp648kb3rgWqDq1Xr2MO9yZZbcNQdUEOnUgJRwIj7QT+fpx0UAHQYJFEvBDIbOa+kz8uOd3L6OHTW/RgBODLyYeEsj45aoiNJaNrBaqz2JCXeivpYbAQZnTY116Afd5IEQlnSXm/T4pRpDQ4gyD+TdkQNR8WjsWcaLWCEn59RgB1vFfROaUgQzorcq+MfTz5dPh/Ow5dwDZ2hazdOKNumMZK/D+7SSE+1fsS3DGWGcp/j0rhNvosQMQXj2TM1hFJUNdtPsN1n4F6BzNhkFBTHEQqFVlpfiejatTbCKuEvQf root@ubuntu-xenial
-----END SSH HOST KEY KEYS-----
[   38.696318] cloud-init[1804]: Cloud-init v. 21.1-19-gbad84ad4-0ubuntu1~16.04.1 running 'modules:final' at Sun, 23 May 2021 14:04:31 +0000. Up 38.28 seconds.
[   38.708280] cloud-init[1804]: ci-info: no authorized SSH keys fingerprints found for user ubuntu.
[   38.708696] cloud-init[1804]: Cloud-init v. 21.1-19-gbad84ad4-0ubuntu1~16.04.1 finished at Sun, 23 May 2021 14:04:31 +0000. Datasource DataSourceNoCloud [seed=/dev/sdb][dsmode=net].  Up 38.67 seconds
