[    0.000000] Initializing cgroup subsys cpuset
[    0.000000] Initializing cgroup subsys cpu
[    0.000000] Initializing cgroup subsys cpuacct
[    0.000000] Linux version 4.4.0-209-generic (buildd@lcy01-amd64-019) (gcc version 5.4.0 20160609 (Ubuntu 5.4.0-6ubuntu1~16.04.12) ) #241-Ubuntu SMP Tue Apr 13 01:06:06 UTC 2021 (Ubuntu 4.4.0-209.241-generic 4.4.262)
[    0.000000] Command line: BOOT_IMAGE=/boot/vmlinuz-4.4.0-209-generic root=LABEL=cloudimg-rootfs ro console=tty1 console=ttyS0
[    0.000000] KERNEL supported cpus:
[    0.000000]   Intel GenuineIntel
[    0.000000]   AMD AuthenticAMD
[    0.000000]   Centaur CentaurHauls
[    0.000000] x86/fpu: xstate_offset[2]:  576, xstate_sizes[2]:  256
[    0.000000] x86/fpu: Supporting XSAVE feature 0x01: 'x87 floating point registers'
[    0.000000] x86/fpu: Supporting XSAVE feature 0x02: 'SSE registers'
[    0.000000] x86/fpu: Supporting XSAVE feature 0x04: 'AVX registers'
[    0.000000] x86/fpu: Enabled xstate features 0x7, context size is 832 bytes, using 'standard' format.
[    0.000000] e820: BIOS-provided physical RAM map:
[    0.000000] BIOS-e820: [mem 0x0000000000000000-0x000000000009fbff] usable
[    0.000000] BIOS-e820: [mem 0x000000000009fc00-0x000000000009ffff] reserved
[    0.000000] BIOS-e820: [mem 0x00000000000f0000-0x00000000000fffff] reserved
[    0.000000] BIOS-e820: [mem 0x0000000000100000-0x000000001ffeffff] usable
[    0.000000] BIOS-e820: [mem 0x000000001fff0000-0x000000001fffffff] ACPI data
[    0.000000] BIOS-e820: [mem 0x00000000fec00000-0x00000000fec00fff] reserved
[    0.000000] BIOS-e820: [mem 0x00000000fee00000-0x00000000fee00fff] reserved
[    0.000000] BIOS-e820: [mem 0x00000000fffc0000-0x00000000ffffffff] reserved
[    0.000000] NX (Execute Disable) protection: active
[    0.000000] SMBIOS 2.5 present.
[    0.000000] Hypervisor detected: KVM
[    0.000000] e820: last_pfn = 0x1fff0 max_arch_pfn = 0x400000000
[    0.000000] MTRR: Disabled
[    0.000000] x86/PAT: MTRRs disabled, skipping PAT initialization too.
[    0.000000] CPU MTRRs all blank - virtualized system.
[    0.000000] x86/PAT: Configuration [0-7]: WB  WT  UC- UC  WB  WT  UC- UC  
[    0.000000] found SMP MP-table at [mem 0x0009fff0-0x0009ffff] mapped at [ffff88000009fff0]
[    0.000000] Scanning 1 areas for low memory corruption
[    0.000000] RAMDISK: [mem 0x1e988000-0x1f811fff]
[    0.000000] ACPI: Early table checksum verification disabled
[    0.000000] ACPI: RSDP 0x00000000000E0000 000024 (v02 VBOX  )
[    0.000000] ACPI: XSDT 0x000000001FFF0030 00003C (v01 VBOX   VBOXXSDT 00000001 ASL  00000061)
[    0.000000] ACPI: FACP 0x000000001FFF00F0 0000F4 (v04 VBOX   VBOXFACP 00000001 ASL  00000061)
[    0.000000] ACPI: DSDT 0x000000001FFF0470 002325 (v02 VBOX   VBOXBIOS 00000002 INTL 20190509)
[    0.000000] ACPI: FACS 0x000000001FFF0200 000040
[    0.000000] ACPI: FACS 0x000000001FFF0200 000040
[    0.000000] ACPI: APIC 0x000000001FFF0240 00005C (v02 VBOX   VBOXAPIC 00000001 ASL  00000061)
[    0.000000] ACPI: SSDT 0x000000001FFF02A0 0001CC (v01 VBOX   VBOXCPUT 00000002 INTL 20190509)
[    0.000000] No NUMA configuration found
[    0.000000] Faking a node at [mem 0x0000000000000000-0x000000001ffeffff]
[    0.000000] NODE_DATA(0) allocated [mem 0x1ffeb000-0x1ffeffff]
[    0.000000] kvm-clock: Using msrs 4b564d01 and 4b564d00
[    0.000000] kvm-clock: cpu 0, msr 0:1ffe3001, primary cpu clock
[    0.000000] kvm-clock: using sched offset of 6244848918 cycles
[    0.000000] clocksource: kvm-clock: mask: 0xffffffffffffffff max_cycles: 0x1cd42e4dffb, max_idle_ns: 881590591483 ns
[    0.000000] Zone ranges:
[    0.000000]   DMA      [mem 0x0000000000001000-0x0000000000ffffff]
[    0.000000]   DMA32    [mem 0x0000000001000000-0x000000001ffeffff]
[    0.000000]   Normal   empty
[    0.000000]   Device   empty
[    0.000000] Movable zone start for each node
[    0.000000] Early memory node ranges
[    0.000000]   node   0: [mem 0x0000000000001000-0x000000000009efff]
[    0.000000]   node   0: [mem 0x0000000000100000-0x000000001ffeffff]
[    0.000000] Initmem setup node 0 [mem 0x0000000000001000-0x000000001ffeffff]
[    0.000000] ACPI: PM-Timer IO Port: 0x4008
[    0.000000] IOAPIC[0]: apic_id 2, version 32, address 0xfec00000, GSI 0-23
[    0.000000] ACPI: INT_SRC_OVR (bus 0 bus_irq 0 global_irq 2 dfl dfl)
[    0.000000] ACPI: INT_SRC_OVR (bus 0 bus_irq 9 global_irq 9 low level)
[    0.000000] Using ACPI (MADT) for SMP configuration information
[    0.000000] smpboot: Allowing 2 CPUs, 0 hotplug CPUs
[    0.000000] PM: Registered nosave memory: [mem 0x00000000-0x00000fff]
[    0.000000] PM: Registered nosave memory: [mem 0x0009f000-0x0009ffff]
[    0.000000] PM: Registered nosave memory: [mem 0x000a0000-0x000effff]
[    0.000000] PM: Registered nosave memory: [mem 0x000f0000-0x000fffff]
[    0.000000] e820: [mem 0x20000000-0xfebfffff] available for PCI devices
[    0.000000] Booting paravirtualized kernel on KVM
[    0.000000] clocksource: refined-jiffies: mask: 0xffffffff max_cycles: 0xffffffff, max_idle_ns: 7645519600211568 ns
[    0.000000] setup_percpu: NR_CPUS:512 nr_cpumask_bits:512 nr_cpu_ids:2 nr_node_ids:1
[    0.000000] PERCPU: Embedded 33 pages/cpu @ffff88001fc00000 s95192 r8192 d31784 u1048576
[    0.000000] Built 1 zonelists in Node order, mobility grouping on.  Total pages: 128888
[    0.000000] Policy zone: DMA32
[    0.000000] Kernel command line: BOOT_IMAGE=/boot/vmlinuz-4.4.0-209-generic root=LABEL=cloudimg-rootfs ro console=tty1 console=ttyS0
[    0.000000] PID hash table entries: 2048 (order: 2, 16384 bytes)
[    0.000000] Memory: 481712K/523832K available (8644K kernel code, 1332K rwdata, 4044K rodata, 1492K init, 1164K bss, 42120K reserved, 0K cma-reserved)
[    0.000000] SLUB: HWalign=64, Order=0-3, MinObjects=0, CPUs=2, Nodes=1
[    0.000000] Kernel/User page tables isolation: enabled
[    0.000000] Hierarchical RCU implementation.
[    0.000000] 	Build-time adjustment of leaf fanout to 64.
[    0.000000] 	RCU restricting CPUs from NR_CPUS=512 to nr_cpu_ids=2.
[    0.000000] RCU: Adjusting geometry for rcu_fanout_leaf=64, nr_cpu_ids=2
[    0.000000] NR_IRQS:33024 nr_irqs:440 16
[    0.000000] Console: colour VGA+ 80x25
[    0.000000] console [tty1] enabled
[    0.000000] console [ttyS0] enabled
[    0.000000] tsc: Detected 2992.880 MHz processor
[    1.105785] Calibrating delay loop (skipped) preset value.. 5985.76 BogoMIPS (lpj=11971520)
[    1.120612] pid_max: default: 32768 minimum: 301
[    1.128258] ACPI: Core revision 20150930
[    1.136315] ACPI: 2 ACPI AML tables successfully acquired and loaded
[    1.148836] Security Framework initialized
[    1.156856] Yama: becoming mindful.
[    1.164160] AppArmor: AppArmor initialized
[    1.172576] Dentry cache hash table entries: 65536 (order: 7, 524288 bytes)
[    1.186664] Inode-cache hash table entries: 32768 (order: 6, 262144 bytes)
[    1.197841] Mount-cache hash table entries: 1024 (order: 1, 8192 bytes)
[    1.210676] Mountpoint-cache hash table entries: 1024 (order: 1, 8192 bytes)
[    1.222602] Initializing cgroup subsys io
[    1.230091] Initializing cgroup subsys memory
[    1.238445] Initializing cgroup subsys devices
[    1.246985] Initializing cgroup subsys freezer
[    1.255487] Initializing cgroup subsys net_cls
[    1.265306] Initializing cgroup subsys perf_event
[    1.274722] Initializing cgroup subsys net_prio
[    1.282487] Initializing cgroup subsys hugetlb
[    1.290001] Initializing cgroup subsys pids
[    1.299178] mce: CPU supports 0 MCE banks
[    1.306739] Last level iTLB entries: 4KB 64, 2MB 8, 4MB 8
[    1.315874] Last level dTLB entries: 4KB 64, 2MB 0, 4MB 0, 1GB 4
[    1.326277] Spectre V1 : Mitigation: usercopy/swapgs barriers and __user pointer sanitization
[    1.341525] Spectre V2 : Mitigation: Full generic retpoline
[    1.350701] Spectre V2 : Spectre v2 / SpectreRSB mitigation: Filling RSB on context switch
[    1.364758] Speculative Store Bypass: Vulnerable
[    1.373791] MDS: Mitigation: Clear CPU buffers
[    1.423890] Freeing SMP alternatives memory: 36K
[    1.527253] ftrace: allocating 32380 entries in 127 pages
[    2.149237] smpboot: APIC(0) Converting physical 0 to logical package 0
[    2.160533] smpboot: Max logical packages: 1
[    2.172365] x2apic enabled
[    2.180901] Switched APIC routing to physical x2apic.
[    2.200369] ..TIMER: vector=0x30 apic1=0 pin1=2 apic2=-1 pin2=-1
[    2.319104] smpboot: CPU0: Intel(R) Xeon(R) Gold 6248R CPU @ 3.00GHz (family: 0x6, model: 0x4f, stepping: 0x0)
[    2.337652] Performance Events: unsupported p6 CPU model 79 no PMU driver, software events only.
[    2.452639] KVM setup paravirtual spinlock
[    2.462169] x86: Booting SMP configuration:
[    2.471002] .... node  #0, CPUs:      #1
[    2.479255] kvm-clock: cpu 1, msr 0:1ffe3041, secondary cpu clock
[    2.487803] mce: CPU supports 0 MCE banks
[    2.494200] x86: Booted up 1 node, 2 CPUs
[    2.503894] smpboot: Total of 2 processors activated (11971.52 BogoMIPS)
[    2.521966] devtmpfs: initialized
[    2.530749] evm: security.selinux
[    2.538825] evm: security.SMACK64
[    2.545758] evm: security.SMACK64EXEC
[    2.554940] evm: security.SMACK64TRANSMUTE
[    2.564900] evm: security.SMACK64MMAP
[    2.572311] evm: security.ima
[    2.579291] evm: security.capability
[    2.586862] clocksource: jiffies: mask: 0xffffffff max_cycles: 0xffffffff, max_idle_ns: 7645041785100000 ns
[    2.604596] futex hash table entries: 512 (order: 3, 32768 bytes)
[    2.617001] pinctrl core: initialized pinctrl subsystem
[    2.628290] RTC time:  8:28:08, date: 05/20/21
[    2.637526] NET: Registered protocol family 16
[    2.658496] cpuidle: using governor ladder
[    2.683106] cpuidle: using governor menu
[    2.690916] PCCT header not found.
[    2.697692] ACPI: bus type PCI registered
[    2.705297] acpiphp: ACPI Hot Plug PCI Controller Driver version: 0.5
[    2.716295] PCI: Using configuration type 1 for base access
[    2.745113] ACPI: Added _OSI(Module Device)
[    2.753522] ACPI: Added _OSI(Processor Device)
[    2.761575] ACPI: Added _OSI(3.0 _SCP Extensions)
[    2.769877] ACPI: Added _OSI(Processor Aggregator Device)
[    2.780764] ACPI: Executed 1 blocks of module-level executable AML code
[    2.796321] ACPI: Interpreter enabled
[    2.804029] ACPI: (supports S0 S5)
[    2.810851] ACPI: Using IOAPIC for interrupt routing
[    2.819999] PCI: Using host bridge windows from ACPI; if necessary, use "pci=nocrs" and report a bug
[    2.845473] ACPI: PCI Root Bridge [PCI0] (domain 0000 [bus 00-ff])
[    2.856298] acpi PNP0A03:00: _OSC: OS supports [ASPM ClockPM Segments MSI]
[    2.868081] acpi PNP0A03:00: _OSC: not requesting OS control; OS requires [ExtendedConfig ASPM ClockPM MSI]
[    2.883424] acpi PNP0A03:00: fail to add MMCONFIG information, can't access extended PCI configuration space under this bridge.
[    2.902421] PCI host bridge to bus 0000:00
[    2.910087] pci_bus 0000:00: root bus resource [io  0x0000-0x0cf7 window]
[    2.920899] pci_bus 0000:00: root bus resource [io  0x0d00-0xffff window]
[    2.931587] pci_bus 0000:00: root bus resource [mem 0x000a0000-0x000bffff window]
[    2.944527] pci_bus 0000:00: root bus resource [mem 0x20000000-0xfdffffff window]
[    2.957316] pci_bus 0000:00: root bus resource [bus 00-ff]
[    2.978261] pci 0000:00:01.1: legacy IDE quirk: reg 0x10: [io  0x01f0-0x01f7]
[    2.989981] pci 0000:00:01.1: legacy IDE quirk: reg 0x14: [io  0x03f6]
[    3.000590] pci 0000:00:01.1: legacy IDE quirk: reg 0x18: [io  0x0170-0x0177]
[    3.012113] pci 0000:00:01.1: legacy IDE quirk: reg 0x1c: [io  0x0376]
[    3.225552] pci 0000:00:07.0: quirk: [io  0x4000-0x403f] claimed by PIIX4 ACPI
[    3.238404] pci 0000:00:07.0: quirk: [io  0x4100-0x410f] claimed by PIIX4 SMB
[    3.326912] ACPI: PCI Interrupt Link [LNKA] (IRQs 5 9 10 *11)
[    3.342357] ACPI: PCI Interrupt Link [LNKB] (IRQs 5 9 *10 11)
[    3.357225] ACPI: PCI Interrupt Link [LNKC] (IRQs 5 *9 10 11)
[    3.372084] ACPI: PCI Interrupt Link [LNKD] (IRQs 5 9 10 *11)
[    3.387191] ACPI: Enabled 2 GPEs in block 00 to 07
[    3.399994] vgaarb: setting as boot device: PCI:0000:00:02.0
[    3.409232] vgaarb: device added: PCI:0000:00:02.0,decodes=io+mem,owns=io+mem,locks=none
[    3.423241] vgaarb: loaded
[    3.429322] vgaarb: bridge control possible 0000:00:02.0
[    3.440183] SCSI subsystem initialized
[    3.447777] ACPI: bus type USB registered
[    3.455236] usbcore: registered new interface driver usbfs
[    3.464029] usbcore: registered new interface driver hub
[    3.472735] usbcore: registered new device driver usb
[    3.485736] PCI: Using ACPI for IRQ routing
[    3.496365] NetLabel: Initializing
[    3.503310] NetLabel:  domain hash size = 128
[    3.511198] NetLabel:  protocols = UNLABELED CIPSOv4
[    3.519713] NetLabel:  unlabeled traffic allowed by default
[    3.530964] amd_nb: Cannot enumerate AMD northbridges
[    3.540629] clocksource: Switched to clocksource kvm-clock
[    3.567710] AppArmor: AppArmor Filesystem Enabled
[    3.575813] pnp: PnP ACPI init
[    3.585845] pnp: PnP ACPI: found 3 devices
[    3.622529] clocksource: acpi_pm: mask: 0xffffff max_cycles: 0xffffff, max_idle_ns: 2085701024 ns
[    3.647709] NET: Registered protocol family 2
[    3.661462] TCP established hash table entries: 4096 (order: 3, 32768 bytes)
[    3.676513] TCP bind hash table entries: 4096 (order: 4, 65536 bytes)
[    3.690796] TCP: Hash tables configured (established 4096 bind 4096)
[    3.703744] UDP hash table entries: 256 (order: 1, 8192 bytes)
[    3.716568] UDP-Lite hash table entries: 256 (order: 1, 8192 bytes)
[    3.731478] NET: Registered protocol family 1
[    3.742924] pci 0000:00:00.0: Limiting direct PCI/PCI transfers
[    3.757335] pci 0000:00:01.0: Activating ISA DMA hang workarounds
[    3.782557] Unpacking initramfs...
[    4.286845] Freeing initrd memory: 14888K
[    4.296270] clocksource: tsc: mask: 0xffffffffffffffff max_cycles: 0x2b23ff01ca6, max_idle_ns: 440795218045 ns
[    4.313376] platform rtc_cmos: registered platform RTC device (no PNP device found)
[    4.330629] Scanning for low memory corruption every 60 seconds
[    4.344284] audit: initializing netlink subsys (disabled)
[    4.356188] audit: type=2000 audit(1621499295.767:1): initialized
[    4.368956] Initialise system trusted keyring
[    4.381673] HugeTLB registered 2 MB page size, pre-allocated 0 pages
[    4.398576] zbud: loaded
[    4.409762] VFS: Disk quotas dquot_6.6.0
[    4.420953] VFS: Dquot-cache hash table entries: 512 (order 0, 4096 bytes)
[    4.436704] squashfs: version 4.0 (2009/01/31) Phillip Lougher
[    4.451183] fuse init (API version 7.23)
[    4.460430] Key type big_key registered
[    4.472770] Allocating IMA MOK and blacklist keyrings.
[    4.494149] Key type asymmetric registered
[    4.505519] Asymmetric key parser 'x509' registered
[    4.517169] Block layer SCSI generic (bsg) driver version 0.4 loaded (major 249)
[    4.535923] io scheduler noop registered
[    4.546205] io scheduler deadline registered (default)
[    4.556118] io scheduler cfq registered
[    4.564057] pci_hotplug: PCI Hot Plug PCI Core version: 0.5
[    4.573839] pciehp: PCI Express Hot Plug Controller Driver version: 0.4
[    4.585430] ACPI: AC Adapter [AC] (on-line)
[    4.593615] input: Power Button as /devices/LNXSYSTM:00/LNXPWRBN:00/input/input0
[    4.607875] ACPI: Power Button [PWRF]
[    4.615653] input: Sleep Button as /devices/LNXSYSTM:00/LNXSLPBN:00/input/input1
[    4.630447] ACPI: Sleep Button [SLPF]
[    4.638793] GHES: HEST is not enabled!
[    4.646329] Serial: 8250/16550 driver, 32 ports, IRQ sharing enabled
[    4.85360] 0:02:ttyS0 a I/O 03f8 (ir = 4, bae_baud =115200)is a 1650A
[    4.740869] Linux agpgart interface v0.103
[    4.755159] loop: module loaded
[    4.765849] scsi host0: ata_piix
[    4.774082] scsi host1: ata_piix
[    4.781960] ata1: PATA max UDMA/33 cmd 0x1f0 ctl 0x3f6 bmdma 0xd000 irq 14
[    4.801634] ata2: PATA max UDMA/33 cmd 0x170 ctl 0x376 bmdma 0xd008 irq 15
[    4.823610] libphy: Fixed MDIO Bus: probed
[    4.837078] tun: Universal TUN/TAP device driver, 1.6
[    4.846553] tun: (C) 1999-2004 Max Krasnyansky <maxk@qualcomm.com>
[    4.858419] PPP generic driver version 2.4.2
[    4.867056] ehci_hcd: USB 2.0 'Enhanced' Host Controller (EHCI) Driver
[    4.879558] ehci-pci: EHCI PCI platform driver
[    4.888719] ehci-platform: EHCI generic platform driver
[    4.898692] ohci_hcd: USB 1.1 'Open' Host Controller (OHCI) Driver
[    4.909642] ohci-pci: OHCI PCI platform driver
[    4.919181] ohci-platform: OHCI generic platform driver
[    4.934677] uhci_hcd: USB Universal Host Controller Interface driver
[    4.947897] i8042: PNP: PS/2 Controller [PNP0303:PS2K,PNP0f03:PS2M] at 0x60,0x64 irq 1,12
[    4.969006] serio: i8042 KBD port at 0x60,0x64 irq 1
[    4.980236] serio: i8042 AUX port at 0x60,0x64 irq 12
[    4.992008] mousedev: PS/2 mouse device common for all mice
[    5.006239] rtc_cmos rtc_cmos: rtc core: registered rtc_cmos as rtc0
[    5.018009] rtc_cmos rtc_cmos: alarms up to one day, 114 bytes nvram
[    5.030044] i2c /dev entries driver
[    5.037636] device-mapper: uevent: version 1.0.3
[    5.047480] device-mapper: ioctl: 4.34.0-ioctl (2015-10-28) initialised: dm-devel@redhat.com
[    5.064708] ledtrig-cpu: registered to indicate activity on CPUs
[    5.076845] input: AT Translated Set 2 keyboard as /devices/platform/i8042/serio0/input/input2
[    5.093860] NET: Registered protocol family 10
[    5.103661] NET: Registered protocol family 17
[    5.111935] Key type dns_resolver registered
[    5.120544] registered taskstats version 1
[    5.128874] Loading compiled-in X.509 certificates
[    5.138557] Loaded X.509 cert 'Build time autogenerated kernel key: 22d3a5535218f8054ed36ef6cb783aea6be3ac13'
[    5.155733] zswap: loaded using pool lzo/zbud
[    5.169498] Key type trusted registered
[    5.191580] Key type encrypted registered
[    5.200482] AppArmor: AppArmor sha1 policy hashing enabled
[    5.211036] ima: No TPM chip found, activating TPM-bypass!
[    5.221030] ima: Allocated hash algorithm: sha1
[    5.229964] evm: HMAC attrs: 0x1
[    5.238808]   Magic number: 5:270:473
[    5.246937] rtc_cmos rtc_cmos: setting system clock to 2021-05-20 08:28:11 UTC (1621499291)
[    5.264356] BIOS EDD facility v0.16 2004-Jun-25, 0 devices found
[    5.275531] EDD information not available.
[    5.288622] Freeing unused kernel memory: 1492K
[    5.300533] Write protecting the kernel read-only data: 14336k
[    5.316890] Freeing unused kernel memory: 1584K
[    5.326107] Freeing unused kernel memory: 52K
Loading, please wait...
starting version 229
[    5.373738] random: systemd-udevd: uninitialized urandom read (16 bytes read, 5 bits of entropy available)
[    5.375490] random: udevadm: uninitialized urandom read (16 bytes read, 5 bits of entropy available)
[    5.375524] random: udevadm: uninitialized urandom read (16 bytes read, 5 bits of entropy available)
[    5.396126] random: udevadm: uninitialized urandom read (16 bytes read, 5 bits of entropy available)
[    5.396205] random: udevadm: uninitialized urandom read (16 bytes read, 5 bits of entropy available)
[    5.396446] random: udevadm: uninitialized urandom read (16 bytes read, 5 bits of entropy available)
[    5.396537] random: udevadm: uninitialized urandom read (16 bytes read, 5 bits of entropy available)
[    5.396625] random: udevadm: uninitialized urandom read (16 bytes read, 5 bits of entropy available)
[    5.396709] random: udevadm: uninitialized urandom read (16 bytes read, 5 bits of entropy available)
[    5.396805] random: udevadm: uninitialized urandom read (16 bytes read, 5 bits of entropy available)
[    5.623979] e1000: Intel(R) PRO/1000 Network Driver - version 7.3.21-k8-NAPI
[    5.637378] e1000: Copyright (c) 1999-2006 Intel Corporation.
[    5.685583] Fusion MPT base driver 3.04.20
[    5.696906] Copyright (c) 1999-2008 LSI Corporation
[    5.749917] Fusion MPT SPI Host driver 3.04.20
[    5.791685] AVX2 version of gcm_enc/dec engaged.
[    5.802390] AES CTR mode by8 optimization enabled
[    5.959525] input: ImExPS/2 Generic Explorer Mouse as /devices/platform/i8042/serio1/input/input4
[    6.602609] e1000 0000:00:03.0 eth0: (PCI:33MHz:32-bit) 02:b2:7d:35:d4:c1
[    6.614452] e1000 0000:00:03.0 eth0: Intel(R) PRO/1000 Network Connection
[    6.630797] mptbase: ioc0: Initiating bringup
[    6.706781] ioc0: LSI53C1030 A0: Capabilities={Initiator}
[    6.894415] scsi host2: ioc0: LSI53C1030 A0, FwRev=00000000h, Ports=1, MaxQ=256, IRQ=20
[    7.030118] scsi 2:0:0:0: Direct-Access     VBOX     HARDDISK         1.0  PQ: 0 ANSI: 5
[    7.046895] scsi target2:0:0: Beginning Domain Validation
[    7.074230] scsi target2:0:0: Domain Validation skipping write tests
[    7.086803] scsi target2:0:0: Ending Domain Validation
[    7.098366] scsi target2:0:0: asynchronous
[    7.120834] scsi 2:0:1:0: Direct-Access     VBOX     HARDDISK         1.0  PQ: 0 ANSI: 5
[    7.136670] scsi target2:0:1: Beginning Domain Validation
[    7.157984] scsi target2:0:1: Domain Validation skipping write tests
[    7.169012] scsi target2:0:1: Ending Domain Validation
[    7.179330] scsi target2:0:1: asynchronous
[    7.216240] sd 2:0:0:0: Attached scsi generic sg0 type 0
[    7.221526] sd 2:0:0:0: [sda] 83886080 512-byte logical blocks: (42.9 GB/40.0 GiB)
[    7.222259] sd 2:0:0:0: [sda] Write Protect is off
[    7.222747] sd 2:0:0:0: [sda] Incomplete mode parameter data
[    7.222749] sd 2:0:0:0: [sda] Assuming drive cache: write through
[    7.407415] sd 2:0:1:0: Attached scsi generic sg1 type 0
[    7.413723] sd 2:0:1:0: [sdb] 20480 512-byte logical blocks: (10.5 MB/10.0 MiB)
[    7.414445] sd 2:0:1:0: [sdb] Write Protect is off
[    7.415026] sd 2:0:1:0: [sdb] Incomplete mode parameter data
[    7.415028] sd 2:0:1:0: [sdb] Assuming drive cache: write through
[    7.417754]  sda: sda1
[    7.477575] sd 2:0:0:0: [sda] Attached SCSI disk
[    7.495921] sd 2:0:1:0: [sdb] Attached SCSI disk
[    8.110245] e1000 0000:00:08.0 eth1: (PCI:33MHz:32-bit) 08:00:27:91:07:b7
[    8.123074] e1000 0000:00:08.0 eth1: Intel(R) PRO/1000 Network Connection
[    8.140889] e1000 0000:00:08.0 enp0s8: renamed from eth1
[    8.161188] e1000 0000:00:03.0 enp0s3: renamed from eth0
Begin: Loading essential drivers ... [   12.078885] md: linear personality registered for level -1
[   12.095839] md: multipath personality registered for level -4
[   12.114089] md: raid0 personality registered for level 0
[   12.141932] md: raid1 personality registered for level 1
[   12.224816] raid6: sse2x1   gen()  4547 MB/s
[   12.304810] raid6: sse2x1   xor()  4772 MB/s
[   12.380756] raid6: sse2x2   gen()  9644 MB/s
[   12.452787] raid6: sse2x2   xor()  6749 MB/s
[   12.528745] raid6: sse2x4   gen() 12079 MB/s
[   12.600742] raid6: sse2x4   xor()  7961 MB/s
[   12.672757] raid6: avx2x1   gen() 15389 MB/s
[   12.744739] raid6: avx2x2   gen() 18251 MB/s
[   12.820742] raid6: avx2x4   gen() 20359 MB/s
[   12.828245] raid6: using algorithm avx2x4 gen() 20359 MB/s
[   12.838674] raid6: using avx2x2 recovery algorithm
[   12.850386] xor: automatically using best checksumming function:
[   13.242250]    avx       : 255376.000 MB/sec
[   13.258071] async_tx: api initialized (async)
[   13.317981] md: raid6 personality registered for level 6
[   13.329960] md: raid5 personality registered for level 5
[   13.341487] md: raid4 personality registered for level 4
[   13.386331] md: raid10 personality registered for level 10
done.
Begin: Running /scripts/init-premount ... done.
Begin: Mounting root file system ... Begin: Running /scripts/local-top ... done.
Begin: Running /scripts/local-premount ... [   13.535267] Btrfs loaded
Scanning for Btrfs filesystems
done.
Warning: fsck not present, so skipping root file system
[   13.641838] EXT4-fs (sda1): mounted filesystem with ordered data mode. Opts: (null)
done.
Begin: Running /scripts/local-bottom ... done.
Begin: Running /scripts/init-bottom ... done.
[   13.969192] systemd[1]: systemd 229 running in system mode. (+PAM +AUDIT +SELINUX +IMA +APPARMOR +SMACK +SYSVINIT +UTMP +LIBCRYPTSETUP +GCRYPT +GNUTLS +ACL +XZ -LZ4 +SECCOMP +BLKID +ELFUTILS +KMOD -IDN)
[   13.998118] systemd[1]: Detected virtualization oracle.
[   14.007248] systemd[1]: Detected architecture x86-64.

Welcome to [1mUbuntu 16.04.7 LTS[0m!

[   14.030760] systemd[1]: Set hostname to <ubuntu>.
[   14.046372] systemd[1]: Initializing machine ID from random generator.
[   14.057401] systemd[1]: Installed transient /etc/machine-id file.
[   14.431838] systemd[1]: Started Forward Password Requests to Wall Directory Watch.
[[0;32m  OK  [0m] Started Forward Password Requests to Wall Directory Watch.
[   14.456916] systemd[1]: Listening on /dev/initctl Compatibility Named Pipe.
[[0;32m  OK  [0m] Listening on /dev/initctl Compatibility Named Pipe.
[   14.477127] systemd[1]: Listening on LVM2 metadata daemon socket.
[[0;32m  OK  [0m] Listening on LVM2 metadata daemon socket.
[   14.493706] systemd[1]: Listening on udev Control Socket.
[[0;32m  OK  [0m] Listening on udev Control Socket.
[   14.509609] systemd[1]: Set up automount Arbitrary Executable File Formats File System Automount Point.
[[0;32m  OK  [0m] Set up automount Arbitrary Executab...ats File System Automount Point.
[   14.536215] systemd[1]: Listening on fsck to fsckd communication Socket.
[[0;32m  OK  [0m] Listening on fsck to fsckd communication Socket.
[   14.557320] systemd[1]: Started Trigger resolvconf update for networkd DNS.
[[0;32m  OK  [0m] Started Trigger resolvconf update for networkd DNS.
[   14.576366] systemd[1]: Listening on Device-mapper event daemon FIFOs.
[[0;32m  OK  [0m] Listening on Device-mapper event daemon FIFOs.
[   14.594277] systemd[1]: Reached target Encrypted Volumes.
[[0;32m  OK  [0m] Reached target Encrypted Volumes.
[   14.612234] systemd[1]: Created slice User and Session Slice.
[[0;32m  OK  [0m] Created slice User and Session Slice.
[   14.634112] systemd[1]: Reached target System Time Synchronized.
[[0;32m  OK  [0m] Reached target System Time Synchronized.
[   14.654109] systemd[1]: Listening on Journal Audit Socket.
[[0;32m  OK  [0m] Listening on Journal Audit Socket.
[   14.672911] systemd[1]: Listening on Journal Socket (/dev/log).
[[0;32m  OK  [0m] Listening on Journal Socket (/dev/log).
[   14.692243] systemd[1]: Listening on Syslog Socket.
[[0;32m  OK  [0m] Listening on Syslog Socket.
[   14.709732] systemd[1]: Listening on Journal Socket.
[[0;32m  OK  [0m] Listening on Journal Socket.
[   14.726313] systemd[1]: Reached target User and Group Name Lookups.
[[0;32m  OK  [0m] Reached target User and Group Name Lookups.
[   14.747574] systemd[1]: Created slice System Slice.
[[0;32m  OK  [0m] Created slice System Slice.
[   14.777034] systemd[1]: Starting Set console keymap...
         Starting Set console keymap...
[   14.795336] systemd[1]: Starting File System Check on Root Device...
[   14.808068] random: nonblocking pool is initialized
         Starting File System Check on Root Device...
[   14.830354] systemd[1]: Reached target Slices.
[[0;32m  OK  [0m] Reached target Slices.
[   14.862046] systemd[1]: Starting Uncomplicated firewall...
         Starting Uncomplicated firewall...
[   14.886573] systemd[1]: Starting Journal Service...
         Starting Journal Service...
[   14.912875] systemd[1]: Starting Load Kernel Modules...
         Starting Load Kernel Modules...
[   14.954359] Loading iSCSI transport class v2.0-870.
[   14.969209] systemd[1]: Mounting POSIX Message Queue File System...
         Mounting POSIX Message Queue File System...
[   14.999664] systemd[1]: Starting Create list of required static device nodes for the current kernel...
         Starting Create list of required st... nodes for the current kernel...
[   15.034471] iscsi: registered transport (tcp)
[   15.038595] systemd[1]: Mounting Huge Pages File System...
         Mounting Huge Pages File System...
[   15.092754] systemd[1]: Starting Nameserver information manager...
         Starting Nameserver information manager...
[   15.119599] systemd[1]: Starting Monitoring of LVM2 mirrors, snapshots etc. using dmeventd or progress polling...
         Starting Monitoring of LVM2 mirrors... dmeventd or progress polling...
[   15.162663] systemd[1]: Created slice system-serial\x2dgetty.slice.
[[0;32m  OK  [0m] Created slice system-serial\x2dgetty.slice.
[   15.188899] systemd[1]: Listening on udev Kernel Socket.
[[0;32m  OK  [0m] Listening on udev Kernel Socket.
[   15.215813] systemd[1]: Listening on LVM2 poll daemon socket.
[[0;32m  OK  [0m] Listening on LVM2 poll daemon socket.
[   15.247227] iscsi: registered transport (iser)
[   15.248967] systemd[1]: Mounting Debug File System...
         Mounting Debug File System...
[   15.275253] systemd[1]: Reached target Swap.
[[0;32m  OK  [0m] Reached target Swap.
[   15.302239] systemd[1]: Mounted POSIX Message Queue File System.
[[0;32m  OK  [0m] Mounted POSIX Message Queue File System.
[   15.322669] systemd[1]: Mounted Debug File System.
[[0;32m  OK  [0m] Mounted Debug File System.
[   15.347329] systemd[1]: Mounted Huge Pages File System.
[[0;32m  OK  [0m] Mounted Huge Pages File System.
[   15.374305] systemd[1]: Started Journal Service.
[[0;32m  OK  [0m] Started Journal Service.
[[0;32m  OK  [0m] Started Set console keymap.
[[0;32m  OK  [0m] Started File System Check on Root Device.
[[0;32m  OK  [0m] Started Uncomplicated firewall.
[[0;32m  OK  [0m] Started Load Kernel Modules.
[[0;32m  OK  [0m] Started Create list of required sta...ce nodes for the current kernel.
[[0;32m  OK  [0m] Started LVM2 metadata daemon.
[[0;32m  OK  [0m] Started File System Check Daemon to report status.
         Starting Create Static Device Nodes in /dev...
         Starting Apply Kernel Variables...
         Mounting FUSE Control File System...
         Starting Remount Root and Kernel File Systems...
[[0;32m  OK  [0m] Started Nameserver information manager.
[[0;32m  OK  [0m] Started Apply Kernel Variables.
[[0;32m  OK  [0m] Mounted FUSE Control File System.
[[0;32m  OK  [0m] Started Remount Root and Kernel File Systems.
         Starting Load/Save Random Seed...
         Starting udev Coldplug all Devices...
         Starting Flush Journal to Persistent Storage...
[[0;32m  OK  [0m] Started Create Static Device Nodes in /dev.
[[0;32m  OK  [0m] Started Load/Save Random Seed.
         Starting udev Kernel Device Manager...
[[0;32m  OK  [0m] Started Flush Journal to Persistent Storage.
[[0;32m  OK  [0m] Started udev Coldplug all Devices.
[[0;32m  OK  [0m] Started udev Kernel Device Manager.
[[0;32m  OK  [0m] Started Dispatch Password Requests to Console Directory Watch.
[[0;32m  OK  [0m] Started Monitoring of LVM2 mirrors,...ng dmeventd or progress polling.
[[0;32m  OK  [0m] Reached target Local File Systems (Pre).
[[0;32m  OK  [0m] Reached target Local File Systems.
         Starting Initial cloud-init job (pre-networking)...
         Starting Commit a transient machine-id on disk...
         Starting Tell Plymouth To Write Out Runtime Data...
         Starting Create Volatile Files and Directories...
         Starting Set console font and keymap...
         Starting LSB: AppArmor initialization...
[[0;32m  OK  [0m] Started Tell Plymouth To Write Out Runtime Data.
[[0;32m  OK  [0m] Started Commit a transient machine-id on disk.
[[0;32m  OK  [0m] Started Create Volatile Files and Directories.
         Starting Update UTMP about System Boot/Shutdown...
[[0;32m  OK  [0m] Started Update UTMP about System Boot/Shutdown.
[[0;32m  OK  [0m] Found device /dev/ttyS0.
[[0;32m  OK  [0m] Listening on Load/Save RF Kill Switch Status /dev/rfkill Watch.
[[0;32m  OK  [0m] Started LSB: AppArmor initialization.
[   16.906378] cloud-init[491]: Cloud-init v. 21.1-19-gbad84ad4-0ubuntu1~16.04.1 running 'init-local' at Thu, 20 May 2021 08:28:24 +0000. Up 16.09 seconds.
[[0;32m  OK  [0m] Started Initial cloud-init job (pre-networking).
[[0;32m  OK  [0m] Reached target Network (Pre).
         Starting Load AppArmor profiles managed internally by snapd...
         Starting Raise network interfaces...
[[0;32m  OK  [0m] Started Load AppArmor profiles managed internally by snapd.
[[0;32m  OK  [0m] Started Set console font and keymap.
[[0;32m  OK  [0m] Created slice system-getty.slice.
[[0;32m  OK  [0m] Started Raise network interfaces.
         Starting Initial cloud-init job (metadata service crawler)...
[[0;32m  OK  [0m] Reached target Network.
[   26.067370] cloud-init[970]: Cloud-init v. 21.1-19-gbad84ad4-0ubuntu1~16.04.1 running 'init' at Thu, 20 May 2021 08:28:33 +0000. Up 24.78 seconds.
[   26.081583] cloud-init[970]: ci-info: ++++++++++++++++++++++++++++++++++++++Net device info+++++++++++++++++++++++++++++++++++++++
[   26.095558] cloud-init[970]: ci-info: +--------+-------+----------------------------+---------------+--------+-------------------+
[   26.110386] cloud-init[970]: ci-info: | Device |   Up  |          Address           |      Mask     | Scope  |     Hw-Address    |
[   26.122298] cloud-init[970]: ci-info: +--------+-------+----------------------------+---------------+--------+-------------------+
[   26.133040] cloud-init[970]: ci-info: | enp0s3 |  True |         10.0.2.15          | 255.255.255.0 | global | 02:b2:7d:35:d4:c1 |
[   26.143707] cloud-init[970]: ci-info: | enp0s3 |  True | fe80::b2:7dff:fe35:d4c1/64 |       .       |  link  | 02:b2:7d:35:d4:c1 |
[   26.155998] cloud-init[970]: ci-info: | enp0s8 | False |             .              |       .       |   .    | 08:00:27:91:07:b7 |
[   26.166795] cloud-init[970]: ci-info: |   lo   |  True |         127.0.0.1          |   255.0.0.0   |  host  |         .         |
[   26.178829] cloud-init[970]: ci-info: |   lo   |  True |          ::1/128           |       .       |  host  |         .         |
[   26.189690] cloud-init[970]: ci-info: +--------+-------+----------------------------+---------------+--------+-------------------+
[   26.199998] cloud-init[970]: ci-info: +++++++++++++++++++++++++++Route IPv4 info++++++++++++++++++++++++++++
[   26.209029] cloud-init[970]: ci-info: +-------+-------------+----------+---------------+-----------+-------+
[   26.223056] cloud-init[970]: ci-info: | Route | Destination | Gateway  |    Genmask    | Interface | Flags |
[   26.234143] cloud-init[970]: ci-info: +-------+-------------+----------+---------------+-----------+-------+[
[   26.244667] cloud-init[970]: ci-info: |   0   |   0.0.0.0   | 10.0.2.2 |    0.0.0.0    |   enp0s3  |   UG  |
[   26.244969] cloud-init[970]: ci-info: |   1   |   10.0.2.0  | 0.0.0.0  | 255.255.255.0 |   enp0s3  |   U   |
[   26.245954] cloud-init[970]: ci-info: +-------+-------------+----------+---------------+-----------+-------+
[   26.254113] cloud-init[970]: ci-info: +++++++++++++++++++Route IPv6 info+++++++++++++++++++
[   26.254834] cloud-init[970]: ci-info: +-------+-------------+---------+-----------+-------+
[   26.255465] cloud-init[970]: ci-info: | Route | Destination | Gateway | Interface | Flags |
[   26.256306] cloud-init[970]: ci-info: +-------+-------------+---------+-----------+-------+
[   26.259074] cloud-init[970]: ci-info: |   0   |  fe80::/64  |    ::   |   enp0s3  |   U   |
[0;32m  OK  [0m] Started Initial cloud-init job (metadata service crawler).
[   26.259237] cloud-init[970]: ci-info: |   3   |   ff00::/8  |    ::   |   enp0s3  |   U   |
[[   26.319582] cloud-init[970]: ci-info: +-------+-------------+---------+-----------+-------+
[   26.324361] cloud-init[970]: Generating public/private rsa key pair.
[   26.334006] cloud-init[970]: Your identification has been saved in /etc/ssh/ssh_host_rsa_key.
[   26.341998] cloud-init[970]: Your public key has been saved in /etc/ssh/ssh_host_rsa_key.pub.
[   26.349846] cloud-init[970]: The key fingerprint is:
[   26.351243] cloud-init[970]: SHA256:Yv9GEiSPzBgAsx9er4Q5DBlOOsiHaosIS8tlP8k4A4s root@ubuntu-xenial
[   26.363745] cloud-init[970]: The key's randomart image is:
[   26.370235] cloud-init[970]: +---[RSA 2048]----+
[   26.371178] cloud-init[970]: |+o..             |
[   26.379421] cloud-init[970]: |*=. . . .        |
[   26.381644] cloud-init[970]: |B+...= =         |
[   26.381702] cloud-init[970]: |.*.=..+ o        |
[   26.392175] cloud-init[970]: |o+Bo. + S.       |
[   26.393536] cloud-init[970]: |O.Bo+o.o. .      |
[   26.393588] cloud-init[970]: |E= +.=  .o       |
[   26.393679] cloud-init[970]: |    o .  ..      |
[   26.408763] cloud-init[970]: |         ..      |
[   26.414806] cloud-init[970]: +----[SHA256]-----+
[   26.422976] cloud-init[970]: Generating public/private dsa key pair.
[   26.423042] cloud-init[970]: Your identification has been saved in /etc/ssh/ssh_host_dsa_key.
[   26.423096] cloud-init[970]: Your public key has been saved in /etc/ssh/ssh_host_dsa_key.pub.
[   26.427116] cloud-init[970]: The key fingerprint is:
[   26.435422] cloud-init[970]: SHA256:6Vr3Iet4sQfT9lbf/BthwaTE154MSUl6ZI2HMDKk3zw root@ubuntu-xenial
[   26.438916] cloud-init[970]: The key's randomart image is:
[   26.454512] cloud-init[970]: +---[DSA 1024]----+
[   26.459211] cloud-init[970]: |        .+ o=**..|
[0;32m  OK  [0m] Reached target Cloud-config availability.
[[0;32m  OK  [0m] Reached target System Initialization.
[[0;32m  OK  [0m] Started Daily Cleanup of Temporary Directories.
[   26.459291] cloud-init[970]: |        . o *B++.|
[   26.510375] cloud-init[970]: |       .   . o=+.|
         Starting LXD - unix socket.
[   26.520766] cloud-init[970]: |        ..o .  oo|
[   26.541952] cloud-init[970]: |        S. E   o |
[   26.542135] cloud-init[970]: |       .  + + . o|
[   26.542196] [[0;32m  OK  [0m] Started ACPI Events Check.
[[0;32m  OK  [0mcloud-init[970]: |        o o*.. +o|
[   26.559134] cloud-init[970]: |       o oo+..o =|
] [   26.559273] cloud-init[970]: |      . .oo... .+|
Reached target Paths.
[   26.566900] cloud-init[970]: +----[SHA256]-----+
[   26.572889]          Starting Socket activation for snappy daemon.
[cloud-init[970]: Generating public/private ecdsa key pair.
[   26.582634] [0;32m  OK  [0m] Listening on D-Bus System Message Bus Socket.
[cloud-init[970]: Your identification has been saved in /etc/ssh/ssh_host_ecdsa_key.
[   26.594981] [0;32m  OK  [0m] Started Daily apt download activities.
[cloud-init[970]: Your public key has been saved in /etc/ssh/ssh_host_ecdsa_key.pub.
[   26.609591] cloud-init[0;32m  OK  [0m] Started Daily apt upgrade and clean activities.
[[970]: The key fingerprint is:
[   26.623461] cloud-init[970]: SHA256:+3/qpWoSAJD8J+Q5gVaEb1rokJKi/ZwjQoR6CMPG5wU root@ubuntu-xenial
[0;32m  OK  [0m] Listening on UUID daemon activation socket.
[[0;32m  OK  [0m] Listening on ACPID Listen Socket.
[[0;32m  OK  [0m] Started Message of the Day.
[[0;32m  OK  [0m[   26.623523] cloud-init[970]: The key's randomart image is:
[   26.658558] cloud-init[970]: +---[ECDSA 256]---+
] Reached target Timers.
[[0;32m  OK  [0m] Reached target Network is Online.
[   26.667292] cloud-init[970]: | ..Bo            |
[   26.683440] cloud-init[970]: |  *E+            |
[   26.689954] cloud-init[970]: |++ *.+           |
[   26.696328] cloud-init[970]: |X=..X.o          |
         Starting iSCSI initiator daemon (iscsid)...
[[0;32m  OK  [0m] Listening on LXD - unix socket.
[[0;32m  OK  [0m] Listening on Socket activation for snappy daemon.
[[0;32m  OK  [0m] Reached target Sockets.
[[0;32m  OK  [0m] Reached target Basic System.
[   26.708978]          Starting Pollinate to seed the pseudo random number generator...
         Starting System Logging Service...
[[0;32m  OK  [0m] Started D-Bus System Message Bus.
cloud-init[970]: |O*o+.+ .S        |
[   26.763153] cloud-init[970]: |+.=.    ..       |
[   26.773527] cloud-init[970]: |.. o .  ..    .  |
[   26.782026] cloud-init[970]: |. . =   ...  o.  |
[   26.795067] cloud-init[970]: | . . .   oo+=o   |
[   26.810019] cloud-init[970]: +----[SHA256]-----+
[   26.828753] cloud-init[970]: Generating public/private ed25519 key pair.
[   26.850969] cloud-init[970]: Your identification has been saved in /etc/ssh/ssh_host_ed25519_key.
[   26.876655] cloud-init[970]: Your public key has been saved in /etc/ssh/ssh_host_ed25519_key.pub.
[   26.891051] cloud-init[970]: The key fingerprint is:[[0;32m  OK  [0m] Started ACPI event daemon.
         Starting /etc/rc.local Compatibility...
         Starting LSB: MD monitoring daemon...
[[0;32m  OK  [0m] Started Deferred execution scheduler.

[[0;32m  OK  [0m] Started Regular background program processing daemon.
[[   26.943103] cloud-init[970]: SHA256:PHbCNUa4YwQe0i5NaWWdsjubcKD0rIO1ZVTlss+naAk root@ubuntu-xenial
[0;32m  OK  [0m] Started FUSE filesystem for LXC.
         Starting Snap Daemon...
[   26.959519] cloud-init[970]: The key's randomart image is:
         [   26.985202] cloud-init[970]: +--[ED25519 256]--+
[   26.993944] cloud-init[970]: |    ..o+o+o.     |
[   27.000683] cloud-init[970]: |     o=o=oo      |
[   27.001306] cloud-init[970]: |     =.o.+=      |
[   27.001478] cloud-init[970]: |    o =o== .     |
[   27.001540] cloud-init[970]: |   . * oSo.      |
[   27.001633] cloud-init[970]: |    o E.+*       |
[   27.001919] cloud-init[970]: |   o = + =o .    |
[   27.002481] cloud-init[970]: |  . +   =. o     |
[   27.002550] cloud-init[970]: |     . .. .      |
Starting LSB: Record successful boot for GRUB...
         Starting Virtualbox guest utils...
         Starting Login Service...
         Starting Accounts Service...
         Starting LXD - container startup/shutdown...
[[0;32m  OK  [0m] Started System Logging Service.
[[0;32m  OK  [0m] Started /etc/rc.local Compatibility.
[   27.003074] cloud-init[970]: +----[SHA256]-----+
[[0;32m  OK  [0m] Started iSCSI initiator daemon (iscsid).
         Starting Login to default iSCSI targets...
[[0;32m  OK  [0m] Started Login Service.
[[0;32m  OK  [0m] Started Unattended Upgrades Shutdown.
[[0;32m  OK  [0m] Started LSB: MD monitoring daemon.
[[0;32m  OK  [0m] Started Login to default iSCSI targets.
[[0;32m  OK  [0m] Reached target Remote File Systems (Pre).
[[0;32m  OK  [0m] Reached target Remote File Systems.
         Starting LSB: daemon to balance interrupts for SMP systems...
         Starting Permit User Sessions...
         Starting LSB: Set the CPU Frequency Scaling governor to "ondemand"...
         Starting LSB: automatic crash report generation...
[[0;32m  OK  [0m] Started LSB: Record successful boot for GRUB.
[[0;32m  OK  [0m] Started Permit User Sessions.
         Starting Terminate Plymouth Boot Screen...
         Starting Hold until boot process finishes up...
[[0;32m  OK  [0m] Started Hold until boot process finishes up.
[[0;32m  OK  [0m] Started Getty on tty1.
         Starting Set console scheme...
[[0;32m  OK  [0m] Started Serial Getty on ttyS0.
[[0;32m  OK  [0m] Reached target Login Prompts.
[[0;32m  OK  [0m] Started Terminate Plymouth Boot Screen.
[[0;32m  OK  [0m] Started Set console scheme.
         Starting Authenticate and Authorize Users to Run Privileged Tasks...
[[0;32m  OK  [0m] Started LSB: Set the CPU Frequency Scaling governor to "ondemand".
[[0;32m  OK  [0m] Started LSB: automatic crash report generation.
[[0;32m  OK  [0m] Started Virtualbox guest utils.
[[0;32m  OK  [0m] Started LSB: daemon to balance interrupts for SMP systems.
[[0;32m  OK  [0m] Started Authenticate and Authorize Users to Run Privileged Tasks.
[[0;32m  OK  [0m] Started LXD - container startup/shutdown.
[[0;32m  OK  [0m] Started Accounts Service.
[[0;32m  OK  [0m] Started Pollinate to seed the pseudo random number generator.
         Starting OpenBSD Secure Shell server...
[[0;32m  OK  [0m] Started OpenBSD Secure Shell server.
[[0;32m  OK  [0m] Started Snap Daemon.
         Starting Wait until snapd is fully seeded...
[[0;32m  OK  [0m] Started Wait until snapd is fully seeded.
[[0;32m  OK  [0m] Reached target Multi-User System.
[[0;32m  OK  [0m] Reached target Graphical Interface.
         Starting Update UTMP about System Runlevel Changes...
         Starting Apply the settings specified in cloud-config...
[[0;32m  OK  [0m] Started Update UTMP about System Runlevel Changes.
[[0;32m  OK  [0m] Created slice User Slice of vagrant.
         Starting User Manager for UID 1000...
[[0;32m  OK  [0m] Started Session 1 of user vagrant.
[[0;32m  OK  [0m] Started User Manager for UID 1000.
[   30.664548] cloud-init[1323]: Generating locales (this might take a while)...
[   32.956148] cloud-init[1323]:   en_US.UTF-8... done
[   32.981734] cloud-init[1323]: Generation complete.

Ubuntu 16.04.7 LTS ubuntu-xenial ttyS0

ubuntu-xenial login: [   33.890181] cloud-init[1323]: Cloud-init v. 21.1-19-gbad84ad4-0ubuntu1~16.04.1 running 'modules:config' at Thu, 20 May 2021 08:28:38 +0000. Up 30.28 seconds.
ci-info: no authorized SSH keys fingerprints found for user ubuntu.
<14>May 20 08:28:43 ec2: 
<14>May 20 08:28:43 ec2: #############################################################
<14>May 20 08:28:43 ec2: -----BEGIN SSH HOST KEY FINGERPRINTS-----
<14>May 20 08:28:43 ec2: 1024 SHA256:6Vr3Iet4sQfT9lbf/BthwaTE154MSUl6ZI2HMDKk3zw root@ubuntu-xenial (DSA)
<14>May 20 08:28:43 ec2: 256 SHA256:+3/qpWoSAJD8J+Q5gVaEb1rokJKi/ZwjQoR6CMPG5wU root@ubuntu-xenial (ECDSA)
<14>May 20 08:28:43 ec2: 256 SHA256:PHbCNUa4YwQe0i5NaWWdsjubcKD0rIO1ZVTlss+naAk root@ubuntu-xenial (ED25519)
<14>May 20 08:28:43 ec2: 2048 SHA256:Yv9GEiSPzBgAsx9er4Q5DBlOOsiHaosIS8tlP8k4A4s root@ubuntu-xenial (RSA)
<14>May 20 08:28:43 ec2: -----END SSH HOST KEY FINGERPRINTS-----
<14>May 20 08:28:43 ec2: #############################################################
-----BEGIN SSH HOST KEY KEYS-----
ecdsa-sha2-nistp256 AAAAE2VjZHNhLXNoYTItbmlzdHAyNTYAAAAIbmlzdHAyNTYAAABBBGKHE0ng7WEgbRE/DJ/2HlGzxoua8Z54n7jxunfe4T1oOTv+XxISUc1541m9AxQJwAd3Q7LfeZ2kYodjGtbFHgk= root@ubuntu-xenial
ssh-ed25519 AAAAC3NzaC1lZDI1NTE5AAAAILZAQ+gFLkB1CbCaGFlOR0X67zBPsHW27tJRpZUjlG3X root@ubuntu-xenial
ssh-rsa AAAAB3NzaC1yc2EAAAADAQABAAABAQCq15E0Ib7LU43Uq2UMCrJExUR+iL4+lPq1rOc0DLlaVtLp2SotFeg5vcyUgQ84cAArkloTXf5AyKUeVEbJSD/b05O3ot2MkcRtMPe9HgT41F14/3s1xUclAyzWJ430+iipq1b7DtWj3bm4w5fDW35IMH1+N304cV+fL9Gz3CS0xUefiaHtd5vJOF7jieHNRIPznqHXZoi4iQf4dWJuhNSheVq3ESUUn2ucx0JGIgpJjHz1JUXd5vwhPqZvJxpvihd5hSNWEUarJCv5FJZDPfsJUR2Dg031HlT9Z981ZGxPfIQOn5IPqWpPzYpQNzC3uKtJaUAzych+oTwWUxc+SMH3 root@ubuntu-xenial
-----END SSH HOST KEY KEYS-----
[   35.132871] cloud-init[1518]: Cloud-init v. 21.1-19-gbad84ad4-0ubuntu1~16.04.1 running 'modules:final' at Thu, 20 May 2021 08:28:43 +0000. Up 34.70 seconds.
[   35.133627] cloud-init[1518]: ci-info: no authorized SSH keys fingerprints found for user ubuntu.
[   35.134749] cloud-init[1518]: Cloud-init v. 21.1-19-gbad84ad4-0ubuntu1~16.04.1 finished at Thu, 20 May 2021 08:28:43 +0000. Datasource DataSourceNoCloud [seed=/dev/sdb][dsmode=net].  Up 35.04 seconds
