[    0.000000] Initializing cgroup subsys cpuset
[    0.000000] Initializing cgroup subsys cpu
[    0.000000] Initializing cgroup subsys cpuacct
[    0.000000] Linux version 4.4.0-209-generic (buildd@lcy01-amd64-019) (gcc version 5.4.0 20160609 (Ubuntu 5.4.0-6ubuntu1~16.04.12) ) #241-Ubuntu SMP Tue Apr 13 01:06:06 UTC 2021 (Ubuntu 4.4.0-209.241-generic 4.4.262)
[    0.000000] Command line: BOOT_IMAGE=/boot/vmlinuz-4.4.0-209-generic root=LABEL=cloudimg-rootfs ro console=tty1 console=ttyS0
[    0.000000] KERNEL supported cpus:
[    0.000000]   Intel GenuineIntel
[    0.000000]   AMD AuthenticAMD
[    0.000000]   Centaur CentaurHauls
[    0.000000] x86/fpu: xstate_offset[2]:  576, xstate_sizes[2]:  256
[    0.000000] x86/fpu: Supporting XSAVE feature 0x01: 'x87 floating point registers'
[    0.000000] x86/fpu: Supporting XSAVE feature 0x02: 'SSE registers'
[    0.000000] x86/fpu: Supporting XSAVE feature 0x04: 'AVX registers'
[    0.000000] x86/fpu: Enabled xstate features 0x7, context size is 832 bytes, using 'standard' format.
[    0.000000] e820: BIOS-provided physical RAM map:
[    0.000000] BIOS-e820: [mem 0x0000000000000000-0x000000000009fbff] usable
[    0.000000] BIOS-e820: [mem 0x000000000009fc00-0x000000000009ffff] reserved
[    0.000000] BIOS-e820: [mem 0x00000000000f0000-0x00000000000fffff] reserved
[    0.000000] BIOS-e820: [mem 0x0000000000100000-0x000000001ffeffff] usable
[    0.000000] BIOS-e820: [mem 0x000000001fff0000-0x000000001fffffff] ACPI data
[    0.000000] BIOS-e820: [mem 0x00000000fec00000-0x00000000fec00fff] reserved
[    0.000000] BIOS-e820: [mem 0x00000000fee00000-0x00000000fee00fff] reserved
[    0.000000] BIOS-e820: [mem 0x00000000fffc0000-0x00000000ffffffff] reserved
[    0.000000] NX (Execute Disable) protection: active
[    0.000000] SMBIOS 2.5 present.
[    0.000000] Hypervisor detected: KVM
[    0.000000] e820: last_pfn = 0x1fff0 max_arch_pfn = 0x400000000
[    0.000000] MTRR: Disabled
[    0.000000] x86/PAT: MTRRs disabled, skipping PAT initialization too.
[    0.000000] CPU MTRRs all blank - virtualized system.
[    0.000000] x86/PAT: Configuration [0-7]: WB  WT  UC- UC  WB  WT  UC- UC  
[    0.000000] found SMP MP-table at [mem 0x0009fff0-0x0009ffff] mapped at [ffff88000009fff0]
[    0.000000] Scanning 1 areas for low memory corruption
[    0.000000] RAMDISK: [mem 0x1e988000-0x1f811fff]
[    0.000000] ACPI: Early table checksum verification disabled
[    0.000000] ACPI: RSDP 0x00000000000E0000 000024 (v02 VBOX  )
[    0.000000] ACPI: XSDT 0x000000001FFF0030 00003C (v01 VBOX   VBOXXSDT 00000001 ASL  00000061)
[    0.000000] ACPI: FACP 0x000000001FFF00F0 0000F4 (v04 VBOX   VBOXFACP 00000001 ASL  00000061)
[    0.000000] ACPI: DSDT 0x000000001FFF0470 002325 (v02 VBOX   VBOXBIOS 00000002 INTL 20190509)
[    0.000000] ACPI: FACS 0x000000001FFF0200 000040
[    0.000000] ACPI: FACS 0x000000001FFF0200 000040
[    0.000000] ACPI: APIC 0x000000001FFF0240 00005C (v02 VBOX   VBOXAPIC 00000001 ASL  00000061)
[    0.000000] ACPI: SSDT 0x000000001FFF02A0 0001CC (v01 VBOX   VBOXCPUT 00000002 INTL 20190509)
[    0.000000] No NUMA configuration found
[    0.000000] Faking a node at [mem 0x0000000000000000-0x000000001ffeffff]
[    0.000000] NODE_DATA(0) allocated [mem 0x1ffeb000-0x1ffeffff]
[    0.000000] kvm-clock: Using msrs 4b564d01 and 4b564d00
[    0.000000] kvm-clock: cpu 0, msr 0:1ffe3001, primary cpu clock
[    0.000000] kvm-clock: using sched offset of 5852103763 cycles
[    0.000000] clocksource: kvm-clock: mask: 0xffffffffffffffff max_cycles: 0x1cd42e4dffb, max_idle_ns: 881590591483 ns
[    0.000000] Zone ranges:
[    0.000000]   DMA      [mem 0x0000000000001000-0x0000000000ffffff]
[    0.000000]   DMA32    [mem 0x0000000001000000-0x000000001ffeffff]
[    0.000000]   Normal   empty
[    0.000000]   Device   empty
[    0.000000] Movable zone start for each node
[    0.000000] Early memory node ranges
[    0.000000]   node   0: [mem 0x0000000000001000-0x000000000009efff]
[    0.000000]   node   0: [mem 0x0000000000100000-0x000000001ffeffff]
[    0.000000] Initmem setup node 0 [mem 0x0000000000001000-0x000000001ffeffff]
[    0.000000] ACPI: PM-Timer IO Port: 0x4008
[    0.000000] IOAPIC[0]: apic_id 2, version 32, address 0xfec00000, GSI 0-23
[    0.000000] ACPI: INT_SRC_OVR (bus 0 bus_irq 0 global_irq 2 dfl dfl)
[    0.000000] ACPI: INT_SRC_OVR (bus 0 bus_irq 9 global_irq 9 low level)
[    0.000000] Using ACPI (MADT) for SMP configuration information
[    0.000000] smpboot: Allowing 2 CPUs, 0 hotplug CPUs
[    0.000000] PM: Registered nosave memory: [mem 0x00000000-0x00000fff]
[    0.000000] PM: Registered nosave memory: [mem 0x0009f000-0x0009ffff]
[    0.000000] PM: Registered nosave memory: [mem 0x000a0000-0x000effff]
[    0.000000] PM: Registered nosave memory: [mem 0x000f0000-0x000fffff]
[    0.000000] e820: [mem 0x20000000-0xfebfffff] available for PCI devices
[    0.000000] Booting paravirtualized kernel on KVM
[    0.000000] clocksource: refined-jiffies: mask: 0xffffffff max_cycles: 0xffffffff, max_idle_ns: 7645519600211568 ns
[    0.000000] setup_percpu: NR_CPUS:512 nr_cpumask_bits:512 nr_cpu_ids:2 nr_node_ids:1
[    0.000000] PERCPU: Embedded 33 pages/cpu @ffff88001fc00000 s95192 r8192 d31784 u1048576
[    0.000000] Built 1 zonelists in Node order, mobility grouping on.  Total pages: 128888
[    0.000000] Policy zone: DMA32
[    0.000000] Kernel command line: BOOT_IMAGE=/boot/vmlinuz-4.4.0-209-generic root=LABEL=cloudimg-rootfs ro console=tty1 console=ttyS0
[    0.000000] PID hash table entries: 2048 (order: 2, 16384 bytes)
[    0.000000] Memory: 481712K/523832K available (8644K kernel code, 1332K rwdata, 4044K rodata, 1492K init, 1164K bss, 42120K reserved, 0K cma-reserved)
[    0.000000] SLUB: HWalign=64, Order=0-3, MinObjects=0, CPUs=2, Nodes=1
[    0.000000] Kernel/User page tables isolation: enabled
[    0.000000] Hierarchical RCU implementation.
[    0.000000] 	Build-time adjustment of leaf fanout to 64.
[    0.000000] 	RCU restricting CPUs from NR_CPUS=512 to nr_cpu_ids=2.
[    0.000000] RCU: Adjusting geometry for rcu_fanout_leaf=64, nr_cpu_ids=2
[    0.000000] NR_IRQS:33024 nr_irqs:440 16
[    0.000000] Console: colour VGA+ 80x25
[    0.000000] console [tty1] enabled
[    0.000000] console [ttyS0] enabled
[    0.000000] tsc: Detected 2992.880 MHz processor
[    0.954353] Calibrating delay loop (skipped) preset value.. 5985.76 BogoMIPS (lpj=11971520)
[    0.970646] pid_max: default: 32768 minimum: 301
[    0.979507] ACPI: Core revision 20150930
[    0.988770] ACPI: 2 ACPI AML tables successfully acquired and loaded
[    0.999583] Security Framework initialized
[    1.006445] Yama: becoming mindful.
[    1.012394] AppArmor: AppArmor initialized
[    1.019620] Dentry cache hash table entries: 65536 (order: 7, 524288 bytes)
[    1.029614] Inode-cache hash table entries: 32768 (order: 6, 262144 bytes)
[    1.039003] Mount-cache hash table entries: 1024 (order: 1, 8192 bytes)
[    1.048173] Mountpoint-cache hash table entries: 1024 (order: 1, 8192 bytes)
[    1.067105] Initializing cgroup subsys io
[    1.073699] Initializing cgroup subsys memory
[    1.080740] Initializing cgroup subsys devices
[    1.088155] Initializing cgroup subsys freezer
[    1.095382] Initializing cgroup subsys net_cls
[    1.102450] Initializing cgroup subsys perf_event
[    1.109730] Initializing cgroup subsys net_prio
[    1.117098] Initializing cgroup subsys hugetlb
[    1.125115] Initializing cgroup subsys pids
[    1.134308] mce: CPU supports 0 MCE banks
[    1.140915] Last level iTLB entries: 4KB 64, 2MB 8, 4MB 8
[    1.148850] Last level dTLB entries: 4KB 64, 2MB 0, 4MB 0, 1GB 4
[    1.157133] Spectre V1 : Mitigation: usercopy/swapgs barriers and __user pointer sanitization
[    1.171514] Spectre V2 : Mitigation: Full generic retpoline
[    1.179312] Spectre V2 : Spectre v2 / SpectreRSB mitigation: Filling RSB on context switch
[    1.193882] Speculative Store Bypass: Vulnerable
[    1.202646] MDS: Mitigation: Clear CPU buffers
[    1.254007] Freeing SMP alternatives memory: 36K
[    1.341807] ftrace: allocating 32380 entries in 127 pages
[    1.917030] smpboot: APIC(0) Converting physical 0 to logical package 0
[    1.925715] smpboot: Max logical packages: 1
[    1.934127] x2apic enabled
[    1.941464] Switched APIC routing to physical x2apic.
[    1.957468] ..TIMER: vector=0x30 apic1=0 pin1=2 apic2=-1 pin2=-1
[    2.075122] smpboot: CPU0: Intel(R) Xeon(R) Gold 6248R CPU @ 3.00GHz (family: 0x6, model: 0x4f, stepping: 0x0)
[    2.092411] Performance Events: unsupported p6 CPU model 79 no PMU driver, software events only.
[    2.184189] KVM setup paravirtual spinlock
[    2.191611] x86: Booting SMP configuration:
[    2.197965] .... node  #0, CPUs:      #1
[    2.204889] kvm-clock: cpu 1, msr 0:1ffe3041, secondary cpu clock
[    2.212514] mce: CPU supports 0 MCE banks
[    2.217947] x86: Booted up 1 node, 2 CPUs
[    2.225799] smpboot: Total of 2 processors activated (11971.52 BogoMIPS)
[    2.238182] devtmpfs: initialized
[    2.254267] evm: security.selinux
[    2.259716] evm: security.SMACK64
[    2.265206] evm: security.SMACK64EXEC
[    2.270945] evm: security.SMACK64TRANSMUTE
[    2.277333] evm: security.SMACK64MMAP
[    2.283362] evm: security.ima
[    2.289013] evm: security.capability
[    2.297253] clocksource: jiffies: mask: 0xffffffff max_cycles: 0xffffffff, max_idle_ns: 7645041785100000 ns
[    2.311074] futex hash table entries: 512 (order: 3, 32768 bytes)
[    2.320115] pinctrl core: initialized pinctrl subsystem
[    2.327974] RTC time: 22:23:04, date: 05/23/21
[    2.335430] NET: Registered protocol family 16
[    2.353434] cpuidle: using governor ladder
[    2.369561] cpuidle: using governor menu
[    2.376968] PCCT header not found.
[    2.383108] ACPI: bus type PCI registered
[    2.389830] acpiphp: ACPI Hot Plug PCI Controller Driver version: 0.5
[    2.403769] PCI: Using configuration type 1 for base access
[    2.423752] ACPI: Added _OSI(Module Device)
[    2.432419] ACPI: Added _OSI(Processor Device)
[    2.439725] ACPI: Added _OSI(3.0 _SCP Extensions)
[    2.446843] ACPI: Added _OSI(Processor Aggregator Device)
[    2.456084] ACPI: Executed 1 blocks of module-level executable AML code
[    2.469624] ACPI: Interpreter enabled
[    2.475368] ACPI: (supports S0 S5)
[    2.481122] ACPI: Using IOAPIC for interrupt routing
[    2.488694] PCI: Using host bridge windows from ACPI; if necessary, use "pci=nocrs" and report a bug
[    2.510011] ACPI: PCI Root Bridge [PCI0] (domain 0000 [bus 00-ff])
[    2.518379] acpi PNP0A03:00: _OSC: OS supports [ASPM ClockPM Segments MSI]
[    2.528464] acpi PNP0A03:00: _OSC: not requesting OS control; OS requires [ExtendedConfig ASPM ClockPM MSI]
[    2.541769] acpi PNP0A03:00: fail to add MMCONFIG information, can't access extended PCI configuration space under this bridge.
[    2.558042] PCI host bridge to bus 0000:00
[    2.564576] pci_bus 0000:00: root bus resource [io  0x0000-0x0cf7 window]
[    2.573524] pci_bus 0000:00: root bus resource [io  0x0d00-0xffff window]
[    2.583049] pci_bus 0000:00: root bus resource [mem 0x000a0000-0x000bffff window]
[    2.595073] pci_bus 0000:00: root bus resource [mem 0x20000000-0xfdffffff window]
[    2.606421] pci_bus 0000:00: root bus resource [bus 00-ff]
[    2.625469] pci 0000:00:01.1: legacy IDE quirk: reg 0x10: [io  0x01f0-0x01f7]
[    2.634591] pci 0000:00:01.1: legacy IDE quirk: reg 0x14: [io  0x03f6]
[    2.643518] pci 0000:00:01.1: legacy IDE quirk: reg 0x18: [io  0x0170-0x0177]
[    2.653009] pci 0000:00:01.1: legacy IDE quirk: reg 0x1c: [io  0x0376]
[    2.849804] pci 0000:00:07.0: quirk: [io  0x4000-0x403f] claimed by PIIX4 ACPI
[    2.866062] pci 0000:00:07.0: quirk: [io  0x4100-0x410f] claimed by PIIX4 SMB
[    2.957147] ACPI: PCI Interrupt Link [LNKA] (IRQs 5 9 10 *11)
[    2.970147] ACPI: PCI Interrupt Link [LNKB] (IRQs 5 9 *10 11)
[    2.982589] ACPI: PCI Interrupt Link [LNKC] (IRQs 5 *9 10 11)
[    2.995163] ACPI: PCI Interrupt Link [LNKD] (IRQs 5 9 10 *11)
[    3.008316] ACPI: Enabled 2 GPEs in block 00 to 07
[    3.020228] vgaarb: setting as boot device: PCI:0000:00:02.0
[    3.028437] vgaarb: device added: PCI:0000:00:02.0,decodes=io+mem,owns=io+mem,locks=none
[    3.040589] vgaarb: loaded
[    3.045884] vgaarb: bridge control possible 0000:00:02.0
[    3.054557] SCSI subsystem initialized
[    3.061767] ACPI: bus type USB registered
[    3.068286] usbcore: registered new interface driver usbfs
[    3.076134] usbcore: registered new interface driver hub
[    3.083816] usbcore: registered new device driver usb
[    3.092400] PCI: Using ACPI for IRQ routing
[    3.101865] NetLabel: Initializing
[    3.107477] NetLabel:  domain hash size = 128
[    3.113887] NetLabel:  protocols = UNLABELED CIPSOv4
[    3.121031] NetLabel:  unlabeled traffic allowed by default
[    3.129794] amd_nb: Cannot enumerate AMD northbridges
[    3.137579] clocksource: Switched to clocksource kvm-clock
[    3.160264] AppArmor: AppArmor Filesystem Enabled
[    3.167814] pnp: PnP ACPI init
[    3.176222] pnp: PnP ACPI: found 3 devices
[    3.208097] clocksource: acpi_pm: mask: 0xffffff max_cycles: 0xffffff, max_idle_ns: 2085701024 ns
[    3.222712] NET: Registered protocol family 2
[    3.231775] TCP established hash table entries: 4096 (order: 3, 32768 bytes)
[    3.242766] TCP bind hash table entries: 4096 (order: 4, 65536 bytes)
[    3.253011] TCP: Hash tables configured (established 4096 bind 4096)
[    3.264719] UDP hash table entries: 256 (order: 1, 8192 bytes)
[    3.274316] UDP-Lite hash table entries: 256 (order: 1, 8192 bytes)
[    3.284011] NET: Registered protocol family 1
[    3.291851] pci 0000:00:00.0: Limiting direct PCI/PCI transfers
[    3.300949] pci 0000:00:01.0: Activating ISA DMA hang workarounds
[    3.314044] Unpacking initramfs...
[    3.654902] Freeing initrd memory: 14888K
[    3.661940] clocksource: tsc: mask: 0xffffffffffffffff max_cycles: 0x2b23ff01ca6, max_idle_ns: 440795218045 ns
[    3.676132] platform rtc_cmos: registered platform RTC device (no PNP device found)
[    3.687887] Scanning for low memory corruption every 60 seconds
[    3.698250] audit: initializing netlink subsys (disabled)
[    3.707796] audit: type=2000 audit(1621808590.741:1): initialized
[    3.719581] Initialise system trusted keyring
[    3.728199] HugeTLB registered 2 MB page size, pre-allocated 0 pages
[    3.738331] zbud: loaded
[    3.743861] VFS: Disk quotas dquot_6.6.0
[    3.750064] VFS: Dquot-cache hash table entries: 512 (order 0, 4096 bytes)
[    3.759323] squashfs: version 4.0 (2009/01/31) Phillip Lougher
[    3.768257] fuse init (API version 7.23)
[    3.774711] Key type big_key registered
[    3.781016] Allocating IMA MOK and blacklist keyrings.
[    3.793006] Key type asymmetric registered
[    3.799754] Asymmetric key parser 'x509' registered
[    3.809850] Block layer SCSI generic (bsg) driver version 0.4 loaded (major 249)
[    3.825609] io scheduler noop registered
[    3.833443] io scheduler deadline registered (default)
[    3.843310] io scheduler cfq registered
[    3.852177] pci_hotplug: PCI Hot Plug PCI Core version: 0.5
[    3.862292] pciehp: PCI Express Hot Plug Controller Driver version: 0.4
[    3.874455] ACPI: AC Adapter [AC] (on-line)
[    3.884432] input: Power Button as /devices/LNXSYSTM:00/LNXPWRBN:00/input/input0
[    3.900922] ACPI: Power Button [PWRF]
[    3.910617] input: Sleep Button as /devices/LNXSYSTM:00/LNXSLPBN:00/input/input1
[    3.925936] ACPI: Sleep Button [SLPF]
[    3.933898] GHES: HEST is not enabled!
[    3.942033] Serial: 8250/16550 driver, 32 ports, IRQ sharing enabled
[    3980008] 0:02: tyS0 atI/O 0x38 (irq =4, bas_baud =115200) s a 1650A
[    4.005878] Linux agpgart interface v0.103
[    4.020457] loop: module loaded
[    4.029144] scsi host0: ata_piix
[    4.036404] scsi host1: ata_piix
[    4.042980] ata1: PATA max UDMA/33 cmd 0x1f0 ctl 0x3f6 bmdma 0xd000 irq 14
[    4.053425] ata2: PATA max UDMA/33 cmd 0x170 ctl 0x376 bmdma 0xd008 irq 15
[    4.065923] libphy: Fixed MDIO Bus: probed
[    4.074951] tun: Universal TUN/TAP device driver, 1.6
[    4.083832] tun: (C) 1999-2004 Max Krasnyansky <maxk@qualcomm.com>
[    4.096809] PPP generic driver version 2.4.2
[    4.109260] ehci_hcd: USB 2.0 'Enhanced' Host Controller (EHCI) Driver
[    4.123068] ehci-pci: EHCI PCI platform driver
[    4.130814] ehci-platform: EHCI generic platform driver
[    4.140859] ohci_hcd: USB 1.1 'Open' Host Controller (OHCI) Driver
[    4.151062] ohci-pci: OHCI PCI platform driver
[    4.158506] ohci-platform: OHCI generic platform driver
[    4.177399] uhci_hcd: USB Universal Host Controller Interface driver
[    4.186743] i8042: PNP: PS/2 Controller [PNP0303:PS2K,PNP0f03:PS2M] at 0x60,0x64 irq 1,12
[    4.203854] serio: i8042 KBD port at 0x60,0x64 irq 1
[    4.211928] serio: i8042 AUX port at 0x60,0x64 irq 12
[    4.219835] mousedev: PS/2 mouse device common for all mice
[    4.229992] rtc_cmos rtc_cmos: rtc core: registered rtc_cmos as rtc0
[    4.239763] rtc_cmos rtc_cmos: alarms up to one day, 114 bytes nvram
[    4.249675] i2c /dev entries driver
[    4.286630] device-mapper: uevent: version 1.0.3
[    4.297500] device-mapper: ioctl: 4.34.0-ioctl (2015-10-28) initialised: dm-devel@redhat.com
[    4.313426] ledtrig-cpu: registered to indicate activity on CPUs
[    4.322942] input: AT Translated Set 2 keyboard as /devices/platform/i8042/serio0/input/input2
[    4.323339] NET: Registered protocol family 10
[    4.323707] NET: Registered protocol family 17
[    4.323726] Key type dns_resolver registered
[    4.339762] registered taskstats version 1
[    4.339782] Loading compiled-in X.509 certificates
[    4.340506] Loaded X.509 cert 'Build time autogenerated kernel key: 22d3a5535218f8054ed36ef6cb783aea6be3ac13'
[    4.340554] zswap: loaded using pool lzo/zbud
[    4.343685] Key type trusted registered
[    4.348013] Key type encrypted registered
[    4.348023] AppArmor: AppArmor sha1 policy hashing enabled
[    4.348034] ima: No TPM chip found, activating TPM-bypass!
[    4.348039] ima: Allocated hash algorithm: sha1
[    4.348084] evm: HMAC attrs: 0x1
[    4.349838]   Magic number: 5:879:401
[    4.356776] rtc_cmos rtc_cmos: setting system clock to 2021-05-23 22:23:06 UTC (1621808586)
[    4.357002] BIOS EDD facility v0.16 2004-Jun-25, 0 devices found
[    4.357002] EDD information not available.
[    4.494600] Freeing unused kernel memory: 1492K
[    5.137715] Write protecting the kernel read-only data: 14336k
[    5.150581] Freeing unused kernel memory: 1584K
[    5.158033] Freeing unused kernel memory: 52K
Loading, please wait...
starting version 229
[    5.192430] random: systemd-udevd: uninitialized urandom read (16 bytes read, 5 bits of entropy available)
[    5.192644] random: udevadm: uninitialized urandom read (16 bytes read, 5 bits of entropy available)
[    5.192670] random: udevadm: uninitialized urandom read (16 bytes read, 5 bits of entropy available)
[    5.205969] random: udevadm: uninitialized urandom read (16 bytes read, 5 bits of entropy available)
[    5.206025] random: udevadm: uninitialized urandom read (16 bytes read, 5 bits of entropy available)
[    5.206195] random: udevadm: uninitialized urandom read (16 bytes read, 5 bits of entropy available)
[    5.206267] random: udevadm: uninitialized urandom read (16 bytes read, 5 bits of entropy available)
[    5.206339] random: udevadm: uninitialized urandom read (16 bytes read, 5 bits of entropy available)
[    5.206388] random: udevadm: uninitialized urandom read (16 bytes read, 5 bits of entropy available)
[    5.206432] random: udevadm: uninitialized urandom read (16 bytes read, 5 bits of entropy available)
[    5.416228] Fusion MPT base driver 3.04.20
[    5.423709] Copyright (c) 1999-2008 LSI Corporation
[    5.432765] e1000: Intel(R) PRO/1000 Network Driver - version 7.3.21-k8-NAPI
[    5.443285] e1000: Copyright (c) 1999-2006 Intel Corporation.
[    5.476289] Fusion MPT SPI Host driver 3.04.20
[    5.499762] AVX2 version of gcm_enc/dec engaged.
[    5.507924] AES CTR mode by8 optimization enabled
[    5.686737] input: ImExPS/2 Generic Explorer Mouse as /devices/platform/i8042/serio1/input/input4
[    6.328486] e1000 0000:00:03.0 eth0: (PCI:33MHz:32-bit) 02:b2:7d:35:d4:c1
[    6.341139] e1000 0000:00:03.0 eth0: Intel(R) PRO/1000 Network Connection
[    7.202160] e1000 0000:00:08.0 eth1: (PCI:33MHz:32-bit) 08:00:27:40:0b:ed
[    7.214952] e1000 0000:00:08.0 eth1: Intel(R) PRO/1000 Network Connection
[    7.231723] mptbase: ioc0: Initiating bringup
[    7.243486] e1000 0000:00:03.0 enp0s3: renamed from eth0
[    7.270198] e1000 0000:00:08.0 enp0s8: renamed from eth1
[    7.311127] ioc0: LSI53C1030 A0: Capabilities={Initiator}
[    7.487905] scsi host2: ioc0: LSI53C1030 A0, FwRev=00000000h, Ports=1, MaxQ=256, IRQ=20
[    7.610929] scsi 2:0:0:0: Direct-Access     VBOX     HARDDISK         1.0  PQ: 0 ANSI: 5
[    7.624706] scsi target2:0:0: Beginning Domain Validation
[    7.637221] scsi target2:0:0: Domain Validation skipping write tests
[    7.646173] scsi target2:0:0: Ending Domain Validation
[    7.654369] scsi target2:0:0: asynchronous
[    7.663016] scsi 2:0:1:0: Direct-Access     VBOX     HARDDISK         1.0  PQ: 0 ANSI: 5
[    7.675224] scsi target2:0:1: Beginning Domain Validation
[    7.688133] scsi target2:0:1: Domain Validation skipping write tests
[    7.772956] scsi target2:0:1: Ending Domain Validation
[    7.780915] scsi target2:0:1: asynchronous
[    7.805678] sd 2:0:0:0: Attached scsi generic sg0 type 0
[    7.814892] sd 2:0:0:0: [sda] 83886080 512-byte logical blocks: (42.9 GB/40.0 GiB)
[    7.828727] sd 2:0:1:0: [sdb] 20480 512-byte logical blocks: (10.5 MB/10.0 MiB)
[    7.828774] sd 2:0:0:0: [sda] Write Protect is off
[    7.841812] sd 2:0:1:0: Attached scsi generic sg1 type 0
[    7.859402] sd 2:0:0:0: [sda] Incomplete mode parameter data
[    7.859926] sd 2:0:1:0: [sdb] Write Protect is off
[    7.860233] sd 2:0:1:0: [sdb] Incomplete mode parameter data
[    7.860234] sd 2:0:1:0: [sdb] Assuming drive cache: write through
[    7.876103] sd 2:0:1:0: [sdb] Attached SCSI disk
[    7.910119] sd 2:0:0:0: [sda] Assuming drive cache: write through
[    7.929135]  sda: sda1
[    7.937938] sd 2:0:0:0: [sda] Attached SCSI disk
Begin: Loading essential drivers ... [   11.408129] md: linear personality registered for level -1
[   11.424231] md: multipath personality registered for level -4
[   11.443473] md: raid0 personality registered for level 0
[   11.469796] md: raid1 personality registered for level 1
[   11.605918] raid6: sse2x1   gen() 10598 MB/s
[   11.830466] raid6: sse2x1   xor() 11683 MB/s
[   11.989460] raid6: sse2x2   gen() 16613 MB/s
[   12.105400] raid6: sse2x2   xor()  9348 MB/s
[   12.281730] raid6: sse2x4   gen() 17923 MB/s
[   12.415223] raid6: sse2x4   xor()  8985 MB/s
[   12.573763] raid6: avx2x1   gen() 16144 MB/s
[   12.801664] raid6: avx2x2   gen() 32267 MB/s
[   12.988882] raid6: avx2x4   gen() 27739 MB/s
[   12.996847] raid6: using algorithm avx2x2 gen() 32267 MB/s
[   13.007315] raid6: using avx2x2 recovery algorithm
[   13.017900] xor: automatically using best checksumming function:
[   13.065704]    avx       : 19824.000 MB/sec
[   13.075274] async_tx: api initialized (async)
[   13.115695] md: raid6 personality registered for level 6
[   13.124314] md: raid5 personality registered for level 5
[   13.132905] md: raid4 personality registered for level 4
[   13.164942] md: raid10 personality registered for level 10
done.
Begin: Running /scripts/init-premount ... done.
Begin: Mounting root file system ... Begin: Running /scripts/local-top ... done.
Begin: Running /scripts/local-premount ... [   13.263665] Btrfs loaded
Scanning for Btrfs filesystems
done.
Warning: fsck not present, so skipping root file system
[   13.347491] EXT4-fs (sda1): mounted filesystem with ordered data mode. Opts: (null)
done.
Begin: Running /scripts/local-bottom ... done.
Begin: Running /scripts/init-bottom ... done.
[   13.686154] systemd[1]: systemd 229 running in system mode. (+PAM +AUDIT +SELINUX +IMA +APPARMOR +SMACK +SYSVINIT +UTMP +LIBCRYPTSETUP +GCRYPT +GNUTLS +ACL +XZ -LZ4 +SECCOMP +BLKID +ELFUTILS +KMOD -IDN)
[   13.709850] systemd[1]: Detected virtualization oracle.
[   13.724598] systemd[1]: Detected architecture x86-64.

Welcome to [1mUbuntu 16.04.7 LTS[0m!

[   13.747336] systemd[1]: Set hostname to <ubuntu>.
[   13.763120] systemd[1]: Initializing machine ID from random generator.
[   13.772903] systemd[1]: Installed transient /etc/machine-id file.
[   14.123994] systemd[1]: Reached target System Time Synchronized.
[[0;32m  OK  [0m] Reached target System Time Synchronized.
[   14.147329] systemd[1]: Listening on /dev/initctl Compatibility Named Pipe.
[[0;32m  OK  [0m] Listening on /dev/initctl Compatibility Named Pipe.
[   14.165937] systemd[1]: Listening on LVM2 poll daemon socket.
[[0;32m  OK  [0m] Listening on LVM2 poll daemon socket.
[   14.182072] systemd[1]: Listening on udev Control Socket.
[[0;32m  OK  [0m] Listening on udev Control Socket.
[   14.198502] systemd[1]: Reached target Swap.
[[0;32m  OK  [0m] Reached target Swap.
[   14.211286] systemd[1]: Listening on udev Kernel Socket.
[[0;32m  OK  [0m] Listening on udev Kernel Socket.
[   14.226515] systemd[1]: Listening on LVM2 metadata daemon socket.
[[0;32m  OK  [0m] Listening on LVM2 metadata daemon socket.
[   14.243905] systemd[1]: Started Trigger resolvconf update for networkd DNS.
[[0;32m  OK  [0m] Started Trigger resolvconf update for networkd DNS.
[   14.262913] systemd[1]: Listening on fsck to fsckd communication Socket.
[[0;32m  OK  [0m] Listening on fsck to fsckd communication Socket.
[   14.283704] systemd[1]: Listening on Device-mapper event daemon FIFOs.
[[0;32m  OK  [0m] Listening on Device-mapper event daemon FIFOs.
[   14.304654] systemd[1]: Reached target Encrypted Volumes.
[[0;32m  OK  [0m] Reached target Encrypted Volumes.
[   14.320845] systemd[1]: Started Forward Password Requests to Wall Directory Watch.
[[0;32m  OK  [0m] Started Forward Password Requests to Wall Directory Watch.
[   14.345613] systemd[1]: Set up automount Arbitrary Executable File Formats File System Automount Point.
[[0;32m  OK  [0m] Set up automount Arbitrary Executab...ats File System Automount Point.
[   14.372904] systemd[1]: Created slice User and Session Slice.
[[0;32m  OK  [0m] Created slice User and Session Slice.
[   14.391100] systemd[1]: Reached target User and Group Name Lookups.
[[0;32m  OK  [0m] Reached target User and Group Name Lookups.
[   14.409757] systemd[1]: Listening on Journal Audit Socket.
[[0;32m  OK  [0m] Listening on Journal Audit Socket.
[   14.427339] systemd[1]: Listening on Syslog Socket.
[[0;32m  OK  [0m] Listening on Syslog Socket.
[   14.442359] systemd[1]: Listening on Journal Socket (/dev/log).
[[0;32m  OK  [0m] Listening on Journal Socket (/dev/log).
[   14.459279] systemd[1]: Listening on Journal Socket.
[[0;32m  OK  [0m] Listening on Journal Socket.
[   14.476563] systemd[1]: Created slice System Slice.
[[0;32m  OK  [0m] Created slice System Slice.
[   14.506244] systemd[1]: Starting File System Check on Root Device...
         Starting File System Check on Root Device...
[   14.528261] systemd[1]: Starting Uncomplicated firewall...
         Startin[   14.544031] systemd[1]: Mounting Huge Pages File System...
g Uncomplicated firewall...
         Mounting Huge Pages File System...
[   14.570489] systemd[1]: Starting Load Kernel Modules...
         Starting Load Kernel Modules...
[   14.585029] systemd[1]: Starting Journal Service...
         Starting Journal Service...
[   14.598954] random: nonblocking pool is initialized
[   14.610045] systemd[1]: Reached target Slices.
[[0;32m  OK  [0m] Reached target Slices.
[   14.632554] Loading iSCSI transport class v2.0-870.
[   14.633833] systemd[1]: Mounting POSIX Message Queue File System...
         Mounting POSIX Message Queue File System...
[   14.662590] systemd[1]: Starting Nameserver information manager...
         Starting Nameserver information manager...
[   14.679809] systemd[1]: Created slice system-serial\x2dgetty.slice.
[[0;32m  OK  [0m] [   14.697028] iscsi: registered transport (tcp)
Created slice system-serial\x2dgetty.slice.
[   14.707526] systemd[1]: Starting Create list of required static device nodes for the current kernel...
         Starting Create list of required st... nodes for the current kernel...
[   14.736606] systemd[1]: Starting Monitoring of LVM2 mirrors, snapshots etc. using dmeventd or progress polling...
         Starting Monitoring of LVM2 mirrors... dmeventd or progress polling...
[   14.765874] systemd[1]: Starting Set console keymap...
         Starting Set console keymap...
[   14.786808] systemd[1]: Mounting Debug File System...
         Mounting Debug File System...
[   14.807803] systemd[1]: Mounted POSIX Message Queue File System.
[[0;32m  OK  [0m] Mounted POSIX Message Queue File System.
[   14.828639] systemd[1]: Mounted Debug File System.
[[0;32m  OK  [0m] Mounted Debug File System.
[   14.847952] systemd[1]: Mounted Huge Pages File System.
[[0;32m  OK  [0m] Mounted Huge Pages File System.
[   14.865750] systemd[1]: Started Journal Service.
[[0;32m  OK  [0m] Started Journal Service.
[[0;32m  OK  [0m] Started File System Check on Root Device.
[[0;32m  OK  [0m] Started Uncomplicated firewall.
[   14.917133] iscsi: registered transport (iser)
[[0;32m  OK  [0m] Started Load Kernel Modules.
[[0;32m  OK  [0m] Started Create list of required sta...ce nodes for the current kernel.
[[0;32m  OK  [0m] Started Set console keymap.
[[0;32m  OK  [0m] Started Nameserver information manager.
[[0;32m  OK  [0m] Started LVM2 metadata daemon.
[[0;32m  OK  [0m] Started File System Check Daemon to report status.
         Starting Create Static Device Nodes in /dev...
         Starting Apply Kernel Variables...
         Mounting FUSE Control File System...
         Starting Remount Root and Kernel File Systems...
[   15.061172] EXT4-fs (sda1): re-mounted. Opts: (null)
[[0;32m  OK  [0m] Mounted FUSE Control File System.
[[0;32m  OK  [0m] Started Remount Root and Kernel File Systems.
[[0;32m  OK  [0m] Started Apply Kernel Variables.
         Starting udev Coldplug all Devices...
         Starting Flush Journal to Persistent Storage...
         Starting Load/Save Random Seed...
[[0;32m  OK  [0m] Started Monitoring of LVM2 mirrors,...ng dmeventd or progress polling.
[[0;32m  OK  [0m] Started Create Static Device Nodes in /dev.
[[0;32m  OK  [0m] Started Load/Save Random Seed.
         Starting udev Kernel Device Manager...
[[0;32m  OK  [0m] Reached target Local File Systems (Pre).
[[0;32m  OK  [0m] Reached target Local File Systems.
         Starting Initial cloud-init job (pre-networking)...
         Starting Set console font and keymap...
         Starting LSB: AppArmor initialization...
         Starting Commit a transient machine-id on disk...
         Starting Tell Plymouth To Write Out Runtime Data...
[[0;32m  OK  [0m] Started udev Coldplug all Devices.
[[0;32m  OK  [0m] Started Flush Journal to Persistent Storage.
[[0;32m  OK  [0m] Started Tell Plymouth To Write Out Runtime Data.
         Starting Create Volatile Files and Directories...
[[0;32m  OK  [0m] Started Commit a transient machine-id on disk.
[[0;32m  OK  [0m] Started Create Volatile Files and Directories.
         Starting Update UTMP about System Boot/Shutdown...
[[0;32m  OK  [0m] Started udev Kernel Device Manager.
[[0;32m  OK  [0m] Started Dispatch Password Requests to Console Directory Watch.
[[0;32m  OK  [0m] Started Update UTMP about System Boot/Shutdown.
[[0;32m  OK  [0m] Found device /dev/ttyS0.
[[0;32m  OK  [0m] Listening on Load/Save RF Kill Switch Status /dev/rfkill Watch.
[[0;32m  OK  [0m] Started LSB: AppArmor initialization.
[   15.941244] cloud-init[483]: Cloud-init v. 21.1-19-gbad84ad4-0ubuntu1~16.04.1 running 'init-local' at Sun, 23 May 2021 22:23:19 +0000. Up 15.33 seconds.
         Starting Load AppArmor profiles managed internally by snapd...
[[0;32m  OK  [0m] Started Initial cloud-init job (pre-networking).
[[0;32m  OK  [0m] Started Load AppArmor profiles managed internally by snapd.
[[0;32m  OK  [0m] Reached target Network (Pre).
         Starting Raise network interfaces...
[[0;32m  OK  [0m] Started Set console font and keymap.
[[0;32m  OK  [0m] Created slice system-getty.slice.
[[0;32m  OK  [0m] Started Raise network interfaces.
[[0;32m  OK  [0m] Reached target Network.
         Starting Initial cloud-init job (metadata service crawler)...
[   24.158229] cloud-init[974]: Cloud-init v. 21.1-19-gbad84ad4-0ubuntu1~16.04.1 running 'init' at Sun, 23 May 2021 22:23:27 +0000. Up 22.94 seconds.
[   24.171038] cloud-init[974]: ci-info: ++++++++++++++++++++++++++++++++++++++Net device info+++++++++++++++++++++++++++++++++++++++
[   24.185281] cloud-init[974]: ci-info: +--------+-------+----------------------------+---------------+--------+-------------------+
[   24.197577] cloud-init[974]: ci-info: | Device |   Up  |          Address           |      Mask     | Scope  |     Hw-Address    |
[   24.209131] cloud-init[974]: ci-info: +--------+-------+----------------------------+---------------+--------+-------------------+
[   24.222462] cloud-init[974]: ci-info: | enp0s3 |  True |         10.0.2.15          | 255.255.255.0 | global | 02:b2:7d:35:d4:c1 |
[   24.235866] cloud-init[974]: ci-info: | enp0s3 |  True | fe80::b2:7dff:fe35:d4c1/64 |       .       |  link  | 02:b2:7d:35:d4:c1 |
[   24.249662] cloud-init[974]: ci-info: | enp0s8 | False |             .              |       .       |   .    | 08:00:27:40:0b:ed |
[   24.260796] cloud-init[974]: ci-info: |   lo   |  True |         127.0.0.1          |   255.0.0.0   |  host  |         .         |
[   24.270921] cloud-init[974]: ci-info: |   lo   |  True |          ::1/128           |       .       |  host  |         .         |
[   24.282248] cloud-init[974]: ci-info: +--------+-------+----------------------------+---------------+--------+-------------------+
[   24.297113] cloud-init[974]: ci-info: +++++++++++++++++++++++++++Route IPv4 info++++++++++++++++++++++++++++
[   24.306614] cloud-init[974]: ci-info: +-------+-------------+----------+---------------+-----------+-------+
[   24.316210] cloud-init[974]: ci-info: | Route | Destination | Gateway  |    Genmask    | Interface | Flags |
[   24.325684] cloud-init[974]: ci-info: +-------+-------------+----------+---------------+-----------+-------+
[   24.336347] cloud-init[974]: ci-info: |   0   |   0.0.0.0   | 10.0.2.2 |    0.0.0.0    |   enp0s3  |   UG  |
[   24.346133] cloud-init[974]: ci-info: |   1   |   10.0.2.0  | 0.0.0.0  | 255.255.255.0 |   enp0s3  |   U   |
[   24.379083] cloud-init[974]: ci-info: +-------+-------------+----------+---------------+-----------+-------+
[   24.389176] cloud-init[974]: ci-info: +++++++++++++++++++Route IPv6 info+++++++++++++++++++
[   24.398561] cloud-init[974]: ci-info: +-------+-------------+---------+-----------+-------+
[   24.407507] cloud-init[974]: ci-info: | Route | Destination | Gateway | Interface | Flags |
[   24.416102] cloud-init[974]: ci-info: +-------+-------------+---------+-----------+-------+
[   24.426040] cloud-init[974]: ci-info: |   0   |  fe80::/64  |    ::   |   enp0s3  |   U   |
[   24.434272] cloud-init[974]: ci-info: |   3   |   ff00::/8  |    ::   |   enp0s3  |   U   |
[   24.444301] cloud-init[974]: ci-info: +-------+-------------+---------+-----------+-------+
[   24.452323] cloud-init[974]: Generating public/private rsa key pair.
[   24.459200] cloud-init[974]: Your identification has been saved in /etc/ssh/ssh_host_rsa_key.
[   24.470091] cloud-init[974]: Your public key has been saved in /etc/ssh/ssh_host_rsa_key.pub.
[   24.481009] cloud-init[974]: The key fingerprint is:
[   24.487807] cloud-init[974]: SHA256:1Z2qu22lDY/XONDqkDYnhc0d/vY3ZgXOS9vnZGUFhhI root@ubuntu-xenial
[   24.496758] cloud-init[974]: The key's randomart image is:
[[   24.503302] cloud-init[974]: +---[RSA 2048]----+
[   24.505640] cloud-init[974]: |          E. .o  |
[   24.506748] cloud-init[974]: |          ...o o |
[0;32m  OK  [0m] Started Initial cloud-init job (metadata service crawler).
[   24.507246] cloud-init[974]: |          ... + .|
[   24.507326] cloud-init[974]: |         . + +...|
[   24.509468] cloud-init[974]: |        S . =+o.o|
[   24.510455] cloud-init[974]: |           +o *oo|
[   24.521810] cloud-init[974]: |          B .@ **|
[   24.522673] cloud-init[974]: |         . B= OB*|
[   24.524435] cloud-init[974]: |          o+o.oo*|
[   24.524740] cloud-init[974]: +----[SHA256]-----+
[   24.530008] cloud-init[974]: Generating public/private dsa key pair.
[   24.530850] cloud-init[974]: Your identification has been saved in /etc/ssh/ssh_host_dsa_key.
[   24.531838] cloud-init[974]: Your public key has been saved in /etc/ssh/ssh_host_dsa_key.pub.
[   24.538032] cloud-init[974]: The key fingerprint is:
[   24.538963] cloud-init[974]: SHA256:Vtuc+qMBm0Whams2pP1bl6IDYNULX3cBsYYye/yGjSw root@ubuntu-xenial
[   24.540157] cloud-init[974]: The key's randomart image is:
[   24.541029] cloud-init[974]: +---[DSA 1024]----+
[   24.542116] cloud-init[974]: |       .  . oo.. |
[   24.549494] cloud-init[974]: |      o ...o...  |
[   24.550476] cloud-init[974]: |     . o+o+.o.   |
[   24.553810] cloud-init[974]: |    o  .oB = .   |
[   24.554719] cloud-init[974]: |   . .+ S = +    |
[   24.555758] cloud-init[974]: |     =.o B * .   |
[   24.558792] cloud-init[974]: |    . *.E O *    |
[   24.559776] cloud-init[974]: |     o o.+ *.    |
[   24.561827] cloud-init[974]: |        +o....   |
[   24.561945] cloud-init[974]: +----[SHA256]-----+
[   24.562045] cloud-init[974]: Generating public/private ecdsa key pair.
[   24.563292] cloud-init[974]: Your identification has been saved in /etc/ssh/ssh_host_ecdsa_key.
[   24.569579] cloud-init[974]: Your public key has been saved in /etc/ssh/ssh_host_ecdsa_key.pub.
[   24.570970] cloud-init[974]: The key fingerprint is:
[   24.573652] cloud-init[974]: SHA256:kdR1LyLrO9ya8sREoTHMQkiULPiw35zS8WhmXt8Tz9Q root@ubuntu-xenial
[   24.574449] cloud-init[974]: The key's randomart image is:
[   24.575308] cloud-init[974]: +---[ECDSA 256]---+
[   24.577114] cloud-init[974]: | . +o+.o+.... .  |
[   24.577916] cloud-init[974]: |o . + ..o=.. . . |
[   24.578734] cloud-init[974]: | + .   .+ o . . .|
[   24.579640] cloud-init[974]: |. . .    o o . . |
[   24.581259] cloud-init[974]: | . + =  S o  .   |
[   24.583014] cloud-init[974]: |  o X o  +. . E  |
[   24.583870] cloud-init[974]: |   * . . o+*     |
[   24.585716] cloud-init[974]: |    .   o.=o+    |
[   24.586608] cloud-init[974]: |         o=+     |
[   24.587471] cloud-init[974]: +----[SHA256]-----+
[   24.589268] cloud-init[974]: Generating public/private ed25519 key pair.
[   24.590213] cloud-init[974]: Your identification has been saved in /etc/ssh/ssh_host_ed25519_key.
[   24.591138] cloud-init[974]: Your public key has been saved in /etc/ssh/ssh_host_ed25519_key.pub.
[   24.591964] cloud-init[974]: The key fingerprint is:
[   24.593839] cloud-init[974]: SHA256:fMvr1k8f8nrCFso6HTCR+lSXTRvdVX2FQvP2cgedmBI root@ubuntu-xenial
[   24.594785] cloud-init[974]: The key's randomart image is:
[   24.595600] cloud-init[974]: +--[ED25519 256]--+
[   24.596492] cloud-init[974]: |          .Eo ++@|
[   24.597324] cloud-init[974]: |         o .o=+oO|
[   24.598407] cloud-init[974]: |        . o..++oo|
[   24.599169] cloud-init[974]: |       o +  .. o |
[   24.600058] cloud-init[974]: |        S +   . +|
[   24.600939] cloud-init[974]: |         + o . o.|
[   24.601401] cloud-init[974]: |          =.+.o. |
[   24.601948] cloud-init[974]: |         ..=.=oo.|
[   24.602179] cloud-init[974]: |         += .o=..|
[   24.602285] cloud-init[974]: +----[SHA256]-----+
[[0;32m  OK  [0m] Reached target Network is Online.
         Starting iSCSI initiator daemon (iscsid)...
[[0;32m  OK  [0m] Reached target Cloud-config availability.
[[0;32m  OK  [0m] Reached target System Initialization.
         Starting Socket activation for snappy daemon.
[[0;32m  OK  [0m] Started Daily apt download activities.
[[0;32m  OK  [0m] Listening on D-Bus System Message Bus Socket.
         Starting LXD - unix socket.
[[0;32m  OK  [0m] Started Message of the Day.
[[0;32m  OK  [0m] Started Daily apt upgrade and clean activities.
[[0;32m  OK  [0m] Listening on UUID daemon activation socket.
[[0;32m  OK  [0m] Listening on ACPID Listen Socket.
[[0;32m  OK  [0m] Started Daily Cleanup of Temporary Directories.
[[0;32m  OK  [0m] Reached target Timers.
[[0;32m  OK  [0m] Started ACPI Events Check.
[[0;32m  OK  [0m] Reached target Paths.
[[0;32m  OK  [0m] Listening on Socket activation for snappy daemon.
[[0;32m  OK  [0m] Listening on LXD - unix socket.
[[0;32m  OK  [0m] Reached target Sockets.
[[0;32m  OK  [0m] Reached target Basic System.
[[0;32m  OK  [0m] Started FUSE filesystem for LXC.
[[0;32m  OK  [0m] Started D-Bus System Message Bus.
         Starting System Logging Service...
         Starting Virtualbox guest utils...
[[0;32m  OK  [0m] Started Regular background program processing daemon.
[[0;32m  OK  [0m] Started Deferred execution scheduler.
         Starting Login Service...
         Starting Pollinate to seed the pseudo random number generator...
         Starting /etc/rc.local Compatibility...
         Starting Accounts Service...
         Starting LSB: Record successful boot for GRUB...
         Starting LXD - container startup/shutdown...
         Starting LSB: MD monitoring daemon...
[[0;32m  OK  [0m] Started ACPI event daemon.
         Starting Snap Daemon...
[[0;32m  OK  [0m] Started System Logging Service.
[[0;32m  OK  [0m] Started iSCSI initiator daemon (iscsid).
[[0;32m  OK  [0m] Started /etc/rc.local Compatibility.
         Starting Login to default iSCSI targets...
[[0;32m  OK  [0m] Started Login Service.
[[0;32m  OK  [0m] Started Unattended Upgrades Shutdown.
[[0;32m  OK  [0m] Started LSB: Record successful boot for GRUB.
[[0;32m  OK  [0m] Started LSB: MD monitoring daemon.
         Starting Authenticate and Authorize Users to Run Privileged Tasks...
[[0;32m  OK  [0m] Started Login to default iSCSI targets.
[[0;32m  OK  [0m] Reached target Remote File Systems (Pre).
[[0;32m  OK  [0m] Reached target Remote File Systems.
         Starting LSB: automatic crash report generation...
         Starting LSB: daemon to balance interrupts for SMP systems...
         Starting LSB: Set the CPU Frequency Scaling governor to "ondemand"...
         Starting Permit User Sessions...
[[0;32m  OK  [0m] Started Virtualbox guest utils.
[[0;32m  OK  [0m] Started Permit User Sessions.
[[0;32m  OK  [0m] Started Authenticate and Authorize Users to Run Privileged Tasks.
[[0;32m  OK  [0m] Started Accounts Service.
         Starting Terminate Plymouth Boot Screen...
         Starting Hold until boot process finishes up...
[[0;32m  OK  [0m] Started LSB: daemon to balance interrupts for SMP systems.
[[0;32m  OK  [0m] Started LSB: Set the CPU Frequency Scaling governor to "ondemand".
[[0;32m  OK  [0m] Started LSB: automatic crash report generation.
[[0;32m  OK  [0m] Started Terminate Plymouth Boot Screen.
[[0;32m  OK  [0m] Started Hold until boot process finishes up.
[[0;32m  OK  [0m] Started Getty on tty1.
[[0;32m  OK  [0m] Started Serial Getty on ttyS0.
[[0;32m  OK  [0m] Reached target Login Prompts.
         Starting Set console scheme...
[[0;32m  OK  [0m] Started LXD - container startup/shutdown.
[[0;32m  OK  [0m] Started Set console scheme.
[[0;32m  OK  [0m] Started Pollinate to seed the pseudo random number generator.
         Starting OpenBSD Secure Shell server...
[[0;32m  OK  [0m] Started OpenBSD Secure Shell server.
[[0;32m  OK  [0m] Started Snap Daemon.
         Starting Wait until snapd is fully seeded...
[[0;32m  OK  [0m] Created slice User Slice of vagrant.
         Starting User Manager for UID 1000...
[[0;32m  OK  [0m] Started Session 1 of user vagrant.
[[0;32m  OK  [0m] Started User Manager for UID 1000.
[[0;32m  OK  [0m] Started Wait until snapd is fully seeded.
[[0;32m  OK  [0m] Reached target Multi-User System.
[[0;32m  OK  [0m] Reached target Graphical Interface.
         Starting Update UTMP about System Runlevel Changes...
         Starting Apply the settings specified in cloud-config...
[[0;32m  OK  [0m] Started Update UTMP about System Runlevel Changes.
[   28.866181] cloud-init[1388]: Generating locales (this might take a while)...
         Starting Hostname Service...
[[0;32m  OK  [0m] Started Hostname Service.
[   30.300007] cloud-init[1388]:   en_US.UTF-8... done
[   30.308916] cloud-init[1388]: Generation complete.
[[0;32m  OK  [0m] Stopped ifup for enp0s3.
[[0;32m  OK  [0m] Started ifup for enp0s3.
[[0;32m  OK  [0m] Stopped ifup for enp0s8.
[[0;32m  OK  [0m] Started ifup for enp0s8.
[   31.138925] cloud-init[1388]: Cloud-init v. 21.1-19-gbad84ad4-0ubuntu1~16.04.1 running 'modules:config' at Sun, 23 May 2021 22:23:32 +0000. Up 28.62 seconds.
ci-info: no authorized SSH keys fingerprints found for user ubuntu.
<14>May 23 22:23:36 ec2: 
<14>May 23 22:23:36 ec2: #############################################################
<14>May 23 22:23:36 ec2: -----BEGIN SSH HOST KEY FINGERPRINTS-----
<14>May 23 22:23:36 ec2: 1024 SHA256:Vtuc+qMBm0Whams2pP1bl6IDYNULX3cBsYYye/yGjSw root@ubuntu-xenial (DSA)
<14>May 23 22:23:36 ec2: 256 SHA256:kdR1LyLrO9ya8sREoTHMQkiULPiw35zS8WhmXt8Tz9Q root@ubuntu-xenial (ECDSA)
<14>May 23 22:23:36 ec2: 256 SHA256:fMvr1k8f8nrCFso6HTCR+lSXTRvdVX2FQvP2cgedmBI root@ubuntu-xenial (ED25519)
<14>May 23 22:23:36 ec2: 2048 SHA256:1Z2qu22lDY/XONDqkDYnhc0d/vY3ZgXOS9vnZGUFhhI root@ubuntu-xenial (RSA)
<14>May 23 22:23:36 ec2: -----END SSH HOST KEY FINGERPRINTS-----
<14>May 23 22:23:36 ec2: #############################################################
-----BEGIN SSH HOST KEY KEYS-----
ecdsa-sha2-nistp256 AAAAE2VjZHNhLXNoYTItbmlzdHAyNTYAAAAIbmlzdHAyNTYAAABBBEIoJIdGuna28JW00zlFB5te3SiJuzBamy+Wb+ixbo2mBrCjqkK91ntci4x14vNJV4CyaUc3c+YnD2rtCq/YmnM= root@ubuntu-xenial
ssh-ed25519 AAAAC3NzaC1lZDI1NTE5AAAAIHXiZX79ju1wdFHM2kiXCygiIvaKSbSI5N5t47MeLcb6 root@ubuntu-xenial
ssh-rsa AAAAB3NzaC1yc2EAAAADAQABAAABAQCdu1hQyrdg8dsJWrrero7fP5JU3k9RXZIZFg2mAMfDVdE7mVCDC5a+VwIelGO7MmmaxB8ebfI6VBsBY2ELq/zByZsWssvLCsIRIbmN7fzQUlgbbtp1HUFhZyxzPj8sjSRAVyJnK1YjU4jsUTRO7bmvM1CJbb2wm/Ami5UvGa6jKvaSyAzA/cuMighhRCQeDLkQtx/XeagrsqmeXQlnY+b+AK2IimNfT0i5TFdO2QfpdrXH7IV9gfpKNqlYKD+HkL4mCBNBKMlsD5lthonlNc/dhHe26vrSgoVOUE15ogR5/tiweeD9vio0LDReS5Dh94Zt0iZafo2S6sddbyAJZv0L root@ubuntu-xenial
-----END SSH HOST KEY KEYS-----

Ubuntu 16.04.7 LTS colin-17-ontwikkel-db1 ttyS0

colin-17-ontwikkel-db1 login: [   32.142637] cloud-init[1706]: Cloud-init v. 21.1-19-gbad84ad4-0ubuntu1~16.04.1 running 'modules:final' at Sun, 23 May 2021 22:23:35 +0000. Up 31.77 seconds.
[   32.155817] cloud-init[1706]: ci-info: no authorized SSH keys fingerprints found for user ubuntu.
[   32.164432] cloud-init[1706]: Cloud-init v. 21.1-19-gbad84ad4-0ubuntu1~16.04.1 finished at Sun, 23 May 2021 22:23:36 +0000. Datasource DataSourceNoCloud [seed=/dev/sdb][dsmode=net].  Up 32.12 seconds
