[    0.000000] Initializing cgroup subsys cpuset
[    0.000000] Initializing cgroup subsys cpu
[    0.000000] Initializing cgroup subsys cpuacct
[    0.000000] Linux version 4.4.0-209-generic (buildd@lcy01-amd64-019) (gcc version 5.4.0 20160609 (Ubuntu 5.4.0-6ubuntu1~16.04.12) ) #241-Ubuntu SMP Tue Apr 13 01:06:06 UTC 2021 (Ubuntu 4.4.0-209.241-generic 4.4.262)
[    0.000000] Command line: BOOT_IMAGE=/boot/vmlinuz-4.4.0-209-generic root=LABEL=cloudimg-rootfs ro console=tty1 console=ttyS0
[    0.000000] KERNEL supported cpus:
[    0.000000]   Intel GenuineIntel
[    0.000000]   AMD AuthenticAMD
[    0.000000]   Centaur CentaurHauls
[    0.000000] x86/fpu: xstate_offset[2]:  576, xstate_sizes[2]:  256
[    0.000000] x86/fpu: Supporting XSAVE feature 0x01: 'x87 floating point registers'
[    0.000000] x86/fpu: Supporting XSAVE feature 0x02: 'SSE registers'
[    0.000000] x86/fpu: Supporting XSAVE feature 0x04: 'AVX registers'
[    0.000000] x86/fpu: Enabled xstate features 0x7, context size is 832 bytes, using 'standard' format.
[    0.000000] e820: BIOS-provided physical RAM map:
[    0.000000] BIOS-e820: [mem 0x0000000000000000-0x000000000009fbff] usable
[    0.000000] BIOS-e820: [mem 0x000000000009fc00-0x000000000009ffff] reserved
[    0.000000] BIOS-e820: [mem 0x00000000000f0000-0x00000000000fffff] reserved
[    0.000000] BIOS-e820: [mem 0x0000000000100000-0x000000001ffeffff] usable
[    0.000000] BIOS-e820: [mem 0x000000001fff0000-0x000000001fffffff] ACPI data
[    0.000000] BIOS-e820: [mem 0x00000000fec00000-0x00000000fec00fff] reserved
[    0.000000] BIOS-e820: [mem 0x00000000fee00000-0x00000000fee00fff] reserved
[    0.000000] BIOS-e820: [mem 0x00000000fffc0000-0x00000000ffffffff] reserved
[    0.000000] NX (Execute Disable) protection: active
[    0.000000] SMBIOS 2.5 present.
[    0.000000] Hypervisor detected: KVM
[    0.000000] e820: last_pfn = 0x1fff0 max_arch_pfn = 0x400000000
[    0.000000] MTRR: Disabled
[    0.000000] x86/PAT: MTRRs disabled, skipping PAT initialization too.
[    0.000000] CPU MTRRs all blank - virtualized system.
[    0.000000] x86/PAT: Configuration [0-7]: WB  WT  UC- UC  WB  WT  UC- UC  
[    0.000000] found SMP MP-table at [mem 0x0009fff0-0x0009ffff] mapped at [ffff88000009fff0]
[    0.000000] Scanning 1 areas for low memory corruption
[    0.000000] RAMDISK: [mem 0x1e988000-0x1f811fff]
[    0.000000] ACPI: Early table checksum verification disabled
[    0.000000] ACPI: RSDP 0x00000000000E0000 000024 (v02 VBOX  )
[    0.000000] ACPI: XSDT 0x000000001FFF0030 00003C (v01 VBOX   VBOXXSDT 00000001 ASL  00000061)
[    0.000000] ACPI: FACP 0x000000001FFF00F0 0000F4 (v04 VBOX   VBOXFACP 00000001 ASL  00000061)
[    0.000000] ACPI: DSDT 0x000000001FFF0470 002325 (v02 VBOX   VBOXBIOS 00000002 INTL 20190509)
[    0.000000] ACPI: FACS 0x000000001FFF0200 000040
[    0.000000] ACPI: FACS 0x000000001FFF0200 000040
[    0.000000] ACPI: APIC 0x000000001FFF0240 00005C (v02 VBOX   VBOXAPIC 00000001 ASL  00000061)
[    0.000000] ACPI: SSDT 0x000000001FFF02A0 0001CC (v01 VBOX   VBOXCPUT 00000002 INTL 20190509)
[    0.000000] No NUMA configuration found
[    0.000000] Faking a node at [mem 0x0000000000000000-0x000000001ffeffff]
[    0.000000] NODE_DATA(0) allocated [mem 0x1ffeb000-0x1ffeffff]
[    0.000000] kvm-clock: Using msrs 4b564d01 and 4b564d00
[    0.000000] kvm-clock: cpu 0, msr 0:1ffe3001, primary cpu clock
[    0.000000] kvm-clock: using sched offset of 5809186044 cycles
[    0.000000] clocksource: kvm-clock: mask: 0xffffffffffffffff max_cycles: 0x1cd42e4dffb, max_idle_ns: 881590591483 ns
[    0.000000] Zone ranges:
[    0.000000]   DMA      [mem 0x0000000000001000-0x0000000000ffffff]
[    0.000000]   DMA32    [mem 0x0000000001000000-0x000000001ffeffff]
[    0.000000]   Normal   empty
[    0.000000]   Device   empty
[    0.000000] Movable zone start for each node
[    0.000000] Early memory node ranges
[    0.000000]   node   0: [mem 0x0000000000001000-0x000000000009efff]
[    0.000000]   node   0: [mem 0x0000000000100000-0x000000001ffeffff]
[    0.000000] Initmem setup node 0 [mem 0x0000000000001000-0x000000001ffeffff]
[    0.000000] ACPI: PM-Timer IO Port: 0x4008
[    0.000000] IOAPIC[0]: apic_id 2, version 32, address 0xfec00000, GSI 0-23
[    0.000000] ACPI: INT_SRC_OVR (bus 0 bus_irq 0 global_irq 2 dfl dfl)
[    0.000000] ACPI: INT_SRC_OVR (bus 0 bus_irq 9 global_irq 9 low level)
[    0.000000] Using ACPI (MADT) for SMP configuration information
[    0.000000] smpboot: Allowing 2 CPUs, 0 hotplug CPUs
[    0.000000] PM: Registered nosave memory: [mem 0x00000000-0x00000fff]
[    0.000000] PM: Registered nosave memory: [mem 0x0009f000-0x0009ffff]
[    0.000000] PM: Registered nosave memory: [mem 0x000a0000-0x000effff]
[    0.000000] PM: Registered nosave memory: [mem 0x000f0000-0x000fffff]
[    0.000000] e820: [mem 0x20000000-0xfebfffff] available for PCI devices
[    0.000000] Booting paravirtualized kernel on KVM
[    0.000000] clocksource: refined-jiffies: mask: 0xffffffff max_cycles: 0xffffffff, max_idle_ns: 7645519600211568 ns
[    0.000000] setup_percpu: NR_CPUS:512 nr_cpumask_bits:512 nr_cpu_ids:2 nr_node_ids:1
[    0.000000] PERCPU: Embedded 33 pages/cpu @ffff88001fc00000 s95192 r8192 d31784 u1048576
[    0.000000] Built 1 zonelists in Node order, mobility grouping on.  Total pages: 128888
[    0.000000] Policy zone: DMA32
[    0.000000] Kernel command line: BOOT_IMAGE=/boot/vmlinuz-4.4.0-209-generic root=LABEL=cloudimg-rootfs ro console=tty1 console=ttyS0
[    0.000000] PID hash table entries: 2048 (order: 2, 16384 bytes)
[    0.000000] Memory: 481712K/523832K available (8644K kernel code, 1332K rwdata, 4044K rodata, 1492K init, 1164K bss, 42120K reserved, 0K cma-reserved)
[    0.000000] SLUB: HWalign=64, Order=0-3, MinObjects=0, CPUs=2, Nodes=1
[    0.000000] Kernel/User page tables isolation: enabled
[    0.000000] Hierarchical RCU implementation.
[    0.000000] 	Build-time adjustment of leaf fanout to 64.
[    0.000000] 	RCU restricting CPUs from NR_CPUS=512 to nr_cpu_ids=2.
[    0.000000] RCU: Adjusting geometry for rcu_fanout_leaf=64, nr_cpu_ids=2
[    0.000000] NR_IRQS:33024 nr_irqs:440 16
[    0.000000] Console: colour VGA+ 80x25
[    0.000000] console [tty1] enabled
[    0.000000] console [ttyS0] enabled
[    0.000000] tsc: Detected 2992.880 MHz processor
[    0.995706] Calibrating delay loop (skipped) preset value.. 5985.76 BogoMIPS (lpj=11971520)
[    1.008844] pid_max: default: 32768 minimum: 301
[    1.016081] ACPI: Core revision 20150930
[    1.024115] ACPI: 2 ACPI AML tables successfully acquired and loaded
[    1.035261] Security Framework initialized
[    1.041957] Yama: becoming mindful.
[    1.048455] AppArmor: AppArmor initialized
[    1.055773] Dentry cache hash table entries: 65536 (order: 7, 524288 bytes)
[    1.065682] Inode-cache hash table entries: 32768 (order: 6, 262144 bytes)
[    1.075616] Mount-cache hash table entries: 1024 (order: 1, 8192 bytes)
[    1.085058] Mountpoint-cache hash table entries: 1024 (order: 1, 8192 bytes)
[    1.095329] Initializing cgroup subsys io
[    1.104094] Initializing cgroup subsys memory
[    1.111332] Initializing cgroup subsys devices
[    1.118293] Initializing cgroup subsys freezer
[    1.125241] Initializing cgroup subsys net_cls
[    1.132818] Initializing cgroup subsys perf_event
[    1.141468] Initializing cgroup subsys net_prio
[    1.149785] Initializing cgroup subsys hugetlb
[    1.157243] Initializing cgroup subsys pids
[    1.165989] mce: CPU supports 0 MCE banks
[    1.172741] Last level iTLB entries: 4KB 64, 2MB 8, 4MB 8
[    1.181144] Last level dTLB entries: 4KB 64, 2MB 0, 4MB 0, 1GB 4
[    1.190396] Spectre V1 : Mitigation: usercopy/swapgs barriers and __user pointer sanitization
[    1.203623] Spectre V2 : Mitigation: Full generic retpoline
[    1.211838] Spectre V2 : Spectre v2 / SpectreRSB mitigation: Filling RSB on context switch
[    1.225058] Speculative Store Bypass: Vulnerable
[    1.232886] MDS: Mitigation: Clear CPU buffers
[    1.277433] Freeing SMP alternatives memory: 36K
[    1.367717] ftrace: allocating 32380 entries in 127 pages
[    1.965466] smpboot: APIC(0) Converting physical 0 to logical package 0
[    1.974263] smpboot: Max logical packages: 1
[    1.982595] x2apic enabled
[    1.989349] Switched APIC routing to physical x2apic.
[    2.005033] ..TIMER: vector=0x30 apic1=0 pin1=2 apic2=-1 pin2=-1
[    2.121753] smpboot: CPU0: Intel(R) Xeon(R) Gold 6248R CPU @ 3.00GHz (family: 0x6, model: 0x4f, stepping: 0x0)
[    2.138858] Performance Events: unsupported p6 CPU model 79 no PMU driver, software events only.
[    2.234470] KVM setup paravirtual spinlock
[    2.242500] x86: Booting SMP configuration:
[    2.249583] .... node  #0, CPUs:      #1
[    2.256930] kvm-clock: cpu 1, msr 0:1ffe3041, secondary cpu clock
[    2.264515] mce: CPU supports 0 MCE banks
[    2.270160] x86: Booted up 1 node, 2 CPUs
[    2.278065] smpboot: Total of 2 processors activated (11971.52 BogoMIPS)
[    2.292994] devtmpfs: initialized
[    2.301548] evm: security.selinux
[    2.307128] evm: security.SMACK64
[    2.313357] evm: security.SMACK64EXEC
[    2.319348] evm: security.SMACK64TRANSMUTE
[    2.329113] evm: security.SMACK64MMAP
[    2.336512] evm: security.ima
[    2.343326] evm: security.capability
[    2.351568] clocksource: jiffies: mask: 0xffffffff max_cycles: 0xffffffff, max_idle_ns: 7645041785100000 ns
[    2.369225] futex hash table entries: 512 (order: 3, 32768 bytes)
[    2.380729] pinctrl core: initialized pinctrl subsystem
[    2.389900] RTC time: 14:07:33, date: 05/24/21
[    2.399981] NET: Registered protocol family 16
[    2.415425] cpuidle: using governor ladder
[    2.431773] cpuidle: using governor menu
[    2.437962] PCCT header not found.
[    2.443826] ACPI: bus type PCI registered
[    2.450251] acpiphp: ACPI Hot Plug PCI Controller Driver version: 0.5
[    2.459448] PCI: Using configuration type 1 for base access
[    2.480609] ACPI: Added _OSI(Module Device)
[    2.487555] ACPI: Added _OSI(Processor Device)
[    2.494657] ACPI: Added _OSI(3.0 _SCP Extensions)
[    2.501633] ACPI: Added _OSI(Processor Aggregator Device)
[    2.511111] ACPI: Executed 1 blocks of module-level executable AML code
[    2.524729] ACPI: Interpreter enabled
[    2.530637] ACPI: (supports S0 S5)
[    2.536333] ACPI: Using IOAPIC for interrupt routing
[    2.543916] PCI: Using host bridge windows from ACPI; if necessary, use "pci=nocrs" and report a bug
[    2.565590] ACPI: PCI Root Bridge [PCI0] (domain 0000 [bus 00-ff])
[    2.574127] acpi PNP0A03:00: _OSC: OS supports [ASPM ClockPM Segments MSI]
[    2.583889] acpi PNP0A03:00: _OSC: not requesting OS control; OS requires [ExtendedConfig ASPM ClockPM MSI]
[    2.597627] acpi PNP0A03:00: fail to add MMCONFIG information, can't access extended PCI configuration space under this bridge.
[    2.614746] PCI host bridge to bus 0000:00
[    2.621215] pci_bus 0000:00: root bus resource [io  0x0000-0x0cf7 window]
[    2.630618] pci_bus 0000:00: root bus resource [io  0x0d00-0xffff window]
[    2.639697] pci_bus 0000:00: root bus resource [mem 0x000a0000-0x000bffff window]
[    2.650968] pci_bus 0000:00: root bus resource [mem 0x20000000-0xfdffffff window]
[    2.662240] pci_bus 0000:00: root bus resource [bus 00-ff]
[    2.681865] pci 0000:00:01.1: legacy IDE quirk: reg 0x10: [io  0x01f0-0x01f7]
[    2.691442] pci 0000:00:01.1: legacy IDE quirk: reg 0x14: [io  0x03f6]
[    2.700340] pci 0000:00:01.1: legacy IDE quirk: reg 0x18: [io  0x0170-0x0177]
[    2.709920] pci 0000:00:01.1: legacy IDE quirk: reg 0x1c: [io  0x0376]
[    2.909918] pci 0000:00:07.0: quirk: [io  0x4000-0x403f] claimed by PIIX4 ACPI
[    2.921535] pci 0000:00:07.0: quirk: [io  0x4100-0x410f] claimed by PIIX4 SMB
[    3.005175] ACPI: PCI Interrupt Link [LNKA] (IRQs 5 9 10 *11)
[    3.019512] ACPI: PCI Interrupt Link [LNKB] (IRQs 5 9 *10 11)
[    3.031750] ACPI: PCI Interrupt Link [LNKC] (IRQs 5 *9 10 11)
[    3.043907] ACPI: PCI Interrupt Link [LNKD] (IRQs 5 9 10 *11)
[    3.056379] ACPI: Enabled 2 GPEs in block 00 to 07
[    3.067721] vgaarb: setting as boot device: PCI:0000:00:02.0
[    3.075840] vgaarb: device added: PCI:0000:00:02.0,decodes=io+mem,owns=io+mem,locks=none
[    3.088299] vgaarb: loaded
[    3.093444] vgaarb: bridge control possible 0000:00:02.0
[    3.102104] SCSI subsystem initialized
[    3.108911] ACPI: bus type USB registered
[    3.115197] usbcore: registered new interface driver usbfs
[    3.122954] usbcore: registered new interface driver hub
[    3.130421] usbcore: registered new device driver usb
[    3.138800] PCI: Using ACPI for IRQ routing
[    3.146976] NetLabel: Initializing
[    3.152727] NetLabel:  domain hash size = 128
[    3.159758] NetLabel:  protocols = UNLABELED CIPSOv4
[    3.167101] NetLabel:  unlabeled traffic allowed by default
[    3.175642] amd_nb: Cannot enumerate AMD northbridges
[    3.183192] clocksource: Switched to clocksource kvm-clock
[    3.205805] AppArmor: AppArmor Filesystem Enabled
[    3.212936] pnp: PnP ACPI init
[    3.220994] pnp: PnP ACPI: found 3 devices
[    3.250887] clocksource: acpi_pm: mask: 0xffffff max_cycles: 0xffffff, max_idle_ns: 2085701024 ns
[    3.265594] NET: Registered protocol family 2
[    3.274712] TCP established hash table entries: 4096 (order: 3, 32768 bytes)
[    3.285146] TCP bind hash table entries: 4096 (order: 4, 65536 bytes)
[    3.294396] TCP: Hash tables configured (established 4096 bind 4096)
[    3.304018] UDP hash table entries: 256 (order: 1, 8192 bytes)
[    3.312472] UDP-Lite hash table entries: 256 (order: 1, 8192 bytes)
[    3.321521] NET: Registered protocol family 1
[    3.328510] pci 0000:00:00.0: Limiting direct PCI/PCI transfers
[    3.337299] pci 0000:00:01.0: Activating ISA DMA hang workarounds
[    3.350893] Unpacking initramfs...
[    3.730382] Freeing initrd memory: 14888K
[    3.737422] clocksource: tsc: mask: 0xffffffffffffffff max_cycles: 0x2b23ff01ca6, max_idle_ns: 440795218045 ns
[    3.751742] platform rtc_cmos: registered platform RTC device (no PNP device found)
[    3.763541] Scanning for low memory corruption every 60 seconds
[    3.773502] audit: initializing netlink subsys (disabled)
[    3.781654] audit: type=2000 audit(1621865259.427:1): initialized
[    3.790815] Initialise system trusted keyring
[    3.798617] HugeTLB registered 2 MB page size, pre-allocated 0 pages
[    3.808963] zbud: loaded
[    3.814599] VFS: Disk quotas dquot_6.6.0
[    3.821098] VFS: Dquot-cache hash table entries: 512 (order 0, 4096 bytes)
[    3.830781] squashfs: version 4.0 (2009/01/31) Phillip Lougher
[    3.839889] fuse init (API version 7.23)
[    3.846921] Key type big_key registered
[    3.853101] Allocating IMA MOK and blacklist keyrings.
[    3.865940] Key type asymmetric registered
[    3.872698] Asymmetric key parser 'x509' registered
[    3.879967] Block layer SCSI generic (bsg) driver version 0.4 loaded (major 249)
[    3.891940] io scheduler noop registered
[    3.898311] io scheduler deadline registered (default)
[    3.905974] io scheduler cfq registered
[    3.912269] pci_hotplug: PCI Hot Plug PCI Core version: 0.5
[    3.920328] pciehp: PCI Express Hot Plug Controller Driver version: 0.4
[    3.929437] ACPI: AC Adapter [AC] (on-line)
[    3.936060] input: Power Button as /devices/LNXSYSTM:00/LNXPWRBN:00/input/input0
[    3.947207] ACPI: Power Button [PWRF]
[    3.953430] input: Sleep Button as /devices/LNXSYSTM:00/LNXSLPBN:00/input/input1
[    3.964872] ACPI: Sleep Button [SLPF]
[    3.971861] GHES: HEST is not enabled!
[    3.978438] Serial: 8250/16550 driver, 32 ports, IRQ sharing enabled
[    4.014219] 00:02: ttyS0 at I/O 0x3f8 (irq = 4, base_baud = 115200) is a 16550A
[    4.035565] Linux agpgart interface v0.103
[    4.047940] loop: module loaded
[    4.056817] scsi host0: ata_piix
[    4.063848] scsi host1: ata_piix
[    4.070556] ata1: PATA max UDMA/33 cmd 0x1f0 ctl 0x3f6 bmdma 0xd000 irq 14
[    4.080802] ata2: PATA max UDMA/33 cmd 0x170 ctl 0x376 bmdma 0xd008 irq 15
[    4.091330] libphy: Fixed MDIO Bus: probed
[    4.098631] tun: Universal TUN/TAP device driver, 1.6
[    4.106828] tun: (C) 1999-2004 Max Krasnyansky <maxk@qualcomm.com>
[    4.116572] PPP generic driver version 2.4.2
[    4.124406] ehci_hcd: USB 2.0 'Enhanced' Host Controller (EHCI) Driver
[    4.134350] ehci-pci: EHCI PCI platform driver
[    4.141995] ehci-platform: EHCI generic platform driver
[    4.150391] ohci_hcd: USB 1.1 'Open' Host Controller (OHCI) Driver
[    4.159912] ohci-pci: OHCI PCI platform driver
[    4.167294] ohci-platform: OHCI generic platform driver
[    4.175655] uhci_hcd: USB Universal Host Controller Interface driver
[    4.185253] i8042: PNP: PS/2 Controller [PNP0303:PS2K,PNP0f03:PS2M] at 0x60,0x64 irq 1,12
[    4.201601] serio: i8042 KBD port at 0x60,0x64 irq 1
[    4.209291] serio: i8042 AUX port at 0x60,0x64 irq 12
[    4.218160] mousedev: PS/2 mouse device common for all mice
[    4.229138] input: AT Translated Set 2 keyboard as /devices/platform/i8042/serio0/input/input2
[    4.241508] rtc_cmos rtc_cmos: rtc core: registered rtc_cmos as rtc0
[    4.241990] rtc_cmos rtc_cmos: alarms up to one day, 114 bytes nvram
[    4.242004] i2c /dev entries driver
[    4.242189] device-mapper: uevent: version 1.0.3
[    4.242323] device-mapper: ioctl: 4.34.0-ioctl (2015-10-28) initialised: dm-devel@redhat.com
[    4.242369] ledtrig-cpu: registered to indicate activity on CPUs
[    4.334278] NET: Registered protocol family 10
[    4.343680] NET: Registered protocol family 17
[    4.351572] Key type dns_resolver registered
[    4.360602] registered taskstats version 1
[    4.368674] Loading compiled-in X.509 certificates
[    4.378105] Loaded X.509 cert 'Build time autogenerated kernel key: 22d3a5535218f8054ed36ef6cb783aea6be3ac13'
[    4.394252] zswap: loaded using pool lzo/zbud
[    4.414303] Key type trusted registered
[    4.431675] Key type encrypted registered
[    4.438887] AppArmor: AppArmor sha1 policy hashing enabled
[    4.447842] ima: No TPM chip found, activating TPM-bypass!
[    4.456611] ima: Allocated hash algorithm: sha1
[    4.464352] evm: HMAC attrs: 0x1
[    4.472941]   Magic number: 5:347:132
[    4.480468] rtc_cmos rtc_cmos: setting system clock to 2021-05-24 14:07:35 UTC (1621865255)
[    4.494757] BIOS EDD facility v0.16 2004-Jun-25, 0 devices found
[    4.504793] EDD information not available.
[    4.516826] Freeing unused kernel memory: 1492K
[    4.535295] Write protecting the kernel read-only data: 14336k
[    4.547889] Freeing unused kernel memory: 1584K
[    4.556728] Freeing unused kernel memory: 52K
Loading, please wait...
starting version 229
[    4.594865] random: systemd-udevd: uninitialized urandom read (16 bytes read, 5 bits of entropy available)
[    4.596184] random: udevadm: uninitialized urandom read (16 bytes read, 5 bits of entropy available)
[    4.596219] random: udevadm: uninitialized urandom read (16 bytes read, 5 bits of entropy available)
[    4.615460] random: udevadm: uninitialized urandom read (16 bytes read, 5 bits of entropy available)
[    4.615531] random: udevadm: uninitialized urandom read (16 bytes read, 5 bits of entropy available)
[    4.615742] random: udevadm: uninitialized urandom read (16 bytes read, 5 bits of entropy available)
[    4.615809] random: udevadm: uninitialized urandom read (16 bytes read, 5 bits of entropy available)
[    4.615883] random: udevadm: uninitialized urandom read (16 bytes read, 5 bits of entropy available)
[    4.615963] random: udevadm: uninitialized urandom read (16 bytes read, 5 bits of entropy available)
[    4.616029] random: udevadm: uninitialized urandom read (16 bytes read, 5 bits of entropy available)
[    4.805006] e1000: Intel(R) PRO/1000 Network Driver - version 7.3.21-k8-NAPI
[    4.814775] e1000: Copyright (c) 1999-2006 Intel Corporation.
[    4.828333] Fusion MPT base driver 3.04.20
[    4.835646] Copyright (c) 1999-2008 LSI Corporation
[    4.858177] Fusion MPT SPI Host driver 3.04.20
[    4.867862] mptbase: ioc0: Initiating bringup
[    4.898556] AVX2 version of gcm_enc/dec engaged.
[    4.906559] AES CTR mode by8 optimization enabled
[    5.036823] ioc0: LSI53C1030 A0: Capabilities={Initiator}
[    5.113506] input: ImExPS/2 Generic Explorer Mouse as /devices/platform/i8042/serio1/input/input4
[    6.291047] scsi host2: ioc0: LSI53C1030 A0, FwRev=00000000h, Ports=1, MaxQ=256, IRQ=20
[    7.931448] scsi 2:0:0:0: Direct-Access     VBOX     HARDDISK         1.0  PQ: 0 ANSI: 5
[    7.947132] scsi target2:0:0: Beginning Domain Validation
[    7.960484] scsi target2:0:0: Domain Validation skipping write tests
[    7.969944] scsi target2:0:0: Ending Domain Validation
[    7.979697] scsi target2:0:0: asynchronous
[    7.998419] scsi 2:0:1:0: Direct-Access     VBOX     HARDDISK         1.0  PQ: 0 ANSI: 5
[    8.013796] scsi target2:0:1: Beginning Domain Validation
[    8.030164] scsi target2:0:1: Domain Validation skipping write tests
[    8.039963] scsi target2:0:1: Ending Domain Validation
[    8.048782] scsi target2:0:1: asynchronous
[    8.072852] sd 2:0:0:0: Attached scsi generic sg0 type 0
[    8.082290] sd 2:0:0:0: [sda] 83886080 512-byte logical blocks: (42.9 GB/40.0 GiB)
[    8.096061] sd 2:0:1:0: [sdb] 20480 512-byte logical blocks: (10.5 MB/10.0 MiB)
[    8.192904] sd 2:0:1:0: Attached scsi generic sg1 type 0
[    8.202612] sd 2:0:0:0: [sda] Write Protect is off
[    8.210494] sd 2:0:1:0: [sdb] Write Protect is off
[    8.219022] sd 2:0:0:0: [sda] Incomplete mode parameter data
[    8.228223] sd 2:0:0:0: [sda] Assuming drive cache: write through
[    8.237375] sd 2:0:1:0: [sdb] Incomplete mode parameter data
[    8.245893] sd 2:0:1:0: [sdb] Assuming drive cache: write through
[    8.260090]  sda: sda1
[    8.267830] sd 2:0:0:0: [sda] Attached SCSI disk
[    8.276284] sd 2:0:1:0: [sdb] Attached SCSI disk
[    9.224534] e1000 0000:00:03.0 eth0: (PCI:33MHz:32-bit) 02:b2:7d:35:d4:c1
[    9.233445] e1000 0000:00:03.0 eth0: Intel(R) PRO/1000 Network Connection
[   10.033323] e1000 0000:00:08.0 eth1: (PCI:33MHz:32-bit) 08:00:27:3a:3b:2a
[   10.042730] e1000 0000:00:08.0 eth1: Intel(R) PRO/1000 Network Connection
[   10.054581] e1000 0000:00:03.0 enp0s3: renamed from eth0
[   10.079578] e1000 0000:00:08.0 enp0s8: renamed from eth1
Begin: Loading essential drivers ... [   13.362396] md: linear personality registered for level -1
[   13.375943] md: multipath personality registered for level -4
[   13.389575] md: raid0 personality registered for level 0
[   13.415163] md: raid1 personality registered for level 1
[   13.495324] raid6: sse2x1   gen()  7605 MB/s
[   13.567325] raid6: sse2x1   xor()  5810 MB/s
[   13.639337] raid6: sse2x2   gen() 10853 MB/s
[   13.711311] raid6: sse2x2   xor()  8549 MB/s
[   13.783356] raid6: sse2x4   gen() 12948 MB/s
[   13.855347] raid6: sse2x4   xor()  8575 MB/s
[   13.927305] raid6: avx2x1   gen() 16533 MB/s
[   13.999361] raid6: avx2x2   gen() 20457 MB/s
[   14.067330] raid6: avx2x4   gen() 21227 MB/s
[   14.073911] raid6: using algorithm avx2x4 gen() 21227 MB/s
[   14.081567] raid6: using avx2x2 recovery algorithm
[   14.090910] xor: automatically using best checksumming function:
[   14.868784]    avx       : 885463.000 MB/sec
[   14.881325] async_tx: api initialized (async)
[   14.935963] md: raid6 personality registered for level 6
[   14.943927] md: raid5 personality registered for level 5
[   14.952142] md: raid4 personality registered for level 4
[   14.979640] md: raid10 personality registered for level 10
done.
Begin: Running /scripts/init-premount ... done.
Begin: Mounting root file system ... Begin: Running /scripts/local-top ... done.
Begin: Running /scripts/local-premount ... [   15.085030] Btrfs loaded
Scanning for Btrfs filesystems
done.
Warning: fsck not present, so skipping root file system
[   15.157595] EXT4-fs (sda1): mounted filesystem with ordered data mode. Opts: (null)
done.
Begin: Running /scripts/local-bottom ... done.
Begin: Running /scripts/init-bottom ... done.
[   15.425456] systemd[1]: systemd 229 running in system mode. (+PAM +AUDIT +SELINUX +IMA +APPARMOR +SMACK +SYSVINIT +UTMP +LIBCRYPTSETUP +GCRYPT +GNUTLS +ACL +XZ -LZ4 +SECCOMP +BLKID +ELFUTILS +KMOD -IDN)
[   15.449952] systemd[1]: Detected virtualization oracle.
[   15.457858] systemd[1]: Detected architecture x86-64.

Welcome to [1mUbuntu 16.04.7 LTS[0m!

[   15.476688] systemd[1]: Set hostname to <ubuntu>.
[   15.490145] systemd[1]: Initializing machine ID from random generator.
[   15.500466] systemd[1]: Installed transient /etc/machine-id file.
[   15.778497] systemd[1]: Listening on Device-mapper event daemon FIFOs.
[[0;32m  OK  [0m] Listening on Device-mapper event daemon FIFOs.
[   15.797257] systemd[1]: Set up automount Arbitrary Executable File Formats File System Automount Point.
[[0;32m  OK  [0m] Set up automount Arbitrary Executab...ats File System Automount Point.
[   15.821887] systemd[1]: Started Trigger resolvconf update for networkd DNS.
[[0;32m  OK  [0m] Started Trigger resolvconf update for networkd DNS.
[   15.844268] systemd[1]: Reached target Swap.
[[0;32m  OK  [0m] Reached target Swap.
[   15.856564] systemd[1]: Listening on Journal Socket (/dev/log).
[[0;32m  OK  [0m] Listening on Journal Socket (/dev/log).
[   15.871831] systemd[1]: Reached target System Time Synchronized.
[[0;32m  OK  [0m] Reached target System Time Synchronized.
[   15.886981] systemd[1]: Listening on udev Control Socket.
[[0;32m  OK  [0m] Listening on udev Control Socket.
[   15.902597] systemd[1]: Created slice System Slice.
[[0;32m  OK  [0m] Created slice System Slice.
[   15.917841] systemd[1]: Listening on Journal Audit Socket.
[[0;32m  OK  [0m] Listening on Journal Audit Socket.
[   15.934386] systemd[1]: Created slice system-serial\x2dgetty.slice.
[[0;32m  OK  [0m] Created slice system-serial\x2dgetty.slice.
[   15.951699] systemd[1]: Listening on udev Kernel Socket.
[[0;32m  OK  [0m] Listening on udev Kernel Socket.
[   15.967169] systemd[1]: Listening on Syslog Socket.
[[0;32m  OK  [0m] Listening on Syslog Socket.
[   15.982084] systemd[1]: Reached target User and Group Name Lookups.
[[0;32m  OK  [0m] Reached target User and Group Name Lookups.
[   16.001858] systemd[1]: Created slice User and Session Slice.
[[0;32m  OK  [0m] Created slice User and Session Slice.
[   16.019565] systemd[1]: Reached target Slices.
[[0;32m  OK  [0m] Reached target Slices.
[   16.033811] systemd[1]: Listening on LVM2 poll daemon socket.
[[0;32m  OK  [0m] Listening on LVM2 poll daemon socket.
[   16.050547] systemd[1]: Reached target Encrypted Volumes.
[[0;32m  OK  [0m] Reached target Encrypted Volumes.
[   16.066829] systemd[1]: Listening on LVM2 metadata daemon socket.
[[0;32m  OK  [0m] Listening on LVM2 metadata daemon socket.
[   16.084242] systemd[1]: Listening on /dev/initctl Compatibility Named Pipe.
[[0;32m  OK  [0m] Listening on /dev/initctl Compatibility Named Pipe.
[   16.102930] systemd[1]: Started Forward Password Requests to Wall Directory Watch.
[[0;32m  OK  [0m] Started Forward Password Requests to Wall Directory Watch.
[   16.125021] systemd[1]: Listening on Journal Socket.
[[0;32m  OK  [0m] Listening on Journal Socket.
[   16.155593] systemd[1]: Mounting Huge Pages File System...
[   16.166075] random: nonblocking pool is initialized
         Mounting Huge Pages File System...
[   16.178305] systemd[1]: Mounting POSIX Message Queue File System...
         Mounting POSIX Message Queue File System...
[   16.195699] systemd[1]: Starting Set console keymap...
         Starting Set console keymap...
[   16.211261] systemd[1]: Starting Uncomplicated firewall...
         Starting Uncomplicated firewall...
[   16.228410] systemd[1]: Starting Nameserver information manager...
         Starting Nameserver information manager...
[   16.245842] systemd[1]: Mounting Debug File System...
         Mounting Debug File System...
[   16.262918] systemd[1]: Starting Create list of required static device nodes for the current kernel...
         Starting Create list of required st... nodes for the current kernel...
[   16.287438] systemd[1]: Starting Journal Service...
         Starting Journal Service...
[   16.307984] systemd[1]: Starting Monitoring of LVM2 mirrors, snapshots etc. using dmeventd or progress polling...
         Starting Monitoring of LVM2 mirrors... dmeventd or progress polling...
[   16.340199] systemd[1]: Listening on fsck to fsckd communication Socket.
[[0;32m  OK  [0m] Listening on fsck to fsckd communication Socket.
[   16.366295] systemd[1]: Starting File System Check on Root Device...
         Starting File System Check on Root Device...
[   16.398676] systemd[1]: Starting Load Kernel Modules...
         Starting Load Kernel Modules...
[   16.417506] systemd[1]: Mounted POSIX Message Queue File System.
[[0;32m  OK  [0m] Mounted POSIX Message Queue File System.
[   16.438360] systemd[1]: Mounted Debug File System.
[[   16.449421] Loading iSCSI transport class v2.0-870.
[0;32m  OK  [0m] Mounted Debug File System.
[   16.459708] systemd[1]: Mounted Huge Pages File System.
[[0;32m  OK  [0m] Mounted Huge Pages File System.
[   16.477654] systemd[1]: Started Journal Service.
[[0;32m  OK  [0m] [   16.490865] iscsi: registered transport (tcp)
Started Journal Service.
[[0;32m  OK  [0m] Started Set console keymap.
[[0;32m  OK  [0m] Started Uncomplicated firewall.
[[0;32m  OK  [0m] Started Create list of required sta...ce nodes for the current kernel.
[[0;32m  OK  [0m] Started File System Check on Root Device.
[[0;32m  OK  [0m] Started Nameserver information manager.
[   16.574933] iscsi: registered transport (iser)
[[0;32m  OK  [0m] Started LVM2 metadata daemon.
[[0;32m  OK  [0m] Started File System Check Daemon to report status.
         Starting Remount Root and Kernel File Systems...
         Starting Create Static Device Nodes in /dev...
[   16.629234] EXT4-fs (sda1): re-mounted. Opts: (null)
[[0;32m  OK  [0m] Started Load Kernel Modules.
[[0;32m  OK  [0m] Started Remount Root and Kernel File Systems.
         Starting Flush Journal to Persistent Storage...
         Starting udev Coldplug all Devices...
         Starting Load/Save Random Seed...
         Starting Apply Kernel Variables...
         Mounting FUSE Control File System...
[[0;32m  OK  [0m] Mounted FUSE Control File System.
[   16.699114] systemd-journald[392]: Received request to flush runtime journal from PID 1
[[0;32m  OK  [0m] Started Load/Save Random Seed.
[[0;32m  OK  [0m] Started Create Static Device Nodes in /dev.
[[0;32m  OK  [0m] Started Flush Journal to Persistent Storage.
[[0;32m  OK  [0m] Started Apply Kernel Variables.
[[0;32m  OK  [0m] Started udev Coldplug all Devices.
         Starting udev Kernel Device Manager...
[[0;32m  OK  [0m] Started udev Kernel Device Manager.
[[0;32m  OK  [0m] Started Dispatch Password Requests to Console Directory Watch.
[[0;32m  OK  [0m] Started Monitoring of LVM2 mirrors,...ng dmeventd or progress polling.
[[0;32m  OK  [0m] Reached target Local File Systems (Pre).
[[0;32m  OK  [0m] Reached target Local File Systems.
         Starting Tell Plymouth To Write Out Runtime Data...
         Starting Commit a transient machine-id on disk...
         Starting Initial cloud-init job (pre-networking)...
         Starting LSB: AppArmor initialization...
         Starting Create Volatile Files and Directories...
         Starting Set console font and keymap...
[[0;32m  OK  [0m] Started Tell Plymouth To Write Out Runtime Data.
[[0;32m  OK  [0m] Started Commit a transient machine-id on disk.
[[0;32m  OK  [0m] Started Create Volatile Files and Directories.
         Starting Update UTMP about System Boot/Shutdown...
[[0;32m  OK  [0m] Found device /dev/ttyS0.
[[0;32m  OK  [0m] Started Update UTMP about System Boot/Shutdown.
[[0;32m  OK  [0m] Listening on Load/Save RF Kill Switch Status /dev/rfkill Watch.
[[0;32m  OK  [0m] Started LSB: AppArmor initialization.
[   17.499792] cloud-init[497]: Cloud-init v. 21.1-19-gbad84ad4-0ubuntu1~16.04.1 running 'init-local' at Mon, 24 May 2021 14:07:50 +0000. Up 16.96 seconds.
         Starting Load AppArmor profiles managed internally by snapd...
[[0;32m  OK  [0m] Started Initial cloud-init job (pre-networking).
[[0;32m  OK  [0m] Started Load AppArmor profiles managed internally by snapd.
[[0;32m  OK  [0m] Reached target Network (Pre).
         Starting Raise network interfaces...
[[0;32m  OK  [0m] Started Set console font and keymap.
[[0;32m  OK  [0m] Created slice system-getty.slice.
[[0;32m  OK  [0m] Started Raise network interfaces.
[[0;32m  OK  [0m] Reached target Network.
         Starting Initial cloud-init job (metadata service crawler)...
[   24.959110] cloud-init[968]: Cloud-init v. 21.1-19-gbad84ad4-0ubuntu1~16.04.1 running 'init' at Mon, 24 May 2021 14:07:56 +0000. Up 23.89 seconds.
[   24.971476] cloud-init[968]: ci-info: ++++++++++++++++++++++++++++++++++++++Net device info+++++++++++++++++++++++++++++++++++++++
[   24.983005] cloud-init[968]: ci-info: +--------+-------+----------------------------+---------------+--------+-------------------+
[   24.994328] cloud-init[968]: ci-info: | Device |   Up  |          Address           |      Mask     | Scope  |     Hw-Address    |
[   25.006227] cloud-init[968]: ci-info: +--------+-------+----------------------------+---------------+--------+-------------------+
[   25.018018] cloud-init[968]: ci-info: | enp0s3 |  True |         10.0.2.15          | 255.255.255.0 | global | 02:b2:7d:35:d4:c1 |
[   25.029686] cloud-init[968]: ci-info: | enp0s3 |  True | fe80::b2:7dff:fe35:d4c1/64 |       .       |  link  | 02:b2:7d:35:d4:c1 |
[   25.042003] cloud-init[968]: ci-info: | enp0s8 | False |             .              |       .       |   .    | 08:00:27:3a:3b:2a |
[   25.053201] cloud-init[968]: ci-info: |   lo   |  True |         127.0.0.1          |   255.0.0.0   |  host  |         .         |
[   25.064285] cloud-init[968]: ci-info: |   lo   |  True |          ::1/128           |       .       |  host  |         .         |
[   25.075539] cloud-init[968]: ci-info: +--------+-------+----------------------------+---------------+--------+-------------------+
[   25.087249] cloud-init[968]: ci-info: +++++++++++++++++++++++++++Route IPv4 info++++++++++++++++++++++++++++
[   25.097253] cloud-init[968]: ci-info: +-------+-------------+----------+---------------+-----------+-------+
[   25.107942] cloud-init[968]: ci-info: | Route | Destination | Gateway  |    Genmask    | Interface | Flags |
[   25.117455] cloud-init[968]: ci-info: +-------+-------------+----------+---------------+-----------+-------+
[   25.127104] cloud-init[968]: ci-info: |   0   |   0.0.0.0   | 10.0.2.2 |    0.0.0.0    |   enp0s3  |   UG  |
[   25.137149] cloud-init[968]: ci-info: |   1   |   10.0.2.0  | 0.0.0.0  | 255.255.255.0 |   enp0s3  |   U   |
[   25.146980] cloud-init[968]: ci-info: +-------+-------------+----------+---------------+-----------+-------+
[   25.156267] cloud-init[968]: ci-info: +++++++++++++++++++Route IPv6 info+++++++++++++++++++
[   25.164879] cloud-init[968]: ci-info: +-------+-------------+---------+-----------+-------+
[   25.173381] cloud-init[968]: ci-info: | Route | Destination | Gateway | Interface | Flags |
[   25.182011] cloud-init[968]: ci-info: +-------+-------------+---------+-----------+-------+
[   25.189894] cloud-init[968]: ci-info: |   0   |  fe80::/64  |    ::   |   enp0s3  |   U   |
[   25.205062] cloud-init[968]: ci-info: |   3   |   ff00::/8  |    ::   |   enp0s3  |   U   |
[   25.212433] cloud-init[968]: ci-info: +-------+-------------+---------+-----------+-------+
[   25.220049] cloud-init[968]: Generating public/private rsa key pair.
[   25.226205] cloud-init[968]: Your identification has been saved in /etc/ssh/ssh_host_rsa_key.
[   25.233690] cloud-init[968]: Your public key has been saved in /etc/ssh/ssh_host_rsa_key.pub.
[   25.241195] cloud-init[968]: The key fingerprint is:
[   25.246524] cloud-init[968]: SHA256:jxEKrgvOvTRjKL0TKUNwXDBs0yjdAWeoDxUFQYCNFsQ root@ubuntu-xenial
[   25.254099] cloud-init[968]: The key's randomart image is:
[   25.259690] cloud-init[968]: +---[RSA 2048]----+
[   25.264910] cloud-init[968]: |=@X&*.           |
[[   25.269854] cloud-init[968]: |=E%+o            |
[   25.271570] cloud-init[968]: |o* ..   .        |
[   25.273618] cloud-init[968]: |o. . . . .       |
[   25.274401] cloud-init[968]: |.o .. . S        |
[   25.275225] cloud-init[968]: |o.=.     +       |
[   25.275602] cloud-init[968]: |o+o*    . .      |
[0;32m  OK  [0m] Started Initial cloud-init job (metadata service crawler).
[[   25.276904] cloud-init[968]: |+.=oo            |
[   25.296085] cloud-init[968]: | oo+.            |
[   25.301236] cloud-init[968]: +----[SHA256]-----+
[   25.301315] cloud-init[968]: Generating public/private dsa key pair.
[   25.307941] cloud-init[968]: Your identification has been saved in /etc/ssh/ssh_host_dsa_key.
[   25.312723] cloud-init[968]: Your public key has been saved in /etc/ssh/ssh_host_dsa_key.pub.
[   25.312785] cloud-init[968]: The key fingerprint is:
[   25.317988] cloud-init[968]: SHA256:2Hcmr+6AjATUAwNBfw3Qrvc9qAjQiQhkr24SuyaxiyQ root@ubuntu-xenial
[   25.318998] cloud-init[968]: The key's randomart image is:
[   25.339881] cloud-init[968]: +---[DSA 1024]----+
[   25.343048] cloud-init[968]: |+*++o.           |
[   25.348980] cloud-init[968]: |o.o.o.o          |
[   25.349032] cloud-init[968]: |. .o.o .         |
[   25.349088] cloud-init[968]: |oo.o.. o         |
[   25.349825] cloud-init[968]: |=.o o . S o o    |
[0;32m  OK  [0m] [   25.349882] Reached target Network is Online.cloud-init
[968]: |+o o + . . =     |
[   25.349941] cloud-init[968]: |EB  o + +   .    |
[   25.377897] cloud-init[968]: |Oo. .  o + .     |
         [   25.383418] cloud-init[968]: |*. . ..  o=      |
[   25.385961] cloud-init[968]: +----[SHA256]-----+
[   25.390765] cloud-init[968]: Generating public/private ecdsa key pair.
[   25.390837] cloud-init[968]: Your identification has been saved in /etc/ssh/ssh_host_ecdsa_key.
[   25.398280] cloud-init[968]: Your public key has been saved in /etc/ssh/ssh_host_ecdsa_key.pub.
[   25.401307] cloud-init[968]: The key fingerprint is:
[   25.402271] cloud-init[968]: SHA256:LBWopZPPoY1CuuEc1JCyUeLZ9+bLQsTQRcDS+AsnNGw root@ubuntu-xenial
[   25.403032] cloud-init[968]: The key's randomart image is:
[   25.405869] cloud-init[968]: +---[ECDSA 256]---+
[   25.405905] cloud-init[968]: |..+ =.++.        |
[   25.405938] cloud-init[968]: |++oE +o  .       |
[   25.405989] cloud-init[968]: |.==.**  .        |
[   25.407928] cloud-init[968]: |...+*=oo         |
[   25.410054] cloud-init[968]: |.o  =Bo+S        |
[   25.413067] cloud-init[968]: |o.. oo*.         |
[   25.413108] cloud-init[968]: |oo...  .         |
[   25.413142] cloud-init[968]: |.o   .. .        |
[   25.415292] cloud-init[968]: |      .o         |
[   25.419527] cloud-init[968]: +----[SHA256]-----+
[   25.421615] cloud-init[968]: Generating public/private ed25519 key pair.
[   25.422674] cloud-init[968]: Your identification has been saved in /etc/ssh/ssh_host_ed25519_key.
[   25.427582] cloud-init[968]: Your public key has been saved in /etc/ssh/ssh_host_ed25519_key.pub.
[   25.429778] cloud-init[968]: The key fingerprint is:
[   25.433993] cloud-init[968]: SHA256:rbQYkoln/8oYuhNfdQBzhjeV0eVRyEUwX1cSv4aaw9E root@ubuntu-xenial
[   25.435975] cloud-init[968]: The key's randomart image is:
[   25.438199] cloud-init[968]: +--[ED25519 256]--+
[   25.443460] cloud-init[968]: |      ooo.o+ oBBO|
[   25.451905] cloud-init[968]: |      .++ . ..o*o|
[   25.457564] cloud-init[968]: |       . o    . o|
[   25.458375] cloud-init[968]: |   . o  ... . . .|
[   25.461767] cloud-init[968]: |  . * ..S... E o |
[   25.480856] cloud-init[968]: |  .o o.+ o. + .  |
[   25.481735] cloud-init[968]: |   o..o o  =     |
[   25.489194] cloud-init[968]: |  ...+ .    .    |
[   25.493377] cloud-init[968]: |  oo. o..        |
[   25.495443] cloud-init[968]: +----[SHA256]-----+
Starting iSCSI initiator daemon (iscsid)...
[[0;32m  OK  [0m] Reached target Cloud-config availability.
[[0;32m  OK  [0m] Reached target System Initialization.
[[0;32m  OK  [0m] Listening on D-Bus System Message Bus Socket.
         Starting LXD - unix socket.
[[0;32m  OK  [0m] Listening on ACPID Listen Socket.
[[0;32m  OK  [0m] Started Message of the Day.
[[0;32m  OK  [0m] Started ACPI Events Check.
[[0;32m  OK  [0m] Reached target Paths.
[[0;32m  OK  [0m] Started Daily apt download activities.
[[0;32m  OK  [0m] Started Daily apt upgrade and clean activities.
[[0;32m  OK  [0m] Listening on UUID daemon activation socket.
[[0;32m  OK  [0m] Started Daily Cleanup of Temporary Directories.
[[0;32m  OK  [0m] Reached target Timers.
         Starting Socket activation for snappy daemon.
[[0;32m  OK  [0m] Listening on LXD - unix socket.
[[0;32m  OK  [0m] Listening on Socket activation for snappy daemon.
[[0;32m  OK  [0m] Reached target Sockets.
[[0;32m  OK  [0m] Reached target Basic System.
         Starting /etc/rc.local Compatibility...
         Starting LSB: MD monitoring daemon...
         Starting System Logging Service...
[[0;32m  OK  [0m] Started Deferred execution scheduler.
[[0;32m  OK  [0m] Started Regular background program processing daemon.
         Starting Virtualbox guest utils...
         Starting Pollinate to seed the pseudo random number generator...
[[0;32m  OK  [0m] Started FUSE filesystem for LXC.
         Starting LXD - container startup/shutdown...
         Starting Login Service...
[[0;32m  OK  [0m] Started ACPI event daemon.
         Starting Accounts Service...
         Starting Snap Daemon...
         Starting LSB: Record successful boot for GRUB...
[[0;32m  OK  [0m] Started D-Bus System Message Bus.
[[0;32m  OK  [0m] Started System Logging Service.
[[0;32m  OK  [0m] Started iSCSI initiator daemon (iscsid).
[[0;32m  OK  [0m] Started /etc/rc.local Compatibility.
[[0;32m  OK  [0m] Started Login Service.
[[0;32m  OK  [0m] Started Unattended Upgrades Shutdown.
         Starting Authenticate and Authorize Users to Run Privileged Tasks...
         Starting Login to default iSCSI targets...
[[0;32m  OK  [0m] Started LSB: Record successful boot for GRUB.
[[0;32m  OK  [0m] Started LSB: MD monitoring daemon.
[[0;32m  OK  [0m] Started Authenticate and Authorize Users to Run Privileged Tasks.
[[0;32m  OK  [0m] Started Accounts Service.
[[0;32m  OK  [0m] Started Login to default iSCSI targets.
[[0;32m  OK  [0m] Reached target Remote File Systems (Pre).
[[0;32m  OK  [0m] Reached target Remote File Systems.
         Starting LSB: daemon to balance interrupts for SMP systems...
         Starting LSB: Set the CPU Frequency Scaling governor to "ondemand"...
         Starting LSB: automatic crash report generation...
         Starting Permit User Sessions...
[[0;32m  OK  [0m] Started Permit User Sessions.
         Starting Terminate Plymouth Boot Screen...
         Starting Hold until boot process finishes up...
[[0;32m  OK  [0m] Started Virtualbox guest utils.
[[0;32m  OK  [0m] Started Terminate Plymouth Boot Screen.
[[0;32m  OK  [0m] Started Hold until boot process finishes up.
         Starting Set console scheme...
[[0;32m  OK  [0m] Started Serial Getty on ttyS0.
[[0;32m  OK  [0m] Started Getty on tty1.
[[0;32m  OK  [0m] Reached target Login Prompts.
[[0;32m  OK  [0m] Started Pollinate to seed the pseudo random number generator.
[[0;32m  OK  [0m] Started LXD - container startup/shutdown.
[[0;32m  OK  [0m] Started LSB: daemon to balance interrupts for SMP systems.
[[0;32m  OK  [0m] Started LSB: Set the CPU Frequency Scaling governor to "ondemand".
[[0;32m  OK  [0m] Started LSB: automatic crash report generation.
[[0;32m  OK  [0m] Started Set console scheme.
         Starting OpenBSD Secure Shell server...
[[0;32m  OK  [0m] Started OpenBSD Secure Shell server.
[[0;32m  OK  [0m] Started Snap Daemon.
         Starting Wait until snapd is fully seeded...
[[0;32m  OK  [0m] Started Wait until snapd is fully seeded.
         Starting Apply the settings specified in cloud-config...
[[0;32m  OK  [0m] Reached target Multi-User System.
[[0;32m  OK  [0m] Reached target Graphical Interface.
         Starting Update UTMP about System Runlevel Changes...
[[0;32m  OK  [0m] Started Update UTMP about System Runlevel Changes.
[   27.919982] cloud-init[1309]: Generating locales (this might take a while)...
[   29.163235] cloud-init[1309]:   en_US.UTF-8... done
[   29.169090] cloud-init[1309]: Generation complete.
[   29.610329] cloud-init[1309]: Cloud-init v. 21.1-19-gbad84ad4-0ubuntu1~16.04.1 running 'modules:config' at Mon, 24 May 2021 14:08:00 +0000. Up 27.78 seconds.
[[0;32m  OK  [0m] Started Apply the settings specified in cloud-config.
         Starting Execute cloud user/final scripts...
ci-info: no authorized SSH keys fingerprints found for user ubuntu.
<14>May 24 14:08:03 ec2: 
<14>May 24 14:08:03 ec2: #############################################################
<14>May 24 14:08:03 ec2: -----BEGIN SSH HOST KEY FINGERPRINTS-----
<14>May 24 14:08:03 ec2: 1024 SHA256:2Hcmr+6AjATUAwNBfw3Qrvc9qAjQiQhkr24SuyaxiyQ root@ubuntu-xenial (DSA)
<14>May 24 14:08:03 ec2: 256 SHA256:LBWopZPPoY1CuuEc1JCyUeLZ9+bLQsTQRcDS+AsnNGw root@ubuntu-xenial (ECDSA)
<14>May 24 14:08:03 ec2: 256 SHA256:rbQYkoln/8oYuhNfdQBzhjeV0eVRyEUwX1cSv4aaw9E root@ubuntu-xenial (ED25519)
<14>May 24 14:08:03 ec2: 2048 SHA256:jxEKrgvOvTRjKL0TKUNwXDBs0yjdAWeoDxUFQYCNFsQ root@ubuntu-xenial (RSA)
<14>May 24 14:08:03 ec2: -----END SSH HOST KEY FINGERPRINTS-----
<14>May 24 14:08:03 ec2: #############################################################
-----BEGIN SSH HOST KEY KEYS-----
ecdsa-sha2-nistp256 AAAAE2VjZHNhLXNoYTItbmlzdHAyNTYAAAAIbmlzdHAyNTYAAABBBGzfP+3EqCZvPfisFvlZsp5yT4L+KLj5Vph6XzSMqdoOmjJj7k8FZ4z5HGiNFHv7JgfWjmVZyVH88Zha1u6jA30= root@ubuntu-xenial
ssh-ed25519 AAAAC3NzaC1lZDI1NTE5AAAAIHA4JDQ9HP6pVmBPsVpEFwf+w00RG/JgCsNIHDBfH5Wg root@ubuntu-xenial
ssh-rsa AAAAB3NzaC1yc2EAAAADAQABAAABAQDGRI+dBdzcPDfte49BrqLGdU6jQVUC7YV9PaAYhQWTw5r8AWYSH3EZ0X0dVKd3rHVv2JbDxTiwMunCpaQHQIhjO44gp7tLR7rhqwCFDEw8glP3M9/jihZzOtRUDE64ahVzIcl9tPhGPi+DOjyk7a2y7ySdEeQpIllnZ2Hrxb6x1ok7ENFW3KvN9spmUcEe/FBOhUQG+0OXVA4rn4f3MQSGOkMsnOAv3lE1g4cPVYx4T6OwhvvE/g+j1Vok/vN2/BWo+OU6AZ4jmTml2odwX0Ej4KSPbPIencpBD/7sv4OUYpZoiYCTKupCOR+yuR8w7Sq/gYnyPNX15PMXhE9WIhgh root@ubuntu-xenial
-----END SSH HOST KEY KEYS-----
[   30.393435] cloud-init[1352]: Cloud-init v. 21.1-19-gbad84ad4-0ubuntu1~16.04.1 running 'modules:final' at Mon, 24 May 2021 14:08:03 +0000. Up 30.06 seconds.
[   30.464415] cloud-init[1352]: ci-info: no authorized SSH keys fingerprints found for user ubuntu.
[   30.465866] cloud-init[1352]: Cloud-init v. 21.1-19-gbad84ad4-0ubuntu1~16.04.1 finished at Mon, 24 May 2021 14:08:03 +0000. Datasource DataSourceNoCloud [seed=/dev/sdb][dsmode=net].  Up 30.38 seconds
[[0;32m  OK  [0m] Started Execute cloud user/final scripts.
[[0;32m  OK  [0m] Reached target Cloud-init target.

Ubuntu 16.04.7 LTS ubuntu-xenial ttyS0

ubuntu-xenial login: 