[    0.000000] Initializing cgroup subsys cpuset
[    0.000000] Initializing cgroup subsys cpu
[    0.000000] Initializing cgroup subsys cpuacct
[    0.000000] Linux version 4.4.0-209-generic (buildd@lcy01-amd64-019) (gcc version 5.4.0 20160609 (Ubuntu 5.4.0-6ubuntu1~16.04.12) ) #241-Ubuntu SMP Tue Apr 13 01:06:06 UTC 2021 (Ubuntu 4.4.0-209.241-generic 4.4.262)
[    0.000000] Command line: BOOT_IMAGE=/boot/vmlinuz-4.4.0-209-generic root=LABEL=cloudimg-rootfs ro console=tty1 console=ttyS0
[    0.000000] KERNEL supported cpus:
[    0.000000]   Intel GenuineIntel
[    0.000000]   AMD AuthenticAMD
[    0.000000]   Centaur CentaurHauls
[    0.000000] x86/fpu: xstate_offset[2]:  576, xstate_sizes[2]:  256
[    0.000000] x86/fpu: Supporting XSAVE feature 0x01: 'x87 floating point registers'
[    0.000000] x86/fpu: Supporting XSAVE feature 0x02: 'SSE registers'
[    0.000000] x86/fpu: Supporting XSAVE feature 0x04: 'AVX registers'
[    0.000000] x86/fpu: Enabled xstate features 0x7, context size is 832 bytes, using 'standard' format.
[    0.000000] e820: BIOS-provided physical RAM map:
[    0.000000] BIOS-e820: [mem 0x0000000000000000-0x000000000009fbff] usable
[    0.000000] BIOS-e820: [mem 0x000000000009fc00-0x000000000009ffff] reserved
[    0.000000] BIOS-e820: [mem 0x00000000000f0000-0x00000000000fffff] reserved
[    0.000000] BIOS-e820: [mem 0x0000000000100000-0x000000001ffeffff] usable
[    0.000000] BIOS-e820: [mem 0x000000001fff0000-0x000000001fffffff] ACPI data
[    0.000000] BIOS-e820: [mem 0x00000000fec00000-0x00000000fec00fff] reserved
[    0.000000] BIOS-e820: [mem 0x00000000fee00000-0x00000000fee00fff] reserved
[    0.000000] BIOS-e820: [mem 0x00000000fffc0000-0x00000000ffffffff] reserved
[    0.000000] NX (Execute Disable) protection: active
[    0.000000] SMBIOS 2.5 present.
[    0.000000] Hypervisor detected: KVM
[    0.000000] e820: last_pfn = 0x1fff0 max_arch_pfn = 0x400000000
[    0.000000] MTRR: Disabled
[    0.000000] x86/PAT: MTRRs disabled, skipping PAT initialization too.
[    0.000000] CPU MTRRs all blank - virtualized system.
[    0.000000] x86/PAT: Configuration [0-7]: WB  WT  UC- UC  WB  WT  UC- UC  
[    0.000000] found SMP MP-table at [mem 0x0009fff0-0x0009ffff] mapped at [ffff88000009fff0]
[    0.000000] Scanning 1 areas for low memory corruption
[    0.000000] RAMDISK: [mem 0x1e988000-0x1f811fff]
[    0.000000] ACPI: Early table checksum verification disabled
[    0.000000] ACPI: RSDP 0x00000000000E0000 000024 (v02 VBOX  )
[    0.000000] ACPI: XSDT 0x000000001FFF0030 00003C (v01 VBOX   VBOXXSDT 00000001 ASL  00000061)
[    0.000000] ACPI: FACP 0x000000001FFF00F0 0000F4 (v04 VBOX   VBOXFACP 00000001 ASL  00000061)
[    0.000000] ACPI: DSDT 0x000000001FFF0470 002325 (v02 VBOX   VBOXBIOS 00000002 INTL 20190509)
[    0.000000] ACPI: FACS 0x000000001FFF0200 000040
[    0.000000] ACPI: FACS 0x000000001FFF0200 000040
[    0.000000] ACPI: APIC 0x000000001FFF0240 00005C (v02 VBOX   VBOXAPIC 00000001 ASL  00000061)
[    0.000000] ACPI: SSDT 0x000000001FFF02A0 0001CC (v01 VBOX   VBOXCPUT 00000002 INTL 20190509)
[    0.000000] No NUMA configuration found
[    0.000000] Faking a node at [mem 0x0000000000000000-0x000000001ffeffff]
[    0.000000] NODE_DATA(0) allocated [mem 0x1ffeb000-0x1ffeffff]
[    0.000000] kvm-clock: Using msrs 4b564d01 and 4b564d00
[    0.000000] kvm-clock: cpu 0, msr 0:1ffe3001, primary cpu clock
[    0.000000] kvm-clock: using sched offset of 6085501026 cycles
[    0.000000] clocksource: kvm-clock: mask: 0xffffffffffffffff max_cycles: 0x1cd42e4dffb, max_idle_ns: 881590591483 ns
[    0.000000] Zone ranges:
[    0.000000]   DMA      [mem 0x0000000000001000-0x0000000000ffffff]
[    0.000000]   DMA32    [mem 0x0000000001000000-0x000000001ffeffff]
[    0.000000]   Normal   empty
[    0.000000]   Device   empty
[    0.000000] Movable zone start for each node
[    0.000000] Early memory node ranges
[    0.000000]   node   0: [mem 0x0000000000001000-0x000000000009efff]
[    0.000000]   node   0: [mem 0x0000000000100000-0x000000001ffeffff]
[    0.000000] Initmem setup node 0 [mem 0x0000000000001000-0x000000001ffeffff]
[    0.000000] ACPI: PM-Timer IO Port: 0x4008
[    0.000000] IOAPIC[0]: apic_id 2, version 32, address 0xfec00000, GSI 0-23
[    0.000000] ACPI: INT_SRC_OVR (bus 0 bus_irq 0 global_irq 2 dfl dfl)
[    0.000000] ACPI: INT_SRC_OVR (bus 0 bus_irq 9 global_irq 9 low level)
[    0.000000] Using ACPI (MADT) for SMP configuration information
[    0.000000] smpboot: Allowing 2 CPUs, 0 hotplug CPUs
[    0.000000] PM: Registered nosave memory: [mem 0x00000000-0x00000fff]
[    0.000000] PM: Registered nosave memory: [mem 0x0009f000-0x0009ffff]
[    0.000000] PM: Registered nosave memory: [mem 0x000a0000-0x000effff]
[    0.000000] PM: Registered nosave memory: [mem 0x000f0000-0x000fffff]
[    0.000000] e820: [mem 0x20000000-0xfebfffff] available for PCI devices
[    0.000000] Booting paravirtualized kernel on KVM
[    0.000000] clocksource: refined-jiffies: mask: 0xffffffff max_cycles: 0xffffffff, max_idle_ns: 7645519600211568 ns
[    0.000000] setup_percpu: NR_CPUS:512 nr_cpumask_bits:512 nr_cpu_ids:2 nr_node_ids:1
[    0.000000] PERCPU: Embedded 33 pages/cpu @ffff88001fc00000 s95192 r8192 d31784 u1048576
[    0.000000] Built 1 zonelists in Node order, mobility grouping on.  Total pages: 128888
[    0.000000] Policy zone: DMA32
[    0.000000] Kernel command line: BOOT_IMAGE=/boot/vmlinuz-4.4.0-209-generic root=LABEL=cloudimg-rootfs ro console=tty1 console=ttyS0
[    0.000000] PID hash table entries: 2048 (order: 2, 16384 bytes)
[    0.000000] Memory: 481712K/523832K available (8644K kernel code, 1332K rwdata, 4044K rodata, 1492K init, 1164K bss, 42120K reserved, 0K cma-reserved)
[    0.000000] SLUB: HWalign=64, Order=0-3, MinObjects=0, CPUs=2, Nodes=1
[    0.000000] Kernel/User page tables isolation: enabled
[    0.000000] Hierarchical RCU implementation.
[    0.000000] 	Build-time adjustment of leaf fanout to 64.
[    0.000000] 	RCU restricting CPUs from NR_CPUS=512 to nr_cpu_ids=2.
[    0.000000] RCU: Adjusting geometry for rcu_fanout_leaf=64, nr_cpu_ids=2
[    0.000000] NR_IRQS:33024 nr_irqs:440 16
[    0.000000] Console: colour VGA+ 80x25
[    0.000000] console [tty1] enabled
[    0.000000] console [ttyS0] enabled
[    0.000000] tsc: Detected 2992.880 MHz processor
[    1.030126] Calibrating delay loop (skipped) preset value.. 5985.76 BogoMIPS (lpj=11971520)
[    1.044489] pid_max: default: 32768 minimum: 301
[    1.052329] ACPI: Core revision 20150930
[    1.060666] ACPI: 2 ACPI AML tables successfully acquired and loaded
[    1.071953] Security Framework initialized
[    1.079322] Yama: becoming mindful.
[    1.086341] AppArmor: AppArmor initialized
[    1.093542] Dentry cache hash table entries: 65536 (order: 7, 524288 bytes)
[    1.103883] Inode-cache hash table entries: 32768 (order: 6, 262144 bytes)
[    1.114057] Mount-cache hash table entries: 1024 (order: 1, 8192 bytes)
[    1.123844] Mountpoint-cache hash table entries: 1024 (order: 1, 8192 bytes)
[    1.134637] Initializing cgroup subsys io
[    1.141536] Initializing cgroup subsys memory
[    1.148817] Initializing cgroup subsys devices
[    1.156162] Initializing cgroup subsys freezer
[    1.163672] Initializing cgroup subsys net_cls
[    1.171600] Initializing cgroup subsys perf_event
[    1.179359] Initializing cgroup subsys net_prio
[    1.187248] Initializing cgroup subsys hugetlb
[    1.194740] Initializing cgroup subsys pids
[    1.203629] mce: CPU supports 0 MCE banks
[    1.211481] Last level iTLB entries: 4KB 64, 2MB 8, 4MB 8
[    1.220266] Last level dTLB entries: 4KB 64, 2MB 0, 4MB 0, 1GB 4
[    1.230102] Spectre V1 : Mitigation: usercopy/swapgs barriers and __user pointer sanitization
[    1.244439] Spectre V2 : Mitigation: Full generic retpoline
[    1.253214] Spectre V2 : Spectre v2 / SpectreRSB mitigation: Filling RSB on context switch
[    1.266499] Speculative Store Bypass: Vulnerable
[    1.274882] MDS: Mitigation: Clear CPU buffers
[    1.322346] Freeing SMP alternatives memory: 36K
[    1.411356] ftrace: allocating 32380 entries in 127 pages
[    1.990018] smpboot: APIC(0) Converting physical 0 to logical package 0
[    2.000036] smpboot: Max logical packages: 1
[    2.009380] x2apic enabled
[    2.016988] Switched APIC routing to physical x2apic.
[    2.035070] ..TIMER: vector=0x30 apic1=0 pin1=2 apic2=-1 pin2=-1
[    2.152736] smpboot: CPU0: Intel(R) Xeon(R) Gold 6248R CPU @ 3.00GHz (family: 0x6, model: 0x4f, stepping: 0x0)
[    2.170945] Performance Events: unsupported p6 CPU model 79 no PMU driver, software events only.
[    2.274341] KVM setup paravirtual spinlock
[    2.282707] x86: Booting SMP configuration:
[    2.289828] .... node  #0, CPUs:      #1
[    2.298092] kvm-clock: cpu 1, msr 0:1ffe3041, secondary cpu clock
[    2.309448] mce: CPU supports 0 MCE banks
[    2.317241] x86: Booted up 1 node, 2 CPUs
[    2.327569] smpboot: Total of 2 processors activated (11971.52 BogoMIPS)
[    2.343934] devtmpfs: initialized
[    2.351628] evm: security.selinux
[    2.357881] evm: security.SMACK64
[    2.365877] evm: security.SMACK64EXEC
[    2.372580] evm: security.SMACK64TRANSMUTE
[    2.380086] evm: security.SMACK64MMAP
[    2.386919] evm: security.ima
[    2.392752] evm: security.capability
[    2.399973] clocksource: jiffies: mask: 0xffffffff max_cycles: 0xffffffff, max_idle_ns: 7645041785100000 ns
[    2.416454] futex hash table entries: 512 (order: 3, 32768 bytes)
[    2.426418] pinctrl core: initialized pinctrl subsystem
[    2.434958] RTC time: 12:41:35, date: 05/23/21
[    2.442959] NET: Registered protocol family 16
[    2.462453] cpuidle: using governor ladder
[    2.478015] cpuidle: using governor menu
[    2.484840] PCCT header not found.
[    2.491270] ACPI: bus type PCI registered
[    2.500140] acpiphp: ACPI Hot Plug PCI Controller Driver version: 0.5
[    2.511272] PCI: Using configuration type 1 for base access
[    2.535553] ACPI: Added _OSI(Module Device)
[    2.542741] ACPI: Added _OSI(Processor Device)
[    2.549971] ACPI: Added _OSI(3.0 _SCP Extensions)
[    2.557587] ACPI: Added _OSI(Processor Aggregator Device)
[    2.567885] ACPI: Executed 1 blocks of module-level executable AML code
[    2.583024] ACPI: Interpreter enabled
[    2.589329] ACPI: (supports S0 S5)
[    2.595544] ACPI: Using IOAPIC for interrupt routing
[    2.603957] PCI: Using host bridge windows from ACPI; if necessary, use "pci=nocrs" and report a bug
[    2.627789] ACPI: PCI Root Bridge [PCI0] (domain 0000 [bus 00-ff])
[    2.636858] acpi PNP0A03:00: _OSC: OS supports [ASPM ClockPM Segments MSI]
[    2.647517] acpi PNP0A03:00: _OSC: not requesting OS control; OS requires [ExtendedConfig ASPM ClockPM MSI]
[    2.662519] acpi PNP0A03:00: fail to add MMCONFIG information, can't access extended PCI configuration space under this bridge.
[    2.681209] PCI host bridge to bus 0000:00
[    2.688741] pci_bus 0000:00: root bus resource [io  0x0000-0x0cf7 window]
[    2.698594] pci_bus 0000:00: root bus resource [io  0x0d00-0xffff window]
[    2.708718] pci_bus 0000:00: root bus resource [mem 0x000a0000-0x000bffff window]
[    2.721154] pci_bus 0000:00: root bus resource [mem 0x20000000-0xfdffffff window]
[    2.733609] pci_bus 0000:00: root bus resource [bus 00-ff]
[    2.753932] pci 0000:00:01.1: legacy IDE quirk: reg 0x10: [io  0x01f0-0x01f7]
[    2.764357] pci 0000:00:01.1: legacy IDE quirk: reg 0x14: [io  0x03f6]
[    2.774145] pci 0000:00:01.1: legacy IDE quirk: reg 0x18: [io  0x0170-0x0177]
[    2.784596] pci 0000:00:01.1: legacy IDE quirk: reg 0x1c: [io  0x0376]
[    2.984722] pci 0000:00:07.0: quirk: [io  0x4000-0x403f] claimed by PIIX4 ACPI
[    2.997265] pci 0000:00:07.0: quirk: [io  0x4100-0x410f] claimed by PIIX4 SMB
[    3.083673] ACPI: PCI Interrupt Link [LNKA] (IRQs 5 9 10 *11)
[    3.098346] ACPI: PCI Interrupt Link [LNKB] (IRQs 5 9 *10 11)
[    3.112035] ACPI: PCI Interrupt Link [LNKC] (IRQs 5 *9 10 11)
[    3.126542] ACPI: PCI Interrupt Link [LNKD] (IRQs 5 9 10 *11)
[    3.140279] ACPI: Enabled 2 GPEs in block 00 to 07
[    3.152959] vgaarb: setting as boot device: PCI:0000:00:02.0
[    3.162125] vgaarb: device added: PCI:0000:00:02.0,decodes=io+mem,owns=io+mem,locks=none
[    3.175447] vgaarb: loaded
[    3.180831] vgaarb: bridge control possible 0000:00:02.0
[    3.190071] SCSI subsystem initialized
[    3.197858] ACPI: bus type USB registered
[    3.205013] usbcore: registered new interface driver usbfs
[    3.213792] usbcore: registered new interface driver hub
[    3.222443] usbcore: registered new device driver usb
[    3.231694] PCI: Using ACPI for IRQ routing
[    3.241004] NetLabel: Initializing
[    3.247409] NetLabel:  domain hash size = 128
[    3.254590] NetLabel:  protocols = UNLABELED CIPSOv4
[    3.262822] NetLabel:  unlabeled traffic allowed by default
[    3.272181] amd_nb: Cannot enumerate AMD northbridges
[    3.280683] clocksource: Switched to clocksource kvm-clock
[    3.306742] AppArmor: AppArmor Filesystem Enabled
[    3.314815] pnp: PnP ACPI init
[    3.323619] pnp: PnP ACPI: found 3 devices
[    3.359624] clocksource: acpi_pm: mask: 0xffffff max_cycles: 0xffffff, max_idle_ns: 2085701024 ns
[    3.378305] NET: Registered protocol family 2
[    3.389534] TCP established hash table entries: 4096 (order: 3, 32768 bytes)
[    3.402498] TCP bind hash table entries: 4096 (order: 4, 65536 bytes)
[    3.415076] TCP: Hash tables configured (established 4096 bind 4096)
[    3.427258] UDP hash table entries: 256 (order: 1, 8192 bytes)
[    3.438569] UDP-Lite hash table entries: 256 (order: 1, 8192 bytes)
[    3.450900] NET: Registered protocol family 1
[    3.460426] pci 0000:00:00.0: Limiting direct PCI/PCI transfers
[    3.472300] pci 0000:00:01.0: Activating ISA DMA hang workarounds
[    3.488739] Unpacking initramfs...
[    3.859385] Freeing initrd memory: 14888K
[    3.867111] clocksource: tsc: mask: 0xffffffffffffffff max_cycles: 0x2b23ff01ca6, max_idle_ns: 440795218045 ns
[    3.883265] platform rtc_cmos: registered platform RTC device (no PNP device found)
[    3.897223] Scanning for low memory corruption every 60 seconds
[    3.909684] audit: initializing netlink subsys (disabled)
[    3.919909] audit: type=2000 audit(1621773702.220:1): initialized
[    3.932331] Initialise system trusted keyring
[    3.943186] HugeTLB registered 2 MB page size, pre-allocated 0 pages
[    3.960314] zbud: loaded
[    3.968397] VFS: Disk quotas dquot_6.6.0
[    3.978143] VFS: Dquot-cache hash table entries: 512 (order 0, 4096 bytes)
[    3.991341] squashfs: version 4.0 (2009/01/31) Phillip Lougher
[    4.004043] fuse init (API version 7.23)
[    4.014292] Key type big_key registered
[    4.023208] Allocating IMA MOK and blacklist keyrings.
[    4.042544] Key type asymmetric registered
[    4.051698] Asymmetric key parser 'x509' registered
[    4.062003] Block layer SCSI generic (bsg) driver version 0.4 loaded (major 249)
[    4.078490] io scheduler noop registered
[    4.087673] io scheduler deadline registered (default)
[    4.098706] io scheduler cfq registered
[    4.107813] pci_hotplug: PCI Hot Plug PCI Core version: 0.5
[    4.119140] pciehp: PCI Express Hot Plug Controller Driver version: 0.4
[    4.131922] ACPI: AC Adapter [AC] (on-line)
[    4.141358] input: Power Button as /devices/LNXSYSTM:00/LNXPWRBN:00/input/input0
[    4.157487] ACPI: Power Button [PWRF]
[    4.166315] input: Sleep Button as /devices/LNXSYSTM:00/LNXSLPBN:00/input/input1
[    4.182496] ACPI: Sleep Button [SLPF]
[    4.191686] GHES: HEST is not enabled!
[    4.199895] Serial: 8250/16550 driver, 32 ports, IRQ sharing enabled
[    4.239050] 00:02: ttyS0 at I/O 0x3f8 (irq = 4, base_baud = 115200) is a 16550A
[    4.266691] Linux agpgart interface v0.103
[    4.281957] loop: module loaded
[    4.291203] scsi host0: ata_piix
[    4.298974] scsi host1: ata_piix
[    4.306053] ata1: PATA max UDMA/33 cmd 0x1f0 ctl 0x3f6 bmdma 0xd000 irq 14
[    4.317729] ata2: PATA max UDMA/33 cmd 0x170 ctl 0x376 bmdma 0xd008 irq 15
[    4.329090] libphy: Fixed MDIO Bus: probed
[    4.337196] tun: Universal TUN/TAP device driver, 1.6
[    4.345674] tun: (C) 1999-2004 Max Krasnyansky <maxk@qualcomm.com>
[    4.356169] PPP generic driver version 2.4.2
[    4.364707] ehci_hcd: USB 2.0 'Enhanced' Host Controller (EHCI) Driver
[    4.375614] ehci-pci: EHCI PCI platform driver
[    4.383725] ehci-platform: EHCI generic platform driver
[    4.392689] ohci_hcd: USB 1.1 'Open' Host Controller (OHCI) Driver
[    4.402913] ohci-pci: OHCI PCI platform driver
[    4.410998] ohci-platform: OHCI generic platform driver
[    4.420849] uhci_hcd: USB Universal Host Controller Interface driver
[    4.431999] i8042: PNP: PS/2 Controller [PNP0303:PS2K,PNP0f03:PS2M] at 0x60,0x64 irq 1,12
[    4.450789] serio: i8042 KBD port at 0x60,0x64 irq 1
[    4.460120] serio: i8042 AUX port at 0x60,0x64 irq 12
[    4.469787] mousedev: PS/2 mouse device common for all mice
[    4.481312] input: AT Translated Set 2 keyboard as /devices/platform/i8042/serio0/input/input2
[    4.523865] rtc_cmos rtc_cmos: rtc core: registered rtc_cmos as rtc0
[    4.535349] rtc_cmos rtc_cmos: alarms up to one day, 114 bytes nvram
[    4.546156] i2c /dev entries driver
[    4.553667] device-mapper: uevent: version 1.0.3
[    4.562473] device-mapper: ioctl: 4.34.0-ioctl (2015-10-28) initialised: dm-devel@redhat.com
[    4.577533] ledtrig-cpu: registered to indicate activity on CPUs
[    4.590175] NET: Registered protocol family 10
[    4.598739] NET: Registered protocol family 17
[    4.607224] Key type dns_resolver registered
[    4.615581] registered taskstats version 1
[    4.622858] Loading compiled-in X.509 certificates
[    4.631613] Loaded X.509 cert 'Build time autogenerated kernel key: 22d3a5535218f8054ed36ef6cb783aea6be3ac13'
[    4.647003] zswap: loaded using pool lzo/zbud
[    4.659579] Key type trusted registered
[    4.677336] Key type encrypted registered
[    4.686487] AppArmor: AppArmor sha1 policy hashing enabled
[    4.697710] ima: No TPM chip found, activating TPM-bypass!
[    4.709545] ima: Allocated hash algorithm: sha1
[    4.720152] evm: HMAC attrs: 0x1
[    4.730733]   Magic number: 5:128:684
[    4.739834] mem full: hash matches
[    4.748628] rtc_cmos rtc_cmos: setting system clock to 2021-05-23 12:41:37 UTC (1621773697)
[    4.767818] BIOS EDD facility v0.16 2004-Jun-25, 0 devices found
[    4.779541] EDD information not available.
[    4.793833] Freeing unused kernel memory: 1492K
[    4.817219] Write protecting the kernel read-only data: 14336k
[    4.836867] Freeing unused kernel memory: 1584K
[    4.848593] Freeing unused kernel memory: 52K
Loading, please wait...
starting version 229
[    4.894762] random: udevadm: uninitialized urandom read (16 bytes read, 5 bits of entropy available)
[    4.895510] random: systemd-udevd: uninitialized urandom read (16 bytes read, 5 bits of entropy available)
[    4.895649] random: systemd-udevd: uninitialized urandom read (16 bytes read, 5 bits of entropy available)
[    4.895662] random: systemd-udevd: uninitialized urandom read (16 bytes read, 5 bits of entropy available)
[    4.895699] random: systemd-udevd: uninitialized urandom read (16 bytes read, 5 bits of entropy available)
[    4.975892] random: udevadm: uninitialized urandom read (16 bytes read, 5 bits of entropy available)
[    5.001698] random: systemd-udevd: uninitialized urandom read (16 bytes read, 5 bits of entropy available)
[    5.006950] random: udevadm: uninitialized urandom read (16 bytes read, 5 bits of entropy available)
[    5.007008] random: udevadm: uninitialized urandom read (16 bytes read, 5 bits of entropy available)
[    5.007391] random: udevadm: uninitialized urandom read (16 bytes read, 5 bits of entropy available)
[    5.143960] Fusion MPT base driver 3.04.20
[    5.152426] Copyright (c) 1999-2008 LSI Corporation
[    5.162800] e1000: Intel(R) PRO/1000 Network Driver - version 7.3.21-k8-NAPI
[    5.174533] e1000: Copyright (c) 1999-2006 Intel Corporation.
[    5.199373] Fusion MPT SPI Host driver 3.04.20
[    5.246511] AVX2 version of gcm_enc/dec engaged.
[    5.256961] AES CTR mode by8 optimization enabled
[    5.399712] input: ImExPS/2 Generic Explorer Mouse as /devices/platform/i8042/serio1/input/input4
[    6.075392] e1000 0000:00:03.0 eth0: (PCI:33MHz:32-bit) 02:b2:7d:35:d4:c1
[    6.087328] e1000 0000:00:03.0 eth0: Intel(R) PRO/1000 Network Connection
[    6.101356] mptbase: ioc0: Initiating bringup
[    6.174564] ioc0: LSI53C1030 A0: Capabilities={Initiator}
[    6.352855] scsi host2: ioc0: LSI53C1030 A0, FwRev=00000000h, Ports=1, MaxQ=256, IRQ=20
[    6.477960] scsi 2:0:0:0: Direct-Access     VBOX     HARDDISK         1.0  PQ: 0 ANSI: 5
[    6.493506] scsi target2:0:0: Beginning Domain Validation
[    6.508312] scsi target2:0:0: Domain Validation skipping write tests
[    6.519020] scsi target2:0:0: Ending Domain Validation
[    6.528042] scsi target2:0:0: asynchronous
[    6.541302] scsi 2:0:1:0: Direct-Access     VBOX     HARDDISK         1.0  PQ: 0 ANSI: 5
[    6.555452] scsi target2:0:1: Beginning Domain Validation
[    6.569587] scsi target2:0:1: Domain Validation skipping write tests
[    6.579414] scsi target2:0:1: Ending Domain Validation
[    6.589036] scsi target2:0:1: asynchronous
[    6.614997] sd 2:0:0:0: Attached scsi generic sg0 type 0
[    6.721806] sd 2:0:1:0: Attached scsi generic sg1 type 0
[    6.731255] sd 2:0:0:0: [sda] 83886080 512-byte logical blocks: (42.9 GB/40.0 GiB)
[    6.745037] sd 2:0:1:0: [sdb] 20480 512-byte logical blocks: (10.5 MB/10.0 MiB)
[    6.759251] sd 2:0:1:0: [sdb] Write Protect is off
[    6.767690] sd 2:0:0:0: [sda] Write Protect is off
[    6.776619] sd 2:0:1:0: [sdb] Incomplete mode parameter data
[    6.786641] sd 2:0:1:0: [sdb] Assuming drive cache: write through
[    6.796536] sd 2:0:0:0: [sda] Incomplete mode parameter data
[    6.807105] sd 2:0:0:0: [sda] Assuming drive cache: write through
[    6.822770]  sda: sda1
[    6.831043] sd 2:0:1:0: [sdb] Attached SCSI disk
[    6.841005] sd 2:0:0:0: [sda] Attached SCSI disk
[    7.301859] e1000 0000:00:08.0 eth1: (PCI:33MHz:32-bit) 08:00:27:34:57:5f
[    7.313381] e1000 0000:00:08.0 eth1: Intel(R) PRO/1000 Network Connection
[    7.326743] e1000 0000:00:03.0 enp0s3: renamed from eth0
[    7.353476] e1000 0000:00:08.0 enp0s8: renamed from eth1
Begin: Loading essential drivers ... [   11.270516] md: linear personality registered for level -1
[   11.285927] md: multipath personality registered for level -4
[   11.299962] md: raid0 personality registered for level 0
[   11.325772] md: raid1 personality registered for level 1
[   11.473051] raid6: sse2x1   gen()  5902 MB/s
[   11.616595] raid6: sse2x1   xor()  7657 MB/s
[   11.774334] raid6: sse2x2   gen() 15228 MB/s
[   11.862364] raid6: sse2x2   xor()  7344 MB/s
[   11.947946] raid6: sse2x4   gen()  8836 MB/s
[   12.075479] raid6: sse2x4   xor() 11005 MB/s
[   12.474324] raid6: avx2x1   gen() 78455 MB/s
[   12.675403] raid6: avx2x2   gen() 23359 MB/s
[   12.863665] raid6: avx2x4   gen() 18858 MB/s
[   12.879472] raid6: using algorithm avx2x1 gen() 78455 MB/s
[   12.896865] raid6: using avx2x2 recovery algorithm
[   12.912894] xor: automatically using best checksumming function:
[   12.964886]    avx       : 13202.000 MB/sec
[   12.980331] async_tx: api initialized (async)
[   13.041508] md: raid6 personality registered for level 6
[   13.054559] md: raid5 personality registered for level 5
[   13.067728] md: raid4 personality registered for level 4
[   13.111202] md: raid10 personality registered for level 10
done.
Begin: Running /scripts/init-premount ... done.
Begin: Mounting root file system ... Begin: Running /scripts/local-top ... done.
Begin: Running /scripts/local-premount ... [   13.248036] Btrfs loaded
Scanning for Btrfs filesystems
done.
Warning: fsck not present, so skipping root file system
[   13.344150] EXT4-fs (sda1): mounted filesystem with ordered data mode. Opts: (null)
done.
Begin: Running /scripts/local-bottom ... done.
Begin: Running /scripts/init-bottom ... done.
[   13.676943] systemd[1]: systemd 229 running in system mode. (+PAM +AUDIT +SELINUX +IMA +APPARMOR +SMACK +SYSVINIT +UTMP +LIBCRYPTSETUP +GCRYPT +GNUTLS +ACL +XZ -LZ4 +SECCOMP +BLKID +ELFUTILS +KMOD -IDN)
[   13.714276] systemd[1]: Detected virtualization oracle.
[   13.725867] systemd[1]: Detected architecture x86-64.

Welcome to [1mUbuntu 16.04.7 LTS[0m!

[   13.748495] systemd[1]: Set hostname to <ubuntu>.
[   13.764972] systemd[1]: Initializing machine ID from random generator.
[   13.778927] systemd[1]: Installed transient /etc/machine-id file.
[   14.100188] systemd[1]: Set up automount Arbitrary Executable File Formats File System Automount Point.
[[0;32m  OK  [0m] Set up automount Arbitrary Executab...ats File System Automount Point.
[   14.131192] systemd[1]: Created slice User and Session Slice.
[[0;32m  OK  [0m] Created slice User and Session Slice.
[   14.150660] systemd[1]: Listening on fsck to fsckd communication Socket.
[[0;32m  OK  [0m] Listening on fsck to fsckd communication Socket.
[   14.172876] systemd[1]: Listening on LVM2 metadata daemon socket.
[[0;32m  OK  [0m] Listening on LVM2 metadata daemon socket.
[   14.193969] systemd[1]: Listening on Device-mapper event daemon FIFOs.
[[0;32m  OK  [0m] Listening on Device-mapper event daemon FIFOs.
[   14.215200] systemd[1]: Listening on Journal Audit Socket.
[[0;32m  OK  [0m] Listening on Journal Audit Socket.
[   14.234417] systemd[1]: Started Trigger resolvconf update for networkd DNS.
[[0;32m  OK  [0m] Started Trigger resolvconf update for networkd DNS.
[   14.256321] systemd[1]: Reached target Encrypted Volumes.
[[0;32m  OK  [0m] Reached target Encrypted Volumes.
[   14.274552] systemd[1]: Listening on Journal Socket.
[[0;32m  OK  [0m] Listening on Journal Socket.
[   14.292557] systemd[1]: Listening on udev Kernel Socket.
[[0;32m  OK  [0m] Listening on udev Kernel Socket.
[   14.312368] systemd[1]: Created slice System Slice.
[[0;32m  OK  [0m] Created slice System Slice.
[   14.341233] systemd[1]: Starting Set console keymap...
         Starting Set console keymap...
[   14.359712] systemd[1]: Mounting Huge Pages File System...
         Mounting Huge Pages File System...
[   14.378710] systemd[1]: Mounting Debug File System...
         Mounting Debug File System...
[   14.401564] systemd[1]: Starting File System Check on Root Device...
         Starting File System Check on Root Device...
[   14.425159] systemd[1]: Starting Nameserver information manager...
[   14.439956] random: nonblocking pool is initialized
         Starting Nameserver information manager...
[   14.462338] systemd[1]: Starting Uncomplicated firewall...
         Starting Uncomplicated firewall...
[   14.480925] systemd[1]: Starting Monitoring of LVM2 mirrors, snapshots etc. using dmeventd or progress polling...
         Starting Monitoring of LVM2 mirrors... dmeventd or progress polling...
[   14.507654] systemd[1]: Reached target Slices.
[[0;32m  OK  [0m] Reached target Slices.
[   14.521131] systemd[1]: Listening on LVM2 poll daemon socket.
[[0;32m  OK  [0m] Listening on LVM2 poll daemon socket.
[   14.537246] systemd[1]: Listening on Syslog Socket.
[[0;32m  OK  [0m] Listening on Syslog Socket.
[   14.551559] systemd[1]: Listening on /dev/initctl Compatibility Named Pipe.
[[0;32m  OK  [0m] Listening on /dev/initctl Compatibility Named Pipe.
[   14.571180] systemd[1]: Listening on Journal Socket (/dev/log).
[[0;32m  OK  [0m] Listening on Journal Socket (/dev/log).
[   14.597097] systemd[1]: Starting Journal Service...
         Starting Journal Service...
[   14.615504] systemd[1]: Listening on udev Control Socket.
[[0;32m  OK  [0m] Listening on udev Control Socket.
[   14.633998] systemd[1]: Starting Create list of required static device nodes for the current kernel...
         Starting Create list of required st... nodes for the current kernel...
[   14.659819] systemd[1]: Started Forward Password Requests to Wall Directory Watch.
[[0;32m  OK  [0m] Started Forward Password Requests to Wall Directory Watch.
[   14.686500] systemd[1]: Reached target Swap.
[[0;32m  OK  [0m] Reached target Swap.
[   14.702196] systemd[1]: Reached target System Time Synchronized.
[[0;32m  OK  [0m] Reached target System Time Synchronized.
[   14.721364] systemd[1]: Reached target User and Group Name Lookups.
[[0;32m  OK  [0m] Reached target User and Group Name Lookups.
[   14.757318] systemd[1]: Starting Load Kernel Modules...
         Starting Load Kernel Modules...
[   14.780867] systemd[1]: Created slice system-serial\x2dgetty.slice.
[   14.793892] Loading iSCSI transport class v2.0-870.
[[0;32m  OK  [0m] Created slice system-serial\x2dgetty.slice.
[   14.829091] systemd[1]: Mounting POSIX Message Queue File System...
[   14.842598] iscsi: registered transport (tcp)
         Mounting POSIX Message Queue File System...
[   14.862174] systemd[1]: Mounted POSIX Message Queue File System.
[[0;32m  OK  [0m] Mounted POSIX Message Queue File System.
[   14.882377] systemd[1]: Mounted Debug File System.
[[0;32m  OK  [0m] Mounted Debug File System.
[   14.899397] systemd[1]: Mounted Huge Pages File System.
[[0;32m  OK  [0m] Mounted Huge Pages File System.
[   14.916809] systemd[1]: Started Journal Service.
[[0;32m  OK  [0m] Started Journal Service.
[[0;32m  OK  [0m] Started Set console keymap.
[[0;32m  OK  [0m] Started File System Check on Root Device.
[[0;32m  OK  [0m] Started Uncomplicated firewall.
[[0;32m  OK  [0m] Started Create list of required sta...ce nodes for the current kernel.
[[0;32m  OK  [0m] Started Nameserver information manager.
[   15.011357] iscsi: registered transport (iser)
[[0;32m  OK  [0m] Started LVM2 metadata daemon.
[[0;32m  OK  [0m] Started File System Check Daemon to report status.
         Starting Create Static Device Nodes in /dev...
         Starting Remount Root and Kernel File Systems...
[[0;32m  OK  [0m[   15.084184] EXT4-fs (sda1): re-mounted. Opts: (null)
] Started Load Kernel Modules.
[[0;32m  OK  [0m] Started Remount Root and Kernel File Systems.
         Starting Load/Save Random Seed...
         Starting Flush Journal to Persistent Storage...
         Starting udev Coldplug all Devices...
         Starting Apply Kernel Variables...
         Mounting FUSE Control File System...
[[0;32m  OK  [0m] Mounted FUSE Control File System.
[[0;32m  OK  [0m] Started Create Static Device Nodes in /dev.
[[0;32m  OK  [0m] Started Load/Save Random Seed.
[[0;32m  OK  [0m] Started Apply Kernel Variables.
         Starting udev Kernel Device Manager...
[[0;32m  OK  [0m] Started Flush Journal to Persistent Storage.
[[0;32m  OK  [0m] Started Monitoring of LVM2 mirrors,...ng dmeventd or progress polling.
[[0;32m  OK  [0m] Reached target Local File Systems (Pre).
[[0;32m  OK  [0m] Reached target Local File Systems.
         Starting Set console font and keymap...
         Starting Tell Plymouth To Write Out Runtime Data...
         Starting LSB: AppArmor initialization...
         Starting Initial cloud-init job (pre-networking)...
         Starting Create Volatile Files and Directories...
         Starting Commit a transient machine-id on disk...
[[0;32m  OK  [0m] Started udev Kernel Device Manager.
[[0;32m  OK  [0m] Started udev Coldplug all Devices.
[[0;32m  OK  [0m] Started Dispatch Password Requests to Console Directory Watch.
[[0;32m  OK  [0m] Started Create Volatile Files and Directories.
         Starting Update UTMP about System Boot/Shutdown...
[[0;32m  OK  [0m] Started Tell Plymouth To Write Out Runtime Data.
[[0;32m  OK  [0m] Started Commit a transient machine-id on disk.
[[0;32m  OK  [0m] Started Update UTMP about System Boot/Shutdown.
[[0;32m  OK  [0m] Found device /dev/ttyS0.
[[0;32m  OK  [0m] Listening on Load/Save RF Kill Switch Status /dev/rfkill Watch.
[[0;32m  OK  [0m] Started LSB: AppArmor initialization.
[   16.396823] cloud-init[484]: Cloud-init v. 21.1-19-gbad84ad4-0ubuntu1~16.04.1 running 'init-local' at Sun, 23 May 2021 12:41:50 +0000. Up 15.75 seconds.
         Starting Load AppArmor profiles managed internally by snapd...
[[0;32m  OK  [0m] Started Initial cloud-init job (pre-networking).
[[0;32m  OK  [0m] Started Load AppArmor profiles managed internally by snapd.
[[0;32m  OK  [0m] Reached target Network (Pre).
         Starting Raise network interfaces...
[[0;32m  OK  [0m] Started Set console font and keymap.
[[0;32m  OK  [0m] Created slice system-getty.slice.
[[0;32m  OK  [0m] Started Raise network interfaces.
[[0;32m  OK  [0m] Reached target Network.
         Starting Initial cloud-init job (metadata service crawler)...
[   25.584049] cloud-init[969]: Cloud-init v. 21.1-19-gbad84ad4-0ubuntu1~16.04.1 running 'init' at Sun, 23 May 2021 12:41:59 +0000. Up 24.29 seconds.
[   25.598816] cloud-init[969]: ci-info: ++++++++++++++++++++++++++++++++++++++Net device info+++++++++++++++++++++++++++++++++++++++
[   25.610875] cloud-init[969]: ci-info: +--------+-------+----------------------------+---------------+--------+-------------------+
[   25.622948] cloud-init[969]: ci-info: | Device |   Up  |          Address           |      Mask     | Scope  |     Hw-Address    |
[   25.635256] cloud-init[969]: ci-info: +--------+-------+----------------------------+---------------+--------+-------------------+
[   25.647670] cloud-init[969]: ci-info: | enp0s3 |  True |         10.0.2.15          | 255.255.255.0 | global | 02:b2:7d:35:d4:c1 |
[   25.660314] cloud-init[969]: ci-info: | enp0s3 |  True | fe80::b2:7dff:fe35:d4c1/64 |       .       |  link  | 02:b2:7d:35:d4:c1 |
[   25.673416] cloud-init[969]: ci-info: | enp0s8 | False |             .              |       .       |   .    | 08:00:27:34:57:5f |
[   25.686054] cloud-init[969]: ci-info: |   lo   |  True |         127.0.0.1          |   255.0.0.0   |  host  |         .         |
[   25.699622] cloud-init[969]: ci-info: |   lo   |  True |          ::1/128           |       .       |  host  |         .         |
[   25.712798] cloud-init[969]: ci-info: +--------+-------+----------------------------+---------------+--------+-------------------+
[   25.725354] cloud-init[969]: ci-info: +++++++++++++++++++++++++++Route IPv4 info++++++++++++++++++++++++++++
[   25.735923] cloud-init[969]: ci-info: +-------+-------------+----------+---------------+-----------+-------+
[   25.746787] cloud-init[969]: ci-info: | Route | Destination | Gateway  |    Genmask    | Interface | Flags |
[   25.758082] cloud-init[969]: ci-info: +-------+-------------+----------+---------------+-----------+-------+
[   25.768513] cloud-init[969]: ci-info: |   0   |   0.0.0.0   | 10.0.2.2 |    0.0.0.0    |   enp0s3  |   UG  |
[   25.779548] cloud-init[969]: ci-info: |   1   |   10.0.2.0  | 0.0.0.0  | 255.255.255.0 |   enp0s3  |   U   |
[   25.790681] cloud-init[969]: ci-info: +-------+-------------+----------+---------------+-----------+-------+
[   25.801421] cloud-init[969]: ci-info: +++++++++++++++++++Route IPv6 info+++++++++++++++++++
[   25.810739] cloud-init[969]: ci-info: +-------+-------------+---------+-----------+-------+
[   25.820643] cloud-init[969]: ci-info: | Route | Destination | Gateway | Interface | Flags |
[   25.830290] cloud-init[969]: ci-info: +-------+-------------+---------+-----------+-------+
[   25.838968] cloud-init[969]: ci-info: |   0   |  fe80::/64  |    ::   |   enp0s3  |   U   |
[   25.848541] cloud-init[969]: ci-info: |   3   |   ff00::/8  |    ::   |   enp0s3  |   U   |
[   25.858843] cloud-init[969]: ci-info: +-------+-------------+---------+-----------+-------+
[   25.869608] cloud-init[969]: Generating public/private rsa key pair.
[   25.877511] cloud-init[969]: Your identification has been saved in /etc/ssh/ssh_host_rsa_key.
[   25.887887] cloud-init[969]: Your public key has been saved in /etc/ssh/ssh_host_rsa_key.pub.
[   25.897909] cloud-init[969]: The key fingerprint is:
[   25.904978] cloud-init[969]: SHA256:lXTnRxGP8n077FKWhnLhIzxithhbWb0DwqdLk1L4a6A root@ubuntu-xenial
[   25.914951] cloud-init[969]: The key's randomart image is:
[   25.922872] cloud-init[969]: +---[RSA 2048]----+
[   25.929544] cloud-init[969]: |          . . .o+|
[   25.935937] cloud-init[969]: |         . o o o.|
[   25.943700] cloud-init[969]: |        o o o o o|
[   25.950292] cloud-init[969]: |       . = + = o |
[[0;32m  OK  [0m] Started Initial cloud-init job (metadata service crawler).
[[0;32m  OK  [0m] Reached target Cloud-config availability.
[[0;32m  OK  [0m] Reached target System Initialization.
         Starting Socket activation for snappy daemon.
[[0;32m  OK  [0m] Started Message of the Day.
[[0;32m  OK  [0m] Listening on UUID daemon activation socket.
[   25.957301] cloud-init[969]: |        S O o = +|
[   25.993487] cloud-init[969]: |       + % = B.=o|
         Starting LXD - unix socket.
[   26.004200] cloud-init[969]: |      . @ * = *+ |
[[0;32m  OK  [0m] Listening on ACPID Listen Socket.
[   26.018124] cloud-init[969]: [[0;32m  OK  [0m] Started Daily Cleanup of Temporary Directories.
[[0;32m  OK  [0m] Listening on D-Bus System Message Bus Socket.
|     E o =   .. .|
[[0;32m  OK  [0m] Started ACPI Events Check.
[   26.041566] cloud-init[969]: |        .     .. |
[[0;32m  OK  [0m] Reached target Paths.
[   26.054092] cloud-init[969]: +----[SHA256]-----+
[[0;32m  OK  [0m] Started Daily apt download activities.
[   26.067697] cloud-init[969]: Generating public/private dsa key pair.
[[0;32m  OK  [0m] Started Daily apt upgrade and clean activities.
[   26.084100] [[0;32m  OK  [0m] Reached target Timers.
[[0;32m  OK  [0m] Reached target Network is Online.
cloud-init[969]: Your identification has been saved in /etc/ssh/ssh_host_dsa_key.
[   26.103583] cloud-init[969]: Your public key has been saved in /etc/ssh/ssh_host_dsa_key.pub.
[   26.115140] cloud-init[969]:          Starting iSCSI initiator daemon (iscsid)...
[[0;32m  OK  [0m] Listening on Socket activation for snappy daemon.
[[0;32m  OK  [0m] Listening on LXD - unix socket.
[[0;32m  OK  [0m] Reached target Sockets.
[[0;32m  OK  [0m] Reached target Basic System.
         Starting LXD - container startup/shutdown...
The key fingerprint is:         Starting Pollinate to seed the pseudo random number generator...

[[0;32m  OK  [0m] Started Regular background program processing daemon.
[[0;32m  OK  [0m] Started Deferred execution scheduler.
         Starting LSB: Record successful boot for GRUB...
[[0;32m  OK  [0m] Started ACPI event daemon.
[[0;32m  OK  [0m] Started FUSE filesystem for LXC.
[   26.165657] cloud-init[969]: SHA256:CGQHS36g68I2vJ8E+L/8aXmlca0R/rWBi/+ZnpZ41qQ root@ubuntu-xenial
         Starting Accounts Service...
         Starting LSB: MD monitoring daemon...
         Starting System Logging Service...
         Starting Virtualbox guest utils...
         [   26.213528] cloud-init[969]: The key's randomart image is:
Starting /etc/rc.local Compatibility...[   26.228692] 
[[0;32m  OK  [0m] Started D-Bus System Message Bus.
cloud-init[969]: +---[DSA 1024]----+
[   26.268072] cloud-init[969]: |    *..          |
[   26.275722] cloud-init[969]: |   * +           |
[   26.286161] cloud-init[969]: |  . + .          |
[   26.298729] cloud-init[969]: |.  . o .  .      |
[   26.317102] cloud-init[969]: |...   . S. o .   |
[   26.331813] cloud-init[969]: |oo.     . = o o .|
[   26.349227] cloud-init[969]: |.=o.   . = = + B |
[   26.357700] cloud-init[969]: |..+o. o.o o + E+.|
[   26.366606] cloud-init[969]: | ..o++o.   ..**  |
[   26.374527] cloud-init[969]: +----[SHA256]-----+
[   26.382963] cloud-init[969]: Generating public/private ecdsa key pair.
[   26.393308]          Starting Login Service...
cloud-init[969]: Your identification has been saved in /etc/ssh/ssh_host_ecdsa_key.
         Starting Snap Daemon...
[[0;32m  OK  [0m] Started System Logging Service.
[[0;32m  OK  [0m] Started /etc/rc.local Compatibility.
[   26.403741] cloud-init[969]: Your public key has been saved in /etc/ssh/ssh_host_ecdsa_key.pub.
[   26.459242] [[0;32m  OK  [0m] Started iSCSI initiator daemon (iscsid).
cloud-init         Starting Login to default iSCSI targets...
         Starting Authenticate and Authorize Users to Run Privileged Tasks...
[969]: [[0;32m  OK  [0m] Started LSB: Record successful boot for GRUB.
The key fingerprint is:
[[0;32m  OK  [0m] Started Login Service.
[[0;32m  OK  [0m] Started Unattended Upgrades Shutdown.
[   26.546174] cloud-init[969]: SHA256:X8QV0hFk4IMkG10l4KBU/QjApnT+gVctqJ2iIGU1evg root@ubuntu-xenial[[0;32m  OK  [0m] Started LSB: MD monitoring daemon.
[[0;32m  OK  [0m] Started Login to default iSCSI targets.
[[0;32m  OK  [0m] Reached target Remote File Systems (Pre).
[[0;32m  OK  [0m] Reached target Remote File Systems.
         Starting LSB: automatic crash report generation...
         
[   26.625612] cloud-initStarting LSB: Set the CPU Frequency Scaling governor to "ondemand"...
[969]:          The key's randomart image is:Starting Permit User Sessions...

         Starting LSB: daemon to balance interrupts for SMP systems...
[[0;32m  OK  [0m] Started Permit User Sessions.
         Starting Hold until boot process finishes up...
         Starting Terminate Plymouth Boot Screen...
[[0;32m  OK  [0m] Started Hold until boot process finishes up.
         Starting Set console scheme...
[[0;32m  OK  [0m] Started Serial Getty on ttyS0.
[[0;32m  OK  [0m] Started Getty on tty1.
[[0;32m  OK  [0m[   26.649939] cloud-init] Reached target Login Prompts.
[[0;32m  OK  [0m] Started Terminate Plymouth Boot Screen.[969]: +---[ECDSA 256]---+
[[0;32m  OK  [0m
] Started Set console scheme.
[[0;32m  OK  [0m] Started Authenticate and Authorize Users to Run Privileged Tasks.
[[0;32m  OK  [0m] Started Accounts Service.
[[0;32m  OK  [0m] Started LSB: Set the CPU Frequency Scaling governor to "ondemand".
[   26.805090] cloud-init[969]: |   .o.oo=+o+==O+ |
[   26.848360] cloud-init[969]: |  oo.o+.oB=+.=.  |
[   26.857509] cloud-init[969]: | oo..=.+.+o+=    |
[   26.875969] cloud-init[969]: |. .o. = = ....   |
[[0;32m  OK  [0m] Started LXD - container startup/shutdown.
[   26.898825] cloud-init[969]: | . .E. +S.  .    |
[[0;32m  OK  [0m] Started LSB: automatic crash report generation.
[   26.911082] [[0;32m  OK  [0m] Started LSB: daemon to balance interrupts for SMP systems.
cloud-init[969]: |    .   .. .     |
[   26.932302] cloud-init[969]: |          .      |
[   26.959051] cloud-init[969]: |                 |
[   26.967817] cloud-init[969]: |                 |
[   26.983717] cloud-init[969]: +----[SHA256]-----+
[   26.993228] cloud-init[969]: Generating public/private ed25519 key pair.
[   27.003277] cloud-init[969]: Your identification has been saved in /etc/ssh/ssh_host_ed25519_key.
[[0;32m  OK  [0m] Started Virtualbox guest utils.
[   27.029201] cloud-init[969]: Your public key has been saved in /etc/ssh/ssh_host_ed25519_key.pub.
[   27.055265] cloud-init[969]: The key fingerprint is:
[   27.075577] cloud-init[969]: SHA256:2LZddVkShsQfpHgDHwghuSJudRUkQXqb4LbjuImkNSI root@ubuntu-xenial
[   27.089372] cloud-init[969]: The key's randomart image is:
[   27.105331] cloud-init[969]: +--[ED25519 256]--+
[   27.118007] cloud-init[969]: |     .=+=+.+oo=..|
[   27.134131] cloud-init[969]: |     ..o. .+o+..o|
[   27.150658] cloud-init[969]: |    o .o  . =..o.|
[   27.179492] cloud-init[969]: |  ..ooo=   . o.. |
[   27.194455] cloud-init[969]: | . ooo+ S   .    |
[   27.223118] cloud-init[969]: |  o. . . o .     |
[   27.234006] cloud-init[969]: |Eoo o   . .      |
[   27.244377] cloud-init[969]: |++ = .           |
[[0;32m  OK  [0m] Started Pollinate to seed the pseudo random number generator.
[   27.260434] cloud-init[969]: |o +..            |
[   27.275265] cloud-init[969]: +----[SHA256]-----+
         Starting OpenBSD Secure Shell server...
[[0;32m  OK  [0m] Started OpenBSD Secure Shell server.
[[0;32m  OK  [0m] Started Snap Daemon.
         Starting Wait until snapd is fully seeded...
[[0;32m  OK  [0m] Started Wait until snapd is fully seeded.
         Starting Apply the settings specified in cloud-config...
[[0;32m  OK  [0m] Reached target Multi-User System.
[[0;32m  OK  [0m] Reached target Graphical Interface.
         Starting Update UTMP about System Runlevel Changes...
[[0;32m  OK  [0m] Started Update UTMP about System Runlevel Changes.
[   29.450533] cloud-init[1326]: Generating locales (this might take a while)...
[[0;32m  OK  [0m] Created slice User Slice of vagrant.
         Starting User Manager for UID 1000...
[[0;32m  OK  [0m] Started Session 1 of user vagrant.
[[0;32m  OK  [0m] Started User Manager for UID 1000.
[   31.013010] cloud-init[1326]:   en_US.UTF-8... done
[   31.025042] cloud-init[1326]: Generation complete.
[   31.707342] cloud-init[1326]: Cloud-init v. 21.1-19-gbad84ad4-0ubuntu1~16.04.1 running 'modules:config' at Sun, 23 May 2021 12:42:04 +0000. Up 29.24 seconds.

Ubuntu 16.04.7 LTS ubuntu-xenial ttyS0

ubuntu-xenial login: ci-info: no authorized SSH keys fingerprints found for user ubuntu.
<14>May 23 12:42:08 ec2: 
<14>May 23 12:42:08 ec2: #############################################################
<14>May 23 12:42:08 ec2: -----BEGIN SSH HOST KEY FINGERPRINTS-----
<14>May 23 12:42:08 ec2: 1024 SHA256:CGQHS36g68I2vJ8E+L/8aXmlca0R/rWBi/+ZnpZ41qQ root@ubuntu-xenial (DSA)
<14>May 23 12:42:08 ec2: 256 SHA256:X8QV0hFk4IMkG10l4KBU/QjApnT+gVctqJ2iIGU1evg root@ubuntu-xenial (ECDSA)
<14>May 23 12:42:08 ec2: 256 SHA256:2LZddVkShsQfpHgDHwghuSJudRUkQXqb4LbjuImkNSI root@ubuntu-xenial (ED25519)
<14>May 23 12:42:08 ec2: 2048 SHA256:lXTnRxGP8n077FKWhnLhIzxithhbWb0DwqdLk1L4a6A root@ubuntu-xenial (RSA)
<14>May 23 12:42:08 ec2: -----END SSH HOST KEY FINGERPRINTS-----
<14>May 23 12:42:08 ec2: #############################################################
-----BEGIN SSH HOST KEY KEYS-----
ecdsa-sha2-nistp256 AAAAE2VjZHNhLXNoYTItbmlzdHAyNTYAAAAIbmlzdHAyNTYAAABBBJJPJbWDtWqYoDMlYpYKeaMfo7I2BMHd4aCaZpjewOf6xB7cPu3nBaXru1+2IKkP1VZwtU4xB9DAk9TC++0grkE= root@ubuntu-xenial
ssh-ed25519 AAAAC3NzaC1lZDI1NTE5AAAAIC1BoJWlTu/W0fSVTp24YroI0t2aRkan5sybkwPLBunm root@ubuntu-xenial
ssh-rsa AAAAB3NzaC1yc2EAAAADAQABAAABAQDIpK3Uj24WhVLagfw98eWTrOx06kFe4S3CRxevZLn5EY6CfiIogOLrzIRXpFr1Id4OBOzx8UDsCiJbJZypPvtUIJPnqXx4/VJtzF4HpgQt9IJe1yTnHj3Xy08QY+hcM+5lbmmTWt4FVTQyUhWsirIy3Z7iviVXtCLqkg5TN7ey+oQbvz6YZ0JuTffBz27t1nvSp4kTg3EIKfsLDbKJmd2fig+2X90Pl4zDtZzNftJjUl/BWDWPkuIOTChNsmHq/LRG1FQ0BtLEzWaJ0jWcgj3XvpBo1ZQVV2eABFHcdaLCiloxyltgHCnKmKb6frFuNIjbvv0Gld2S9IjAEsUJXk3x root@ubuntu-xenial
-----END SSH HOST KEY KEYS-----
[   33.304429] cloud-init[1442]: Cloud-init v. 21.1-19-gbad84ad4-0ubuntu1~16.04.1 running 'modules:final' at Sun, 23 May 2021 12:42:07 +0000. Up 32.64 seconds.
[   33.304612] cloud-init[1442]: ci-info: no authorized SSH keys fingerprints found for user ubuntu.
[   33.307350] cloud-init[1442]: Cloud-init v. 21.1-19-gbad84ad4-0ubuntu1~16.04.1 finished at Sun, 23 May 2021 12:42:08 +0000. Datasource DataSourceNoCloud [seed=/dev/sdb][dsmode=net].  Up 33.20 seconds
